2025-07-26 05:11:56,093 - INFO - Data collection configured for period: 2015-01-01 to 2025-07-26
2025-07-26 05:11:56,170 - INFO - Loaded 98 tickers from sector mapping
2025-07-26 05:11:56,234 - INFO - Loaded existing data for AAPL
2025-07-26 05:11:56,249 - INFO - Validated AAPL data: 2651 rows
2025-07-26 05:11:56,317 - INFO - Loaded existing data for MSFT
2025-07-26 05:11:56,335 - INFO - Validated MSFT data: 2651 rows
2025-07-26 05:11:56,399 - INFO - Loaded existing data for AMZN
2025-07-26 05:11:56,412 - INFO - Validated AMZN data: 2651 rows
2025-07-26 05:11:56,483 - INFO - Loaded existing data for NVDA
2025-07-26 05:11:56,521 - WARNING - NVDA data quality issues:
2025-07-26 05:11:56,523 - WARNING - - 376 potential outliers in Open prices
2025-07-26 05:11:56,526 - WARNING - NVDA data quality issues:
2025-07-26 05:11:56,528 - WARNING - - 375 potential outliers in High prices
2025-07-26 05:11:56,531 - WARNING - NVDA data quality issues:
2025-07-26 05:11:56,532 - WARNING - - 376 potential outliers in Low prices
2025-07-26 05:11:56,534 - WARNING - NVDA data quality issues:
2025-07-26 05:11:56,537 - WARNING - - 376 potential outliers in Close prices
2025-07-26 05:11:56,551 - INFO - Applied outlier handling for NVDA
2025-07-26 05:11:56,622 - INFO - Loaded existing data for META
2025-07-26 05:11:56,637 - WARNING - META data quality issues:
2025-07-26 05:11:56,639 - WARNING - - 191 potential outliers in Open prices
2025-07-26 05:11:56,642 - WARNING - META data quality issues:
2025-07-26 05:11:56,643 - WARNING - - 192 potential outliers in High prices
2025-07-26 05:11:56,645 - WARNING - META data quality issues:
2025-07-26 05:11:56,646 - WARNING - - 190 potential outliers in Low prices
2025-07-26 05:11:56,659 - WARNING - META data quality issues:
2025-07-26 05:11:56,661 - WARNING - - 190 potential outliers in Close prices
2025-07-26 05:11:56,674 - INFO - Applied outlier handling for META
2025-07-26 05:11:56,747 - INFO - Loaded existing data for GOOGL
2025-07-26 05:11:56,762 - INFO - Validated GOOGL data: 2651 rows
2025-07-26 05:11:56,825 - INFO - Loaded existing data for GOOG
2025-07-26 05:11:56,847 - INFO - Validated GOOG data: 2651 rows
2025-07-26 05:11:56,919 - INFO - Loaded existing data for TSLA
2025-07-26 05:11:56,934 - INFO - Validated TSLA data: 2651 rows
2025-07-26 05:11:57,009 - INFO - Loaded existing data for AVGO
2025-07-26 05:11:57,026 - WARNING - AVGO data quality issues:
2025-07-26 05:11:57,028 - WARNING - - 375 potential outliers in Open prices
2025-07-26 05:11:57,029 - WARNING - AVGO data quality issues:
2025-07-26 05:11:57,031 - WARNING - - 375 potential outliers in High prices
2025-07-26 05:11:57,033 - WARNING - AVGO data quality issues:
2025-07-26 05:11:57,035 - WARNING - - 376 potential outliers in Low prices
2025-07-26 05:11:57,036 - WARNING - AVGO data quality issues:
2025-07-26 05:11:57,037 - WARNING - - 375 potential outliers in Close prices
2025-07-26 05:11:57,050 - INFO - Applied outlier handling for AVGO
2025-07-26 05:11:57,117 - INFO - Loaded existing data for PEP
2025-07-26 05:11:57,130 - INFO - Validated PEP data: 2651 rows
2025-07-26 05:11:57,197 - INFO - Loaded existing data for COST
2025-07-26 05:11:57,209 - WARNING - COST data quality issues:
2025-07-26 05:11:57,210 - WARNING - - 26 potential outliers in Open prices
2025-07-26 05:11:57,212 - WARNING - COST data quality issues:
2025-07-26 05:11:57,213 - WARNING - - 26 potential outliers in High prices
2025-07-26 05:11:57,214 - WARNING - COST data quality issues:
2025-07-26 05:11:57,216 - WARNING - - 26 potential outliers in Low prices
2025-07-26 05:11:57,216 - WARNING - COST data quality issues:
2025-07-26 05:11:57,218 - WARNING - - 25 potential outliers in Close prices
2025-07-26 05:11:57,228 - INFO - Applied outlier handling for COST
2025-07-26 05:11:57,301 - INFO - Loaded existing data for CSCO
2025-07-26 05:11:57,314 - WARNING - CSCO data quality issues:
2025-07-26 05:11:57,315 - WARNING - - Found 1 invalid price relationships
2025-07-26 05:11:57,393 - INFO - Loaded existing data for TMUS
2025-07-26 05:11:57,407 - WARNING - TMUS data quality issues:
2025-07-26 05:11:57,408 - WARNING - - 40 potential outliers in Open prices
2025-07-26 05:11:57,409 - WARNING - TMUS data quality issues:
2025-07-26 05:11:57,411 - WARNING - - 47 potential outliers in High prices
2025-07-26 05:11:57,412 - WARNING - TMUS data quality issues:
2025-07-26 05:11:57,413 - WARNING - - 40 potential outliers in Low prices
2025-07-26 05:11:57,415 - WARNING - TMUS data quality issues:
2025-07-26 05:11:57,416 - WARNING - - 47 potential outliers in Close prices
2025-07-26 05:11:57,427 - INFO - Applied outlier handling for TMUS
2025-07-26 05:11:57,502 - INFO - Loaded existing data for ADBE
2025-07-26 05:11:57,513 - INFO - Validated ADBE data: 2651 rows
2025-07-26 05:11:57,589 - INFO - Loaded existing data for NFLX
2025-07-26 05:11:57,604 - WARNING - NFLX data quality issues:
2025-07-26 05:11:57,606 - WARNING - - 76 potential outliers in Open prices
2025-07-26 05:11:57,607 - WARNING - NFLX data quality issues:
2025-07-26 05:11:57,611 - WARNING - - 80 potential outliers in High prices
2025-07-26 05:11:57,612 - WARNING - NFLX data quality issues:
2025-07-26 05:11:57,614 - WARNING - - 75 potential outliers in Low prices
2025-07-26 05:11:57,616 - WARNING - NFLX data quality issues:
2025-07-26 05:11:57,617 - WARNING - - 77 potential outliers in Close prices
2025-07-26 05:11:57,627 - INFO - Applied outlier handling for NFLX
2025-07-26 05:11:57,702 - INFO - Loaded existing data for CMCSA
2025-07-26 05:11:57,715 - WARNING - CMCSA data quality issues:
2025-07-26 05:11:57,716 - WARNING - - 3 potential outliers in Open prices
2025-07-26 05:11:57,717 - WARNING - CMCSA data quality issues:
2025-07-26 05:11:57,718 - WARNING - - 4 potential outliers in High prices
2025-07-26 05:11:57,719 - WARNING - CMCSA data quality issues:
2025-07-26 05:11:57,721 - WARNING - - 3 potential outliers in Low prices
2025-07-26 05:11:57,722 - WARNING - CMCSA data quality issues:
2025-07-26 05:11:57,724 - WARNING - - 3 potential outliers in Close prices
2025-07-26 05:11:57,735 - INFO - Applied outlier handling for CMCSA
2025-07-26 05:11:57,799 - INFO - Loaded existing data for AMD
2025-07-26 05:11:57,812 - WARNING - AMD data quality issues:
2025-07-26 05:11:57,813 - WARNING - - Found 1 extreme price changes
2025-07-26 05:11:57,880 - INFO - Loaded existing data for TXN
2025-07-26 05:11:57,948 - INFO - Validated TXN data: 2651 rows
2025-07-26 05:11:58,036 - INFO - Loaded existing data for INTC
2025-07-26 05:11:58,049 - INFO - Validated INTC data: 2651 rows
2025-07-26 05:11:58,120 - INFO - Loaded existing data for QCOM
2025-07-26 05:11:58,133 - INFO - Validated QCOM data: 2651 rows
2025-07-26 05:11:58,261 - INFO - Loaded existing data for INTU
2025-07-26 05:11:58,313 - INFO - Validated INTU data: 2651 rows
2025-07-26 05:11:58,437 - INFO - Loaded existing data for AMGN
2025-07-26 05:11:58,451 - INFO - Validated AMGN data: 2651 rows
2025-07-26 05:11:58,525 - INFO - Loaded existing data for HON
2025-07-26 05:11:58,539 - INFO - Validated HON data: 2651 rows
2025-07-26 05:11:58,632 - INFO - Loaded existing data for AMAT
2025-07-26 05:11:58,657 - INFO - Validated AMAT data: 2651 rows
2025-07-26 05:11:58,741 - INFO - Loaded existing data for ISRG
2025-07-26 05:11:58,755 - WARNING - ISRG data quality issues:
2025-07-26 05:11:58,757 - WARNING - - 18 potential outliers in Open prices
2025-07-26 05:11:58,759 - WARNING - ISRG data quality issues:
2025-07-26 05:11:58,762 - WARNING - - 16 potential outliers in High prices
2025-07-26 05:11:58,765 - WARNING - ISRG data quality issues:
2025-07-26 05:11:58,767 - WARNING - - 18 potential outliers in Low prices
2025-07-26 05:11:58,768 - WARNING - ISRG data quality issues:
2025-07-26 05:11:58,771 - WARNING - - 19 potential outliers in Close prices
2025-07-26 05:11:58,783 - INFO - Applied outlier handling for ISRG
2025-07-26 05:11:58,850 - INFO - Loaded existing data for SBUX
2025-07-26 05:11:58,865 - INFO - Validated SBUX data: 2651 rows
2025-07-26 05:11:58,937 - INFO - Loaded existing data for ADP
2025-07-26 05:11:58,951 - INFO - Validated ADP data: 2651 rows
2025-07-26 05:11:59,016 - INFO - Loaded existing data for MDLZ
2025-07-26 05:11:59,030 - INFO - Validated MDLZ data: 2651 rows
2025-07-26 05:11:59,101 - INFO - Loaded existing data for ADI
2025-07-26 05:11:59,119 - INFO - Validated ADI data: 2651 rows
2025-07-26 05:11:59,195 - INFO - Loaded existing data for BKNG
2025-07-26 05:11:59,207 - WARNING - BKNG data quality issues:
2025-07-26 05:11:59,208 - WARNING - - 331 potential outliers in Open prices
2025-07-26 05:11:59,209 - WARNING - BKNG data quality issues:
2025-07-26 05:11:59,210 - WARNING - - 326 potential outliers in High prices
2025-07-26 05:11:59,212 - WARNING - BKNG data quality issues:
2025-07-26 05:11:59,213 - WARNING - - 317 potential outliers in Low prices
2025-07-26 05:11:59,214 - WARNING - BKNG data quality issues:
2025-07-26 05:11:59,216 - WARNING - - 322 potential outliers in Close prices
2025-07-26 05:11:59,226 - INFO - Applied outlier handling for BKNG
2025-07-26 05:11:59,299 - INFO - Loaded existing data for GILD
2025-07-26 05:11:59,315 - WARNING - GILD data quality issues:
2025-07-26 05:11:59,316 - WARNING - - 102 potential outliers in Open prices
2025-07-26 05:11:59,317 - WARNING - GILD data quality issues:
2025-07-26 05:11:59,320 - WARNING - - 104 potential outliers in High prices
2025-07-26 05:11:59,321 - WARNING - GILD data quality issues:
2025-07-26 05:11:59,322 - WARNING - - 99 potential outliers in Low prices
2025-07-26 05:11:59,324 - WARNING - GILD data quality issues:
2025-07-26 05:11:59,328 - WARNING - - 103 potential outliers in Close prices
2025-07-26 05:11:59,329 - WARNING - GILD data quality issues:
2025-07-26 05:11:59,330 - WARNING - - Found 1 invalid price relationships
2025-07-26 05:11:59,347 - INFO - Applied outlier handling for GILD
2025-07-26 05:11:59,427 - INFO - Loaded existing data for REGN
2025-07-26 05:11:59,450 - WARNING - REGN data quality issues:
2025-07-26 05:11:59,451 - WARNING - - 31 potential outliers in Open prices
2025-07-26 05:11:59,452 - WARNING - REGN data quality issues:
2025-07-26 05:11:59,454 - WARNING - - 31 potential outliers in High prices
2025-07-26 05:11:59,455 - WARNING - REGN data quality issues:
2025-07-26 05:11:59,456 - WARNING - - 30 potential outliers in Low prices
2025-07-26 05:11:59,460 - WARNING - REGN data quality issues:
2025-07-26 05:11:59,461 - WARNING - - 32 potential outliers in Close prices
2025-07-26 05:11:59,471 - INFO - Applied outlier handling for REGN
2025-07-26 05:11:59,542 - INFO - Loaded existing data for VRTX
2025-07-26 05:11:59,563 - INFO - Validated VRTX data: 2651 rows
2025-07-26 05:11:59,643 - INFO - Loaded existing data for PANW
2025-07-26 05:11:59,655 - WARNING - PANW data quality issues:
2025-07-26 05:11:59,657 - WARNING - - 112 potential outliers in Open prices
2025-07-26 05:11:59,659 - WARNING - PANW data quality issues:
2025-07-26 05:11:59,661 - WARNING - - 102 potential outliers in High prices
2025-07-26 05:11:59,662 - WARNING - PANW data quality issues:
2025-07-26 05:11:59,664 - WARNING - - 128 potential outliers in Low prices
2025-07-26 05:11:59,665 - WARNING - PANW data quality issues:
2025-07-26 05:11:59,666 - WARNING - - 111 potential outliers in Close prices
2025-07-26 05:11:59,677 - INFO - Applied outlier handling for PANW
2025-07-26 05:11:59,743 - INFO - Loaded existing data for SNPS
2025-07-26 05:11:59,758 - INFO - Validated SNPS data: 2651 rows
2025-07-26 05:11:59,818 - INFO - Loaded existing data for CDNS
2025-07-26 05:11:59,830 - INFO - Validated CDNS data: 2651 rows
2025-07-26 05:11:59,896 - INFO - Loaded existing data for KLAC
2025-07-26 05:11:59,917 - WARNING - KLAC data quality issues:
2025-07-26 05:11:59,920 - WARNING - - 47 potential outliers in Open prices
2025-07-26 05:11:59,922 - WARNING - KLAC data quality issues:
2025-07-26 05:11:59,923 - WARNING - - 50 potential outliers in High prices
2025-07-26 05:11:59,928 - WARNING - KLAC data quality issues:
2025-07-26 05:11:59,930 - WARNING - - 49 potential outliers in Low prices
2025-07-26 05:11:59,932 - WARNING - KLAC data quality issues:
2025-07-26 05:11:59,933 - WARNING - - 53 potential outliers in Close prices
2025-07-26 05:11:59,934 - WARNING - KLAC data quality issues:
2025-07-26 05:11:59,936 - WARNING - - Found 1 invalid price relationships
2025-07-26 05:11:59,948 - INFO - Applied outlier handling for KLAC
2025-07-26 05:12:00,021 - INFO - Loaded existing data for MELI
2025-07-26 05:12:00,046 - INFO - Validated MELI data: 2651 rows
2025-07-26 05:12:00,126 - INFO - Loaded existing data for LRCX
2025-07-26 05:12:00,140 - INFO - Validated LRCX data: 2651 rows
2025-07-26 05:12:00,211 - INFO - Loaded existing data for MU
2025-07-26 05:12:00,227 - WARNING - MU data quality issues:
2025-07-26 05:12:00,229 - WARNING - - 12 potential outliers in Open prices
2025-07-26 05:12:00,230 - WARNING - MU data quality issues:
2025-07-26 05:12:00,231 - WARNING - - 10 potential outliers in High prices
2025-07-26 05:12:00,232 - WARNING - MU data quality issues:
2025-07-26 05:12:00,233 - WARNING - - 10 potential outliers in Low prices
2025-07-26 05:12:00,234 - WARNING - MU data quality issues:
2025-07-26 05:12:00,235 - WARNING - - 12 potential outliers in Close prices
2025-07-26 05:12:00,246 - INFO - Applied outlier handling for MU
2025-07-26 05:12:00,317 - INFO - Loaded existing data for ASML
2025-07-26 05:12:00,332 - INFO - Validated ASML data: 2651 rows
2025-07-26 05:12:00,402 - INFO - Loaded existing data for CHTR
2025-07-26 05:12:00,416 - WARNING - CHTR data quality issues:
2025-07-26 05:12:00,418 - WARNING - - 78 potential outliers in Open prices
2025-07-26 05:12:00,418 - WARNING - CHTR data quality issues:
2025-07-26 05:12:00,420 - WARNING - - 70 potential outliers in High prices
2025-07-26 05:12:00,421 - WARNING - CHTR data quality issues:
2025-07-26 05:12:00,422 - WARNING - - 85 potential outliers in Low prices
2025-07-26 05:12:00,424 - WARNING - CHTR data quality issues:
2025-07-26 05:12:00,425 - WARNING - - 75 potential outliers in Close prices
2025-07-26 05:12:00,440 - INFO - Applied outlier handling for CHTR
2025-07-26 05:12:00,514 - INFO - Loaded existing data for MAR
2025-07-26 05:12:00,537 - WARNING - MAR data quality issues:
2025-07-26 05:12:00,540 - WARNING - - 83 potential outliers in Open prices
2025-07-26 05:12:00,542 - WARNING - MAR data quality issues:
2025-07-26 05:12:00,545 - WARNING - - 76 potential outliers in High prices
2025-07-26 05:12:00,546 - WARNING - MAR data quality issues:
2025-07-26 05:12:00,549 - WARNING - - 89 potential outliers in Low prices
2025-07-26 05:12:00,552 - WARNING - MAR data quality issues:
2025-07-26 05:12:00,553 - WARNING - - 92 potential outliers in Close prices
2025-07-26 05:12:00,570 - INFO - Applied outlier handling for MAR
2025-07-26 05:12:00,655 - INFO - Loaded existing data for ORLY
2025-07-26 05:12:00,670 - INFO - Validated ORLY data: 2651 rows
2025-07-26 05:12:00,743 - INFO - Loaded existing data for MNST
2025-07-26 05:12:00,755 - INFO - Validated MNST data: 2651 rows
2025-07-26 05:12:00,832 - INFO - Loaded existing data for FTNT
2025-07-26 05:12:00,850 - INFO - Validated FTNT data: 2651 rows
2025-07-26 05:12:00,944 - INFO - Loaded existing data for CTAS
2025-07-26 05:12:00,955 - WARNING - CTAS data quality issues:
2025-07-26 05:12:00,956 - WARNING - - 32 potential outliers in Open prices
2025-07-26 05:12:00,957 - WARNING - CTAS data quality issues:
2025-07-26 05:12:00,958 - WARNING - - 25 potential outliers in High prices
2025-07-26 05:12:00,960 - WARNING - CTAS data quality issues:
2025-07-26 05:12:00,961 - WARNING - - 34 potential outliers in Low prices
2025-07-26 05:12:00,962 - WARNING - CTAS data quality issues:
2025-07-26 05:12:00,963 - WARNING - - 35 potential outliers in Close prices
2025-07-26 05:12:00,972 - INFO - Applied outlier handling for CTAS
2025-07-26 05:12:01,038 - INFO - Loaded existing data for PAYX
2025-07-26 05:12:01,056 - INFO - Validated PAYX data: 2651 rows
2025-07-26 05:12:01,154 - INFO - Loaded existing data for MRVL
2025-07-26 05:12:01,168 - WARNING - MRVL data quality issues:
2025-07-26 05:12:01,169 - WARNING - - 12 potential outliers in Open prices
2025-07-26 05:12:01,170 - WARNING - MRVL data quality issues:
2025-07-26 05:12:01,172 - WARNING - - 10 potential outliers in High prices
2025-07-26 05:12:01,172 - WARNING - MRVL data quality issues:
2025-07-26 05:12:01,175 - WARNING - - 7 potential outliers in Low prices
2025-07-26 05:12:01,177 - WARNING - MRVL data quality issues:
2025-07-26 05:12:01,179 - WARNING - - 9 potential outliers in Close prices
2025-07-26 05:12:01,189 - INFO - Applied outlier handling for MRVL
2025-07-26 05:12:01,247 - INFO - Loaded existing data for ABNB
2025-07-26 05:12:01,259 - WARNING - ABNB data quality issues:
2025-07-26 05:12:01,261 - WARNING - - 10 potential outliers in Open prices
2025-07-26 05:12:01,262 - WARNING - ABNB data quality issues:
2025-07-26 05:12:01,263 - WARNING - - 11 potential outliers in High prices
2025-07-26 05:12:01,264 - WARNING - ABNB data quality issues:
2025-07-26 05:12:01,265 - WARNING - - 7 potential outliers in Low prices
2025-07-26 05:12:01,267 - WARNING - ABNB data quality issues:
2025-07-26 05:12:01,268 - WARNING - - 10 potential outliers in Close prices
2025-07-26 05:12:01,277 - INFO - Applied outlier handling for ABNB
2025-07-26 05:12:01,321 - INFO - Loaded existing data for ADSK
2025-07-26 05:12:01,335 - INFO - Validated ADSK data: 2651 rows
2025-07-26 05:12:01,403 - INFO - Loaded existing data for ODFL
2025-07-26 05:12:01,416 - INFO - Validated ODFL data: 2651 rows
2025-07-26 05:12:01,481 - INFO - Loaded existing data for IDXX
2025-07-26 05:12:01,495 - INFO - Validated IDXX data: 2651 rows
2025-07-26 05:12:01,564 - INFO - Loaded existing data for BIIB
2025-07-26 05:12:01,577 - WARNING - BIIB data quality issues:
2025-07-26 05:12:01,578 - WARNING - - 88 potential outliers in Open prices
2025-07-26 05:12:01,579 - WARNING - BIIB data quality issues:
2025-07-26 05:12:01,581 - WARNING - - 84 potential outliers in High prices
2025-07-26 05:12:01,583 - WARNING - BIIB data quality issues:
2025-07-26 05:12:01,585 - WARNING - - 98 potential outliers in Low prices
2025-07-26 05:12:01,585 - WARNING - BIIB data quality issues:
2025-07-26 05:12:01,586 - WARNING - - 91 potential outliers in Close prices
2025-07-26 05:12:01,598 - INFO - Applied outlier handling for BIIB
2025-07-26 05:12:01,670 - INFO - Loaded existing data for KDP
2025-07-26 05:12:01,689 - INFO - Validated KDP data: 2651 rows
2025-07-26 05:12:01,756 - INFO - Loaded existing data for KHC
2025-07-26 05:12:01,769 - INFO - Validated KHC data: 2525 rows
2025-07-26 05:12:01,832 - INFO - Loaded existing data for DXCM
2025-07-26 05:12:01,845 - INFO - Validated DXCM data: 2651 rows
2025-07-26 05:12:01,910 - INFO - Loaded existing data for NXPI
2025-07-26 05:12:01,921 - INFO - Validated NXPI data: 2651 rows
2025-07-26 05:12:01,995 - INFO - Loaded existing data for MCHP
2025-07-26 05:12:02,007 - INFO - Validated MCHP data: 2651 rows
2025-07-26 05:12:02,204 - INFO - Loaded existing data for WDAY
2025-07-26 05:12:02,222 - INFO - Validated WDAY data: 2651 rows
2025-07-26 05:12:02,302 - INFO - Loaded existing data for PCAR
2025-07-26 05:12:02,319 - WARNING - PCAR data quality issues:
2025-07-26 05:12:02,320 - WARNING - - 172 potential outliers in Open prices
2025-07-26 05:12:02,321 - WARNING - PCAR data quality issues:
2025-07-26 05:12:02,322 - WARNING - - 163 potential outliers in High prices
2025-07-26 05:12:02,323 - WARNING - PCAR data quality issues:
2025-07-26 05:12:02,325 - WARNING - - 164 potential outliers in Low prices
2025-07-26 05:12:02,326 - WARNING - PCAR data quality issues:
2025-07-26 05:12:02,327 - WARNING - - 170 potential outliers in Close prices
2025-07-26 05:12:02,337 - INFO - Applied outlier handling for PCAR
2025-07-26 05:12:02,399 - INFO - Loaded existing data for ROST
2025-07-26 05:12:02,413 - INFO - Validated ROST data: 2651 rows
2025-07-26 05:12:02,477 - INFO - Loaded existing data for CPRT
2025-07-26 05:12:02,488 - INFO - Validated CPRT data: 2651 rows
2025-07-26 05:12:02,577 - INFO - Loaded existing data for SIRI
2025-07-26 05:12:02,592 - INFO - Validated SIRI data: 2651 rows
2025-07-26 05:12:02,687 - INFO - Loaded existing data for EXC
2025-07-26 05:12:02,704 - INFO - Validated EXC data: 2651 rows
2025-07-26 05:12:02,777 - INFO - Loaded existing data for AEP
2025-07-26 05:12:02,787 - INFO - Validated AEP data: 2651 rows
2025-07-26 05:12:02,879 - INFO - Loaded existing data for VRSK
2025-07-26 05:12:02,900 - INFO - Validated VRSK data: 2651 rows
2025-07-26 05:12:02,981 - INFO - Loaded existing data for FAST
2025-07-26 05:12:02,996 - WARNING - FAST data quality issues:
2025-07-26 05:12:02,998 - WARNING - - Found 2 invalid price relationships
2025-07-26 05:12:03,054 - INFO - Loaded existing data for DDOG
2025-07-26 05:12:03,068 - WARNING - DDOG data quality issues:
2025-07-26 05:12:03,069 - WARNING - - 13 potential outliers in Open prices
2025-07-26 05:12:03,069 - WARNING - DDOG data quality issues:
2025-07-26 05:12:03,071 - WARNING - - 15 potential outliers in High prices
2025-07-26 05:12:03,072 - WARNING - DDOG data quality issues:
2025-07-26 05:12:03,074 - WARNING - - 10 potential outliers in Low prices
2025-07-26 05:12:03,074 - WARNING - DDOG data quality issues:
2025-07-26 05:12:03,077 - WARNING - - 11 potential outliers in Close prices
2025-07-26 05:12:03,090 - INFO - Applied outlier handling for DDOG
2025-07-26 05:12:03,141 - INFO - Loaded existing data for ANSS
2025-07-26 05:12:03,153 - WARNING - ANSS data quality issues:
2025-07-26 05:12:03,156 - WARNING - - Found 1 invalid price relationships
2025-07-26 05:12:03,225 - INFO - Loaded existing data for DLTR
2025-07-26 05:12:03,239 - WARNING - DLTR data quality issues:
2025-07-26 05:12:03,240 - WARNING - - 51 potential outliers in Open prices
2025-07-26 05:12:03,242 - WARNING - DLTR data quality issues:
2025-07-26 05:12:03,244 - WARNING - - 52 potential outliers in High prices
2025-07-26 05:12:03,245 - WARNING - DLTR data quality issues:
2025-07-26 05:12:03,247 - WARNING - - 47 potential outliers in Low prices
2025-07-26 05:12:03,249 - WARNING - DLTR data quality issues:
2025-07-26 05:12:03,249 - WARNING - - 55 potential outliers in Close prices
2025-07-26 05:12:03,261 - INFO - Applied outlier handling for DLTR
2025-07-26 05:12:03,327 - INFO - Loaded existing data for CTSH
2025-07-26 05:12:03,343 - INFO - Validated CTSH data: 2651 rows
2025-07-26 05:12:03,410 - INFO - Loaded existing data for WBD
2025-07-26 05:12:03,424 - WARNING - WBD data quality issues:
2025-07-26 05:12:03,426 - WARNING - - 24 potential outliers in Open prices
2025-07-26 05:12:03,427 - WARNING - WBD data quality issues:
2025-07-26 05:12:03,429 - WARNING - - 25 potential outliers in High prices
2025-07-26 05:12:03,430 - WARNING - WBD data quality issues:
2025-07-26 05:12:03,431 - WARNING - - 23 potential outliers in Low prices
2025-07-26 05:12:03,432 - WARNING - WBD data quality issues:
2025-07-26 05:12:03,434 - WARNING - - 24 potential outliers in Close prices
2025-07-26 05:12:03,447 - INFO - Applied outlier handling for WBD
2025-07-26 05:12:03,544 - INFO - Loaded existing data for FANG
2025-07-26 05:12:03,566 - WARNING - FANG data quality issues:
2025-07-26 05:12:03,566 - WARNING - - 1 potential outliers in Low prices
2025-07-26 05:12:03,577 - INFO - Applied outlier handling for FANG
2025-07-26 05:12:03,650 - INFO - Loaded existing data for XEL
2025-07-26 05:12:03,664 - WARNING - XEL data quality issues:
2025-07-26 05:12:03,665 - WARNING - - Found 2 invalid price relationships
2025-07-26 05:12:03,733 - INFO - Loaded existing data for TEAM
2025-07-26 05:12:03,746 - WARNING - TEAM data quality issues:
2025-07-26 05:12:03,747 - WARNING - - 15 potential outliers in Open prices
2025-07-26 05:12:03,749 - WARNING - TEAM data quality issues:
2025-07-26 05:12:03,750 - WARNING - - 16 potential outliers in High prices
2025-07-26 05:12:03,751 - WARNING - TEAM data quality issues:
2025-07-26 05:12:03,753 - WARNING - - 17 potential outliers in Low prices
2025-07-26 05:12:03,754 - WARNING - TEAM data quality issues:
2025-07-26 05:12:03,755 - WARNING - - 16 potential outliers in Close prices
2025-07-26 05:12:03,769 - INFO - Applied outlier handling for TEAM
2025-07-26 05:12:03,834 - INFO - Loaded existing data for ILMN
2025-07-26 05:12:03,852 - WARNING - ILMN data quality issues:
2025-07-26 05:12:03,853 - WARNING - - 1 potential outliers in High prices
2025-07-26 05:12:03,865 - INFO - Applied outlier handling for ILMN
2025-07-26 05:12:03,931 - INFO - Loaded existing data for EA
2025-07-26 05:12:03,944 - INFO - Validated EA data: 2651 rows
2025-07-26 05:12:04,011 - INFO - Loaded existing data for BKR
2025-07-26 05:12:04,023 - WARNING - BKR data quality issues:
2025-07-26 05:12:04,024 - WARNING - - 1 potential outliers in Open prices
2025-07-26 05:12:04,034 - INFO - Applied outlier handling for BKR
2025-07-26 05:12:04,100 - INFO - Loaded existing data for ALGN
2025-07-26 05:12:04,113 - WARNING - ALGN data quality issues:
2025-07-26 05:12:04,114 - WARNING - - 232 potential outliers in Open prices
2025-07-26 05:12:04,115 - WARNING - ALGN data quality issues:
2025-07-26 05:12:04,116 - WARNING - - 230 potential outliers in High prices
2025-07-26 05:12:04,117 - WARNING - ALGN data quality issues:
2025-07-26 05:12:04,118 - WARNING - - 227 potential outliers in Low prices
2025-07-26 05:12:04,118 - WARNING - ALGN data quality issues:
2025-07-26 05:12:04,120 - WARNING - - 226 potential outliers in Close prices
2025-07-26 05:12:04,132 - INFO - Applied outlier handling for ALGN
2025-07-26 05:12:04,211 - INFO - Loaded existing data for EBAY
2025-07-26 05:12:04,225 - INFO - Validated EBAY data: 2651 rows
2025-07-26 05:12:04,296 - INFO - Loaded existing data for ZS
2025-07-26 05:12:04,308 - INFO - Validated ZS data: 1845 rows
2025-07-26 05:12:04,355 - INFO - Loaded existing data for CRWD
2025-07-26 05:12:04,371 - WARNING - CRWD data quality issues:
2025-07-26 05:12:04,372 - WARNING - - 14 potential outliers in Open prices
2025-07-26 05:12:04,373 - WARNING - CRWD data quality issues:
2025-07-26 05:12:04,374 - WARNING - - 18 potential outliers in High prices
2025-07-26 05:12:04,375 - WARNING - CRWD data quality issues:
2025-07-26 05:12:04,376 - WARNING - - 16 potential outliers in Low prices
2025-07-26 05:12:04,378 - WARNING - CRWD data quality issues:
2025-07-26 05:12:04,379 - WARNING - - 16 potential outliers in Close prices
2025-07-26 05:12:04,390 - INFO - Applied outlier handling for CRWD
2025-07-26 05:12:04,456 - INFO - Loaded existing data for PYPL
2025-07-26 05:12:04,474 - WARNING - PYPL data quality issues:
2025-07-26 05:12:04,476 - WARNING - - 370 potential outliers in Open prices
2025-07-26 05:12:04,477 - WARNING - PYPL data quality issues:
2025-07-26 05:12:04,478 - WARNING - - 373 potential outliers in High prices
2025-07-26 05:12:04,480 - WARNING - PYPL data quality issues:
2025-07-26 05:12:04,481 - WARNING - - 367 potential outliers in Low prices
2025-07-26 05:12:04,482 - WARNING - PYPL data quality issues:
2025-07-26 05:12:04,483 - WARNING - - 370 potential outliers in Close prices
2025-07-26 05:12:04,495 - INFO - Applied outlier handling for PYPL
2025-07-26 05:12:04,570 - INFO - Loaded existing data for CSX
2025-07-26 05:12:04,583 - WARNING - CSX data quality issues:
2025-07-26 05:12:04,585 - WARNING - - Found 1 invalid price relationships
2025-07-26 05:12:04,630 - INFO - Downloading data for ATVI (Technology)
2025-07-26 05:12:11,233 - ERROR - $ATVI: possibly delisted; no timezone found
2025-07-26 05:12:11,237 - ERROR - No data downloaded for ATVI
2025-07-26 05:12:11,290 - INFO - Loaded existing data for ZM
2025-07-26 05:12:11,311 - WARNING - ZM data quality issues:
2025-07-26 05:12:11,312 - WARNING - - 153 potential outliers in Open prices
2025-07-26 05:12:11,313 - WARNING - ZM data quality issues:
2025-07-26 05:12:11,314 - WARNING - - 147 potential outliers in High prices
2025-07-26 05:12:11,316 - WARNING - ZM data quality issues:
2025-07-26 05:12:11,318 - WARNING - - 147 potential outliers in Low prices
2025-07-26 05:12:11,319 - WARNING - ZM data quality issues:
2025-07-26 05:12:11,338 - WARNING - - 152 potential outliers in Close prices
2025-07-26 05:12:11,376 - INFO - Applied outlier handling for ZM
2025-07-26 05:12:11,460 - INFO - Loaded existing data for MTCH
2025-07-26 05:12:11,473 - WARNING - MTCH data quality issues:
2025-07-26 05:12:11,476 - WARNING - - 133 potential outliers in Open prices
2025-07-26 05:12:11,478 - WARNING - MTCH data quality issues:
2025-07-26 05:12:11,479 - WARNING - - 125 potential outliers in High prices
2025-07-26 05:12:11,479 - WARNING - MTCH data quality issues:
2025-07-26 05:12:11,481 - WARNING - - 130 potential outliers in Low prices
2025-07-26 05:12:11,482 - WARNING - MTCH data quality issues:
2025-07-26 05:12:11,483 - WARNING - - 131 potential outliers in Close prices
2025-07-26 05:12:11,494 - INFO - Applied outlier handling for MTCH
2025-07-26 05:12:11,573 - INFO - Loaded existing data for ENPH
2025-07-26 05:12:11,592 - WARNING - ENPH data quality issues:
2025-07-26 05:12:11,594 - WARNING - - 3 potential outliers in Open prices
2025-07-26 05:12:11,596 - WARNING - ENPH data quality issues:
2025-07-26 05:12:11,599 - WARNING - - 3 potential outliers in High prices
2025-07-26 05:12:11,601 - WARNING - ENPH data quality issues:
2025-07-26 05:12:11,603 - WARNING - - 3 potential outliers in Low prices
2025-07-26 05:12:11,605 - WARNING - ENPH data quality issues:
2025-07-26 05:12:11,607 - WARNING - - 3 potential outliers in Close prices
2025-07-26 05:12:11,624 - INFO - Applied outlier handling for ENPH
2025-07-26 05:12:11,695 - INFO - Loaded existing data for MRNA
2025-07-26 05:12:11,709 - WARNING - MRNA data quality issues:
2025-07-26 05:12:11,711 - WARNING - - 68 potential outliers in Open prices
2025-07-26 05:12:11,712 - WARNING - MRNA data quality issues:
2025-07-26 05:12:11,713 - WARNING - - 71 potential outliers in High prices
2025-07-26 05:12:11,714 - WARNING - MRNA data quality issues:
2025-07-26 05:12:11,715 - WARNING - - 71 potential outliers in Low prices
2025-07-26 05:12:11,716 - WARNING - MRNA data quality issues:
2025-07-26 05:12:11,717 - WARNING - - 71 potential outliers in Close prices
2025-07-26 05:12:11,731 - INFO - Applied outlier handling for MRNA
2025-07-26 05:12:11,812 - INFO - Loaded existing data for OKTA
2025-07-26 05:12:11,829 - WARNING - OKTA data quality issues:
2025-07-26 05:12:11,831 - WARNING - - 171 potential outliers in Open prices
2025-07-26 05:12:11,833 - WARNING - OKTA data quality issues:
2025-07-26 05:12:11,836 - WARNING - - 175 potential outliers in High prices
2025-07-26 05:12:11,839 - WARNING - OKTA data quality issues:
2025-07-26 05:12:11,841 - WARNING - - 167 potential outliers in Low prices
2025-07-26 05:12:11,843 - WARNING - OKTA data quality issues:
2025-07-26 05:12:11,845 - WARNING - - 169 potential outliers in Close prices
2025-07-26 05:12:11,859 - INFO - Applied outlier handling for OKTA
2025-07-26 05:12:11,924 - INFO - Loaded existing data for DASH
2025-07-26 05:12:11,933 - INFO - Validated DASH data: 1156 rows
2025-07-26 05:12:11,983 - INFO - Loaded existing data for ROKU
2025-07-26 05:12:11,996 - WARNING - ROKU data quality issues:
2025-07-26 05:12:11,998 - WARNING - - 251 potential outliers in Open prices
2025-07-26 05:12:11,999 - WARNING - ROKU data quality issues:
2025-07-26 05:12:11,999 - WARNING - - 254 potential outliers in High prices
2025-07-26 05:12:12,002 - WARNING - ROKU data quality issues:
2025-07-26 05:12:12,003 - WARNING - - 250 potential outliers in Low prices
2025-07-26 05:12:12,004 - WARNING - ROKU data quality issues:
2025-07-26 05:12:12,006 - WARNING - - 252 potential outliers in Close prices
2025-07-26 05:12:12,007 - WARNING - ROKU data quality issues:
2025-07-26 05:12:12,009 - WARNING - - Found 1 extreme price changes
2025-07-26 05:12:12,022 - INFO - Applied outlier handling for ROKU
2025-07-26 05:12:12,075 - INFO - Loaded existing data for TTD
2025-07-26 05:12:12,088 - INFO - Validated TTD data: 2218 rows
2025-07-26 05:12:12,147 - INFO - Loaded existing data for CVNA
2025-07-26 05:12:12,160 - WARNING - CVNA data quality issues:
2025-07-26 05:12:12,163 - WARNING - - Found 1 extreme price changes
2025-07-26 05:12:12,215 - INFO - Loaded existing data for RBLX
2025-07-26 05:12:12,229 - WARNING - RBLX data quality issues:
2025-07-26 05:12:12,230 - WARNING - - 18 potential outliers in Open prices
2025-07-26 05:12:12,230 - WARNING - RBLX data quality issues:
2025-07-26 05:12:12,232 - WARNING - - 17 potential outliers in High prices
2025-07-26 05:12:12,233 - WARNING - RBLX data quality issues:
2025-07-26 05:12:12,234 - WARNING - - 18 potential outliers in Low prices
2025-07-26 05:12:12,235 - WARNING - RBLX data quality issues:
2025-07-26 05:12:12,236 - WARNING - - 18 potential outliers in Close prices
2025-07-26 05:12:12,249 - INFO - Applied outlier handling for RBLX
2025-07-26 05:12:12,290 - INFO - Loaded existing data for DOCU
2025-07-26 05:12:12,303 - WARNING - DOCU data quality issues:
2025-07-26 05:12:12,305 - WARNING - - 295 potential outliers in Open prices
2025-07-26 05:12:12,306 - WARNING - DOCU data quality issues:
2025-07-26 05:12:12,308 - WARNING - - 291 potential outliers in High prices
2025-07-26 05:12:12,309 - WARNING - DOCU data quality issues:
2025-07-26 05:12:12,310 - WARNING - - 316 potential outliers in Low prices
2025-07-26 05:12:12,311 - WARNING - DOCU data quality issues:
2025-07-26 05:12:12,312 - WARNING - - 293 potential outliers in Close prices
2025-07-26 05:12:12,324 - INFO - Applied outlier handling for DOCU
2025-07-26 05:12:12,381 - INFO - Loaded existing data for SNAP
2025-07-26 05:12:12,396 - WARNING - SNAP data quality issues:
2025-07-26 05:12:12,398 - WARNING - - 335 potential outliers in Open prices
2025-07-26 05:12:12,398 - WARNING - SNAP data quality issues:
2025-07-26 05:12:12,400 - WARNING - - 340 potential outliers in High prices
2025-07-26 05:12:12,401 - WARNING - SNAP data quality issues:
2025-07-26 05:12:12,402 - WARNING - - 330 potential outliers in Low prices
2025-07-26 05:12:12,404 - WARNING - SNAP data quality issues:
2025-07-26 05:12:12,406 - WARNING - - 335 potential outliers in Close prices
2025-07-26 05:12:12,413 - WARNING - SNAP data quality issues:
2025-07-26 05:12:12,415 - WARNING - - Found 1 extreme price changes
2025-07-26 05:12:12,464 - INFO - Applied outlier handling for SNAP
2025-07-26 05:12:16,197 - INFO - Saved merged dataset to ../data/processed/nasdaq_stocks_merged.csv
2025-07-26 05:14:47,587 - INFO - Data collection configured for period: 2015-01-01 to 2025-07-26
2025-07-26 05:14:47,675 - INFO - Loaded 98 tickers from sector mapping
2025-07-26 05:14:47,747 - INFO - Loaded existing data for AAPL
2025-07-26 05:14:47,793 - INFO - Validated AAPL data: 2651 rows
2025-07-26 05:14:47,896 - INFO - Loaded existing data for MSFT
2025-07-26 05:14:47,941 - INFO - Validated MSFT data: 2651 rows
2025-07-26 05:14:48,050 - INFO - Loaded existing data for AMZN
2025-07-26 05:14:48,096 - INFO - Validated AMZN data: 2651 rows
2025-07-26 05:14:48,192 - INFO - Loaded existing data for NVDA
2025-07-26 05:14:48,240 - INFO - Validated NVDA data: 2651 rows
2025-07-26 05:14:48,342 - INFO - Loaded existing data for META
2025-07-26 05:14:48,392 - INFO - Validated META data: 2651 rows
2025-07-26 05:14:48,486 - INFO - Loaded existing data for GOOGL
2025-07-26 05:14:48,534 - INFO - Validated GOOGL data: 2651 rows
2025-07-26 05:14:48,631 - INFO - Loaded existing data for GOOG
2025-07-26 05:14:48,678 - INFO - Validated GOOG data: 2651 rows
2025-07-26 05:14:48,771 - INFO - Loaded existing data for TSLA
2025-07-26 05:14:48,832 - INFO - Validated TSLA data: 2651 rows
2025-07-26 05:14:48,942 - INFO - Loaded existing data for AVGO
2025-07-26 05:14:48,984 - INFO - Validated AVGO data: 2651 rows
2025-07-26 05:14:49,080 - INFO - Loaded existing data for PEP
2025-07-26 05:14:49,187 - INFO - Validated PEP data: 2651 rows
2025-07-26 05:14:49,308 - INFO - Loaded existing data for COST
2025-07-26 05:14:49,344 - INFO - Validated COST data: 2651 rows
2025-07-26 05:14:49,443 - INFO - Loaded existing data for CSCO
2025-07-26 05:14:49,494 - INFO - Validated CSCO data: 2651 rows
2025-07-26 05:14:49,580 - INFO - Loaded existing data for TMUS
2025-07-26 05:14:49,627 - INFO - Validated TMUS data: 2651 rows
2025-07-26 05:14:49,722 - INFO - Loaded existing data for ADBE
2025-07-26 05:14:49,774 - INFO - Validated ADBE data: 2651 rows
2025-07-26 05:14:49,965 - INFO - Loaded existing data for NFLX
2025-07-26 05:14:50,003 - INFO - Validated NFLX data: 2651 rows
2025-07-26 05:14:50,114 - INFO - Loaded existing data for CMCSA
2025-07-26 05:14:50,163 - INFO - Validated CMCSA data: 2651 rows
2025-07-26 05:14:50,247 - INFO - Loaded existing data for AMD
2025-07-26 05:14:50,295 - INFO - Validated AMD data: 2651 rows
2025-07-26 05:14:50,377 - INFO - Loaded existing data for TXN
2025-07-26 05:14:50,418 - INFO - Validated TXN data: 2651 rows
2025-07-26 05:14:50,498 - INFO - Loaded existing data for INTC
2025-07-26 05:14:50,539 - INFO - Validated INTC data: 2651 rows
2025-07-26 05:14:50,618 - INFO - Loaded existing data for QCOM
2025-07-26 05:14:50,661 - INFO - Validated QCOM data: 2651 rows
2025-07-26 05:14:50,756 - INFO - Loaded existing data for INTU
2025-07-26 05:14:50,804 - INFO - Validated INTU data: 2651 rows
2025-07-26 05:14:50,883 - INFO - Loaded existing data for AMGN
2025-07-26 05:14:50,924 - INFO - Validated AMGN data: 2651 rows
2025-07-26 05:14:50,997 - INFO - Loaded existing data for HON
2025-07-26 05:14:51,038 - INFO - Validated HON data: 2651 rows
2025-07-26 05:14:51,119 - INFO - Loaded existing data for AMAT
2025-07-26 05:14:51,165 - INFO - Validated AMAT data: 2651 rows
2025-07-26 05:14:51,263 - INFO - Loaded existing data for ISRG
2025-07-26 05:14:51,301 - INFO - Validated ISRG data: 2651 rows
2025-07-26 05:14:51,398 - INFO - Loaded existing data for SBUX
2025-07-26 05:14:51,448 - INFO - Validated SBUX data: 2651 rows
2025-07-26 05:14:51,529 - INFO - Loaded existing data for ADP
2025-07-26 05:14:51,568 - INFO - Validated ADP data: 2651 rows
2025-07-26 05:14:51,663 - INFO - Loaded existing data for MDLZ
2025-07-26 05:14:51,710 - INFO - Validated MDLZ data: 2651 rows
2025-07-26 05:14:51,795 - INFO - Loaded existing data for ADI
2025-07-26 05:14:51,836 - INFO - Validated ADI data: 2651 rows
2025-07-26 05:14:51,915 - INFO - Loaded existing data for BKNG
2025-07-26 05:14:51,956 - INFO - Validated BKNG data: 2651 rows
2025-07-26 05:14:52,041 - INFO - Loaded existing data for GILD
2025-07-26 05:14:52,085 - INFO - Validated GILD data: 2651 rows
2025-07-26 05:14:52,164 - INFO - Loaded existing data for REGN
2025-07-26 05:14:52,219 - INFO - Validated REGN data: 2651 rows
2025-07-26 05:14:52,306 - INFO - Loaded existing data for VRTX
2025-07-26 05:14:52,346 - INFO - Validated VRTX data: 2651 rows
2025-07-26 05:14:52,431 - INFO - Loaded existing data for PANW
2025-07-26 05:14:52,476 - INFO - Validated PANW data: 2651 rows
2025-07-26 05:14:52,575 - INFO - Loaded existing data for SNPS
2025-07-26 05:14:52,621 - INFO - Validated SNPS data: 2651 rows
2025-07-26 05:14:52,704 - INFO - Loaded existing data for CDNS
2025-07-26 05:14:52,749 - INFO - Validated CDNS data: 2651 rows
2025-07-26 05:14:52,857 - INFO - Loaded existing data for KLAC
2025-07-26 05:14:52,897 - INFO - Validated KLAC data: 2651 rows
2025-07-26 05:14:52,970 - INFO - Loaded existing data for MELI
2025-07-26 05:14:53,019 - INFO - Validated MELI data: 2651 rows
2025-07-26 05:14:53,116 - INFO - Loaded existing data for LRCX
2025-07-26 05:14:53,169 - INFO - Validated LRCX data: 2651 rows
2025-07-26 05:14:53,257 - INFO - Loaded existing data for MU
2025-07-26 05:14:53,303 - INFO - Validated MU data: 2651 rows
2025-07-26 05:14:53,460 - INFO - Loaded existing data for ASML
2025-07-26 05:14:53,496 - INFO - Validated ASML data: 2651 rows
2025-07-26 05:14:53,577 - INFO - Loaded existing data for CHTR
2025-07-26 05:14:53,623 - INFO - Validated CHTR data: 2651 rows
2025-07-26 05:14:53,707 - INFO - Loaded existing data for MAR
2025-07-26 05:14:53,755 - INFO - Validated MAR data: 2651 rows
2025-07-26 05:14:53,842 - INFO - Loaded existing data for ORLY
2025-07-26 05:14:53,885 - INFO - Validated ORLY data: 2651 rows
2025-07-26 05:14:53,966 - INFO - Loaded existing data for MNST
2025-07-26 05:14:54,010 - INFO - Validated MNST data: 2651 rows
2025-07-26 05:14:54,122 - INFO - Loaded existing data for FTNT
2025-07-26 05:14:54,168 - INFO - Validated FTNT data: 2651 rows
2025-07-26 05:14:54,241 - INFO - Loaded existing data for CTAS
2025-07-26 05:14:54,290 - INFO - Validated CTAS data: 2651 rows
2025-07-26 05:14:54,377 - INFO - Loaded existing data for PAYX
2025-07-26 05:14:54,425 - INFO - Validated PAYX data: 2651 rows
2025-07-26 05:14:54,574 - INFO - Loaded existing data for MRVL
2025-07-26 05:14:54,622 - INFO - Validated MRVL data: 2651 rows
2025-07-26 05:14:54,707 - INFO - Loaded existing data for ABNB
2025-07-26 05:14:54,730 - INFO - Validated ABNB data: 1155 rows
2025-07-26 05:14:54,794 - INFO - Loaded existing data for ADSK
2025-07-26 05:14:54,840 - INFO - Validated ADSK data: 2651 rows
2025-07-26 05:14:54,923 - INFO - Loaded existing data for ODFL
2025-07-26 05:14:54,962 - INFO - Validated ODFL data: 2651 rows
2025-07-26 05:14:55,045 - INFO - Loaded existing data for IDXX
2025-07-26 05:14:55,094 - INFO - Validated IDXX data: 2651 rows
2025-07-26 05:14:55,187 - INFO - Loaded existing data for BIIB
2025-07-26 05:14:55,231 - INFO - Validated BIIB data: 2651 rows
2025-07-26 05:14:55,329 - INFO - Loaded existing data for KDP
2025-07-26 05:14:55,371 - INFO - Validated KDP data: 2651 rows
2025-07-26 05:14:55,467 - INFO - Loaded existing data for KHC
2025-07-26 05:14:55,530 - INFO - Validated KHC data: 2525 rows
2025-07-26 05:14:55,620 - INFO - Loaded existing data for DXCM
2025-07-26 05:14:55,679 - INFO - Validated DXCM data: 2651 rows
2025-07-26 05:14:55,759 - INFO - Loaded existing data for NXPI
2025-07-26 05:14:55,799 - INFO - Validated NXPI data: 2651 rows
2025-07-26 05:14:55,878 - INFO - Loaded existing data for MCHP
2025-07-26 05:14:55,925 - INFO - Validated MCHP data: 2651 rows
2025-07-26 05:14:56,024 - INFO - Loaded existing data for WDAY
2025-07-26 05:14:56,068 - INFO - Validated WDAY data: 2651 rows
2025-07-26 05:14:56,146 - INFO - Loaded existing data for PCAR
2025-07-26 05:14:56,198 - INFO - Validated PCAR data: 2651 rows
2025-07-26 05:14:56,296 - INFO - Loaded existing data for ROST
2025-07-26 05:14:56,353 - INFO - Validated ROST data: 2651 rows
2025-07-26 05:14:56,444 - INFO - Loaded existing data for CPRT
2025-07-26 05:14:56,492 - INFO - Validated CPRT data: 2651 rows
2025-07-26 05:14:56,579 - INFO - Loaded existing data for SIRI
2025-07-26 05:14:56,622 - INFO - Validated SIRI data: 2651 rows
2025-07-26 05:14:56,707 - INFO - Loaded existing data for EXC
2025-07-26 05:14:56,748 - INFO - Validated EXC data: 2651 rows
2025-07-26 05:14:56,828 - INFO - Loaded existing data for AEP
2025-07-26 05:14:56,874 - INFO - Validated AEP data: 2651 rows
2025-07-26 05:14:56,969 - INFO - Loaded existing data for VRSK
2025-07-26 05:14:57,008 - INFO - Validated VRSK data: 2651 rows
2025-07-26 05:14:57,092 - INFO - Loaded existing data for FAST
2025-07-26 05:14:57,139 - INFO - Validated FAST data: 2651 rows
2025-07-26 05:14:57,217 - INFO - Loaded existing data for DDOG
2025-07-26 05:14:57,246 - INFO - Validated DDOG data: 1465 rows
2025-07-26 05:14:57,317 - INFO - Loaded existing data for ANSS
2025-07-26 05:14:57,379 - INFO - Validated ANSS data: 2650 rows
2025-07-26 05:14:57,463 - INFO - Loaded existing data for DLTR
2025-07-26 05:14:57,503 - INFO - Validated DLTR data: 2651 rows
2025-07-26 05:14:57,597 - INFO - Loaded existing data for CTSH
2025-07-26 05:14:57,647 - INFO - Validated CTSH data: 2651 rows
2025-07-26 05:14:57,816 - INFO - Loaded existing data for WBD
2025-07-26 05:14:57,855 - INFO - Validated WBD data: 2651 rows
2025-07-26 05:14:57,966 - INFO - Loaded existing data for FANG
2025-07-26 05:14:58,004 - INFO - Validated FANG data: 2651 rows
2025-07-26 05:14:58,097 - INFO - Loaded existing data for XEL
2025-07-26 05:14:58,141 - INFO - Validated XEL data: 2651 rows
2025-07-26 05:14:58,226 - INFO - Loaded existing data for TEAM
2025-07-26 05:14:58,265 - INFO - Validated TEAM data: 2415 rows
2025-07-26 05:14:58,380 - INFO - Loaded existing data for ILMN
2025-07-26 05:14:58,429 - INFO - Validated ILMN data: 2651 rows
2025-07-26 05:14:58,528 - INFO - Loaded existing data for EA
2025-07-26 05:14:58,572 - INFO - Validated EA data: 2651 rows
2025-07-26 05:14:58,653 - INFO - Loaded existing data for BKR
2025-07-26 05:14:58,694 - INFO - Validated BKR data: 2651 rows
2025-07-26 05:14:58,794 - INFO - Loaded existing data for ALGN
2025-07-26 05:14:58,837 - INFO - Validated ALGN data: 2651 rows
2025-07-26 05:14:58,929 - INFO - Loaded existing data for EBAY
2025-07-26 05:14:58,982 - INFO - Validated EBAY data: 2651 rows
2025-07-26 05:14:59,075 - INFO - Loaded existing data for ZS
2025-07-26 05:14:59,106 - INFO - Validated ZS data: 1845 rows
2025-07-26 05:14:59,177 - INFO - Loaded existing data for CRWD
2025-07-26 05:14:59,210 - INFO - Validated CRWD data: 1534 rows
2025-07-26 05:14:59,362 - INFO - Loaded existing data for PYPL
2025-07-26 05:14:59,423 - INFO - Validated PYPL data: 2525 rows
2025-07-26 05:14:59,501 - INFO - Loaded existing data for CSX
2025-07-26 05:14:59,548 - INFO - Validated CSX data: 2651 rows
2025-07-26 05:14:59,596 - INFO - Downloading data for ATVI (Technology)
2025-07-26 05:15:01,777 - ERROR - $ATVI: possibly delisted; no timezone found
2025-07-26 05:15:01,779 - ERROR - No data downloaded for ATVI
2025-07-26 05:15:01,824 - INFO - Loaded existing data for ZM
2025-07-26 05:15:01,858 - INFO - Validated ZM data: 1571 rows
2025-07-26 05:15:01,923 - INFO - Loaded existing data for MTCH
2025-07-26 05:15:01,963 - INFO - Validated MTCH data: 2651 rows
2025-07-26 05:15:02,049 - INFO - Loaded existing data for ENPH
2025-07-26 05:15:02,099 - INFO - Validated ENPH data: 2651 rows
2025-07-26 05:15:02,193 - INFO - Loaded existing data for MRNA
2025-07-26 05:15:02,230 - INFO - Validated MRNA data: 1661 rows
2025-07-26 05:15:02,292 - INFO - Loaded existing data for OKTA
2025-07-26 05:15:02,341 - INFO - Validated OKTA data: 2081 rows
2025-07-26 05:15:02,420 - INFO - Loaded existing data for DASH
2025-07-26 05:15:02,457 - INFO - Validated DASH data: 1156 rows
2025-07-26 05:15:02,568 - INFO - Loaded existing data for ROKU
2025-07-26 05:15:02,614 - INFO - Validated ROKU data: 1961 rows
2025-07-26 05:15:02,713 - INFO - Loaded existing data for TTD
2025-07-26 05:15:02,760 - INFO - Validated TTD data: 2218 rows
2025-07-26 05:15:02,873 - INFO - Loaded existing data for CVNA
2025-07-26 05:15:02,919 - INFO - Validated CVNA data: 2067 rows
2025-07-26 05:15:03,091 - INFO - Loaded existing data for RBLX
2025-07-26 05:15:03,122 - INFO - Validated RBLX data: 1095 rows
2025-07-26 05:15:03,199 - INFO - Loaded existing data for DOCU
2025-07-26 05:15:03,237 - INFO - Validated DOCU data: 1816 rows
2025-07-26 05:15:03,328 - INFO - Loaded existing data for SNAP
2025-07-26 05:15:03,375 - INFO - Validated SNAP data: 2107 rows
2025-07-26 05:15:08,335 - INFO - Saved merged dataset to ../data/processed/nasdaq_stocks_merged.csv
