2025-07-26 03:21:24,753 - INFO - Data collection configured for period: 2015-01-01 to 2025-07-21
2025-07-26 03:21:24,822 - INFO - Loaded 98 tickers from sector mapping
2025-07-26 03:21:24,862 - INFO - Processing AAPL
2025-07-26 03:21:35,506 - INFO - Saved AAPL data with 2651 rows
2025-07-26 03:21:35,511 - INFO - Processing MSFT
2025-07-26 03:21:36,179 - INFO - Saved MSFT data with 2651 rows
2025-07-26 03:21:36,193 - INFO - Processing AMZN
2025-07-26 03:21:36,885 - INFO - Saved AMZN data with 2651 rows
2025-07-26 03:21:36,887 - INFO - Processing NVDA
2025-07-26 03:21:37,692 - INFO - Saved NVDA data with 2651 rows
2025-07-26 03:21:37,696 - INFO - Processing META
2025-07-26 03:21:38,230 - INFO - Saved META data with 2651 rows
2025-07-26 03:21:38,236 - INFO - Processing GOOGL
2025-07-26 03:21:38,956 - INFO - Saved GOOGL data with 2651 rows
2025-07-26 03:21:38,959 - INFO - Processing GOOG
2025-07-26 03:21:39,652 - INFO - Saved GOOG data with 2651 rows
2025-07-26 03:21:39,655 - INFO - Processing TSLA
2025-07-26 03:21:40,198 - INFO - Saved TSLA data with 2651 rows
2025-07-26 03:21:40,200 - INFO - Processing AVGO
2025-07-26 03:21:40,961 - INFO - Saved AVGO data with 2651 rows
2025-07-26 03:21:40,964 - INFO - Processing PEP
2025-07-26 03:21:41,709 - INFO - Saved PEP data with 2651 rows
2025-07-26 03:21:41,713 - INFO - Processing COST
2025-07-26 03:21:42,446 - INFO - Saved COST data with 2651 rows
2025-07-26 03:21:42,448 - INFO - Processing CSCO
2025-07-26 03:21:43,030 - INFO - Saved CSCO data with 2651 rows
2025-07-26 03:21:43,033 - INFO - Processing TMUS
2025-07-26 03:21:43,650 - INFO - Saved TMUS data with 2651 rows
2025-07-26 03:21:43,652 - INFO - Processing ADBE
2025-07-26 03:21:44,260 - INFO - Saved ADBE data with 2651 rows
2025-07-26 03:21:44,265 - INFO - Processing NFLX
2025-07-26 03:21:44,912 - INFO - Saved NFLX data with 2651 rows
2025-07-26 03:21:44,915 - INFO - Processing CMCSA
2025-07-26 03:21:45,696 - INFO - Saved CMCSA data with 2651 rows
2025-07-26 03:21:45,698 - INFO - Processing AMD
2025-07-26 03:21:46,248 - INFO - Saved AMD data with 2651 rows
2025-07-26 03:21:46,251 - INFO - Processing TXN
2025-07-26 03:21:47,141 - INFO - Saved TXN data with 2651 rows
2025-07-26 03:21:47,145 - INFO - Processing INTC
2025-07-26 03:21:47,883 - INFO - Saved INTC data with 2651 rows
2025-07-26 03:21:47,886 - INFO - Processing QCOM
2025-07-26 03:21:48,608 - INFO - Saved QCOM data with 2651 rows
2025-07-26 03:21:48,611 - INFO - Processing INTU
2025-07-26 03:21:49,109 - INFO - Saved INTU data with 2651 rows
2025-07-26 03:21:49,111 - INFO - Processing AMGN
2025-07-26 03:21:49,780 - INFO - Saved AMGN data with 2651 rows
2025-07-26 03:21:49,782 - INFO - Processing HON
2025-07-26 03:21:50,786 - INFO - Saved HON data with 2651 rows
2025-07-26 03:21:50,790 - INFO - Processing AMAT
2025-07-26 03:21:51,574 - INFO - Saved AMAT data with 2651 rows
2025-07-26 03:21:51,576 - INFO - Processing ISRG
2025-07-26 03:21:52,260 - INFO - Saved ISRG data with 2651 rows
2025-07-26 03:21:52,263 - INFO - Processing SBUX
2025-07-26 03:21:52,912 - INFO - Saved SBUX data with 2651 rows
2025-07-26 03:21:52,914 - INFO - Processing ADP
2025-07-26 03:21:53,689 - INFO - Saved ADP data with 2651 rows
2025-07-26 03:21:53,700 - INFO - Processing MDLZ
2025-07-26 03:21:54,274 - INFO - Saved MDLZ data with 2651 rows
2025-07-26 03:21:54,278 - INFO - Processing ADI
2025-07-26 03:21:55,061 - INFO - Saved ADI data with 2651 rows
2025-07-26 03:21:55,064 - INFO - Processing BKNG
2025-07-26 03:21:55,752 - INFO - Saved BKNG data with 2651 rows
2025-07-26 03:21:55,755 - INFO - Processing GILD
2025-07-26 03:21:56,353 - INFO - Saved GILD data with 2651 rows
2025-07-26 03:21:56,358 - INFO - Processing REGN
2025-07-26 03:21:56,926 - INFO - Saved REGN data with 2651 rows
2025-07-26 03:21:56,931 - INFO - Processing VRTX
2025-07-26 03:21:57,459 - INFO - Saved VRTX data with 2651 rows
2025-07-26 03:21:57,462 - INFO - Processing PANW
2025-07-26 03:21:58,102 - INFO - Saved PANW data with 2651 rows
2025-07-26 03:21:58,106 - INFO - Processing SNPS
2025-07-26 03:21:58,596 - INFO - Saved SNPS data with 2651 rows
2025-07-26 03:21:58,598 - INFO - Processing CDNS
2025-07-26 03:21:59,124 - INFO - Saved CDNS data with 2651 rows
2025-07-26 03:21:59,127 - INFO - Processing KLAC
2025-07-26 03:21:59,826 - INFO - Saved KLAC data with 2651 rows
2025-07-26 03:21:59,830 - INFO - Processing MELI
2025-07-26 03:22:00,466 - INFO - Saved MELI data with 2651 rows
2025-07-26 03:22:00,468 - INFO - Processing LRCX
2025-07-26 03:22:01,159 - INFO - Saved LRCX data with 2651 rows
2025-07-26 03:22:01,161 - INFO - Processing MU
2025-07-26 03:22:01,743 - INFO - Saved MU data with 2651 rows
2025-07-26 03:22:01,746 - INFO - Processing ASML
2025-07-26 03:22:02,315 - INFO - Saved ASML data with 2651 rows
2025-07-26 03:22:02,319 - INFO - Processing CHTR
2025-07-26 03:22:02,875 - INFO - Saved CHTR data with 2651 rows
2025-07-26 03:22:02,878 - INFO - Processing MAR
2025-07-26 03:22:03,546 - INFO - Saved MAR data with 2651 rows
2025-07-26 03:22:03,549 - INFO - Processing ORLY
2025-07-26 03:22:04,178 - INFO - Saved ORLY data with 2651 rows
2025-07-26 03:22:04,180 - INFO - Processing MNST
2025-07-26 03:22:04,705 - INFO - Saved MNST data with 2651 rows
2025-07-26 03:22:04,709 - INFO - Processing FTNT
2025-07-26 03:22:05,509 - INFO - Saved FTNT data with 2651 rows
2025-07-26 03:22:05,513 - INFO - Processing CTAS
2025-07-26 03:22:06,194 - INFO - Saved CTAS data with 2651 rows
2025-07-26 03:22:06,196 - INFO - Processing PAYX
2025-07-26 03:22:06,803 - INFO - Saved PAYX data with 2651 rows
2025-07-26 03:22:06,806 - INFO - Processing MRVL
2025-07-26 03:22:07,542 - INFO - Saved MRVL data with 2651 rows
2025-07-26 03:22:07,546 - INFO - Processing ABNB
2025-07-26 03:22:08,137 - INFO - Saved ABNB data with 1155 rows
2025-07-26 03:22:08,143 - INFO - Processing ADSK
2025-07-26 03:22:09,966 - INFO - Saved ADSK data with 2651 rows
2025-07-26 03:22:09,987 - INFO - Processing ODFL
2025-07-26 03:22:10,984 - INFO - Saved ODFL data with 2651 rows
2025-07-26 03:22:10,989 - INFO - Processing IDXX
2025-07-26 03:22:11,773 - INFO - Saved IDXX data with 2651 rows
2025-07-26 03:22:11,779 - INFO - Processing BIIB
2025-07-26 03:22:12,794 - INFO - Saved BIIB data with 2651 rows
2025-07-26 03:22:12,797 - INFO - Processing KDP
2025-07-26 03:22:13,537 - INFO - Saved KDP data with 2651 rows
2025-07-26 03:22:13,541 - INFO - Processing KHC
2025-07-26 03:22:14,333 - INFO - Saved KHC data with 2525 rows
2025-07-26 03:22:14,338 - INFO - Processing DXCM
2025-07-26 03:22:15,129 - INFO - Saved DXCM data with 2651 rows
2025-07-26 03:22:15,133 - INFO - Processing NXPI
2025-07-26 03:22:15,881 - INFO - Saved NXPI data with 2651 rows
2025-07-26 03:22:15,885 - INFO - Processing MCHP
2025-07-26 03:22:17,502 - INFO - Saved MCHP data with 2651 rows
2025-07-26 03:22:17,507 - INFO - Processing WDAY
2025-07-26 03:22:18,395 - INFO - Saved WDAY data with 2651 rows
2025-07-26 03:22:18,403 - INFO - Processing PCAR
2025-07-26 03:22:19,254 - INFO - Saved PCAR data with 2651 rows
2025-07-26 03:22:19,261 - INFO - Processing ROST
2025-07-26 03:22:20,694 - INFO - Saved ROST data with 2651 rows
2025-07-26 03:22:20,702 - INFO - Processing CPRT
2025-07-26 03:22:21,472 - INFO - Saved CPRT data with 2651 rows
2025-07-26 03:22:21,475 - INFO - Processing SIRI
2025-07-26 03:22:22,390 - INFO - Saved SIRI data with 2651 rows
2025-07-26 03:22:22,394 - INFO - Processing EXC
2025-07-26 03:22:23,338 - INFO - Saved EXC data with 2651 rows
2025-07-26 03:22:23,340 - INFO - Processing AEP
2025-07-26 03:22:24,094 - INFO - Saved AEP data with 2651 rows
2025-07-26 03:22:24,098 - INFO - Processing VRSK
2025-07-26 03:22:25,550 - INFO - Saved VRSK data with 2651 rows
2025-07-26 03:22:25,556 - INFO - Processing FAST
2025-07-26 03:22:26,675 - INFO - Saved FAST data with 2651 rows
2025-07-26 03:22:26,681 - INFO - Processing DDOG
2025-07-26 03:22:27,303 - INFO - Saved DDOG data with 1465 rows
2025-07-26 03:22:27,307 - INFO - Processing ANSS
2025-07-26 03:22:28,077 - INFO - Saved ANSS data with 2650 rows
2025-07-26 03:22:28,081 - INFO - Processing DLTR
2025-07-26 03:22:29,296 - INFO - Saved DLTR data with 2651 rows
2025-07-26 03:22:29,300 - INFO - Processing CTSH
2025-07-26 03:22:30,230 - INFO - Saved CTSH data with 2651 rows
2025-07-26 03:22:30,234 - INFO - Processing WBD
2025-07-26 03:22:31,075 - INFO - Saved WBD data with 2651 rows
2025-07-26 03:22:31,079 - INFO - Processing FANG
2025-07-26 03:22:31,819 - INFO - Saved FANG data with 2651 rows
2025-07-26 03:22:31,822 - INFO - Processing XEL
2025-07-26 03:22:33,060 - INFO - Saved XEL data with 2651 rows
2025-07-26 03:22:33,072 - INFO - Processing TEAM
2025-07-26 03:22:34,303 - INFO - Saved TEAM data with 2415 rows
2025-07-26 03:22:34,306 - INFO - Processing ILMN
2025-07-26 03:22:35,259 - INFO - Saved ILMN data with 2651 rows
2025-07-26 03:22:35,264 - INFO - Processing EA
2025-07-26 03:22:36,105 - INFO - Saved EA data with 2651 rows
2025-07-26 03:22:36,112 - INFO - Processing BKR
2025-07-26 03:22:37,911 - INFO - Saved BKR data with 2651 rows
2025-07-26 03:22:37,923 - INFO - Processing ALGN
2025-07-26 03:22:38,939 - INFO - Saved ALGN data with 2651 rows
2025-07-26 03:22:38,943 - INFO - Processing EBAY
2025-07-26 03:22:39,734 - INFO - Saved EBAY data with 2651 rows
2025-07-26 03:22:39,743 - INFO - Processing ZS
2025-07-26 03:22:40,274 - INFO - Saved ZS data with 1845 rows
2025-07-26 03:22:40,279 - INFO - Processing CRWD
2025-07-26 03:22:41,043 - INFO - Saved CRWD data with 1534 rows
2025-07-26 03:22:41,052 - INFO - Processing PYPL
2025-07-26 03:22:41,719 - INFO - Saved PYPL data with 2525 rows
2025-07-26 03:22:41,722 - INFO - Processing CSX
2025-07-26 03:22:42,597 - INFO - Saved CSX data with 2651 rows
2025-07-26 03:22:42,599 - INFO - Processing ATVI
2025-07-26 03:22:47,890 - ERROR - $ATVI: possibly delisted; no timezone found
2025-07-26 03:22:47,895 - WARNING - ATVI: No data returned from yfinance
2025-07-26 03:22:47,898 - WARNING - Failed to process ATVI
2025-07-26 03:22:47,903 - INFO - Processing ZM
2025-07-26 03:22:48,699 - INFO - Saved ZM data with 1571 rows
2025-07-26 03:22:48,704 - INFO - Processing MTCH
2025-07-26 03:22:49,524 - INFO - Saved MTCH data with 2651 rows
2025-07-26 03:22:49,527 - INFO - Processing ENPH
2025-07-26 03:22:50,234 - INFO - Saved ENPH data with 2651 rows
2025-07-26 03:22:50,236 - INFO - Processing MRNA
2025-07-26 03:22:50,741 - INFO - Saved MRNA data with 1661 rows
2025-07-26 03:22:50,744 - INFO - Processing OKTA
2025-07-26 03:22:51,377 - INFO - Saved OKTA data with 2081 rows
2025-07-26 03:22:51,380 - INFO - Processing DASH
2025-07-26 03:22:51,854 - INFO - Saved DASH data with 1156 rows
2025-07-26 03:22:51,856 - INFO - Processing ROKU
2025-07-26 03:22:52,581 - INFO - Saved ROKU data with 1961 rows
2025-07-26 03:22:52,583 - INFO - Processing TTD
2025-07-26 03:22:53,273 - INFO - Saved TTD data with 2218 rows
2025-07-26 03:22:53,276 - INFO - Processing CVNA
2025-07-26 03:22:53,886 - INFO - Saved CVNA data with 2067 rows
2025-07-26 03:22:53,891 - INFO - Processing RBLX
2025-07-26 03:22:54,404 - INFO - Saved RBLX data with 1095 rows
2025-07-26 03:22:54,407 - INFO - Processing DOCU
2025-07-26 03:22:55,064 - INFO - Saved DOCU data with 1816 rows
2025-07-26 03:22:55,072 - INFO - Processing SNAP
2025-07-26 03:22:55,948 - INFO - Saved SNAP data with 2107 rows
2025-07-26 03:24:14,942 - INFO - Data collection configured for period: 2015-01-01 to 2025-07-21
2025-07-26 03:24:14,965 - INFO - Loaded 98 tickers from sector mapping
2025-07-26 03:24:14,997 - INFO - Processing AAPL
2025-07-26 03:24:15,032 - INFO - Loaded existing data for AAPL
2025-07-26 03:24:15,033 - INFO - Processing MSFT
2025-07-26 03:24:15,060 - INFO - Loaded existing data for MSFT
2025-07-26 03:24:15,061 - INFO - Processing AMZN
2025-07-26 03:24:15,093 - INFO - Loaded existing data for AMZN
2025-07-26 03:24:15,095 - INFO - Processing NVDA
2025-07-26 03:24:15,126 - INFO - Loaded existing data for NVDA
2025-07-26 03:24:15,130 - INFO - Processing META
2025-07-26 03:24:15,165 - INFO - Loaded existing data for META
2025-07-26 03:24:15,166 - INFO - Processing GOOGL
2025-07-26 03:24:15,197 - INFO - Loaded existing data for GOOGL
2025-07-26 03:24:15,199 - INFO - Processing GOOG
2025-07-26 03:24:15,206 - INFO - Loaded existing data for GOOG
2025-07-26 03:24:15,207 - INFO - Processing TSLA
2025-07-26 03:24:15,241 - INFO - Loaded existing data for TSLA
2025-07-26 03:24:15,245 - INFO - Processing AVGO
2025-07-26 03:24:15,284 - INFO - Loaded existing data for AVGO
2025-07-26 03:24:15,285 - INFO - Processing PEP
2025-07-26 03:24:15,319 - INFO - Loaded existing data for PEP
2025-07-26 03:24:15,320 - INFO - Processing COST
2025-07-26 03:24:15,352 - INFO - Loaded existing data for COST
2025-07-26 03:24:15,354 - INFO - Processing CSCO
2025-07-26 03:24:15,389 - INFO - Loaded existing data for CSCO
2025-07-26 03:24:15,391 - INFO - Processing TMUS
2025-07-26 03:24:15,421 - INFO - Loaded existing data for TMUS
2025-07-26 03:24:15,421 - INFO - Processing ADBE
2025-07-26 03:24:15,455 - INFO - Loaded existing data for ADBE
2025-07-26 03:24:15,457 - INFO - Processing NFLX
2025-07-26 03:24:15,491 - INFO - Loaded existing data for NFLX
2025-07-26 03:24:15,492 - INFO - Processing CMCSA
2025-07-26 03:24:15,526 - INFO - Loaded existing data for CMCSA
2025-07-26 03:24:15,529 - INFO - Processing AMD
2025-07-26 03:24:15,563 - INFO - Loaded existing data for AMD
2025-07-26 03:24:15,564 - INFO - Processing TXN
2025-07-26 03:24:15,601 - INFO - Loaded existing data for TXN
2025-07-26 03:24:15,603 - INFO - Processing INTC
2025-07-26 03:24:15,640 - INFO - Loaded existing data for INTC
2025-07-26 03:24:15,641 - INFO - Processing QCOM
2025-07-26 03:24:15,672 - INFO - Loaded existing data for QCOM
2025-07-26 03:24:15,674 - INFO - Processing INTU
2025-07-26 03:24:15,708 - INFO - Loaded existing data for INTU
2025-07-26 03:24:15,709 - INFO - Processing AMGN
2025-07-26 03:24:15,752 - INFO - Loaded existing data for AMGN
2025-07-26 03:24:15,756 - INFO - Processing HON
2025-07-26 03:24:15,806 - INFO - Loaded existing data for HON
2025-07-26 03:24:15,808 - INFO - Processing AMAT
2025-07-26 03:24:15,852 - INFO - Loaded existing data for AMAT
2025-07-26 03:24:15,855 - INFO - Processing ISRG
2025-07-26 03:24:15,906 - INFO - Loaded existing data for ISRG
2025-07-26 03:24:15,910 - INFO - Processing SBUX
2025-07-26 03:24:15,964 - INFO - Loaded existing data for SBUX
2025-07-26 03:24:15,967 - INFO - Processing ADP
2025-07-26 03:24:16,021 - INFO - Loaded existing data for ADP
2025-07-26 03:24:16,024 - INFO - Processing MDLZ
2025-07-26 03:24:16,160 - INFO - Loaded existing data for MDLZ
2025-07-26 03:24:16,167 - INFO - Processing ADI
2025-07-26 03:24:16,217 - INFO - Loaded existing data for ADI
2025-07-26 03:24:16,218 - INFO - Processing BKNG
2025-07-26 03:24:16,267 - INFO - Loaded existing data for BKNG
2025-07-26 03:24:16,268 - INFO - Processing GILD
2025-07-26 03:24:16,327 - INFO - Loaded existing data for GILD
2025-07-26 03:24:16,330 - INFO - Processing REGN
2025-07-26 03:24:16,341 - INFO - Loaded existing data for REGN
2025-07-26 03:24:16,342 - INFO - Processing VRTX
2025-07-26 03:24:16,370 - INFO - Loaded existing data for VRTX
2025-07-26 03:24:16,371 - INFO - Processing PANW
2025-07-26 03:24:16,466 - INFO - Loaded existing data for PANW
2025-07-26 03:24:16,469 - INFO - Processing SNPS
2025-07-26 03:24:16,497 - INFO - Loaded existing data for SNPS
2025-07-26 03:24:16,499 - INFO - Processing CDNS
2025-07-26 03:24:16,528 - INFO - Loaded existing data for CDNS
2025-07-26 03:24:16,529 - INFO - Processing KLAC
2025-07-26 03:24:16,617 - INFO - Loaded existing data for KLAC
2025-07-26 03:24:16,620 - INFO - Processing MELI
2025-07-26 03:24:16,665 - INFO - Loaded existing data for MELI
2025-07-26 03:24:16,667 - INFO - Processing LRCX
2025-07-26 03:24:16,729 - INFO - Loaded existing data for LRCX
2025-07-26 03:24:16,730 - INFO - Processing MU
2025-07-26 03:24:16,769 - INFO - Loaded existing data for MU
2025-07-26 03:24:16,770 - INFO - Processing ASML
2025-07-26 03:24:16,802 - INFO - Loaded existing data for ASML
2025-07-26 03:24:16,804 - INFO - Processing CHTR
2025-07-26 03:24:16,812 - INFO - Loaded existing data for CHTR
2025-07-26 03:24:16,814 - INFO - Processing MAR
2025-07-26 03:24:16,843 - INFO - Loaded existing data for MAR
2025-07-26 03:24:16,846 - INFO - Processing ORLY
2025-07-26 03:24:16,874 - INFO - Loaded existing data for ORLY
2025-07-26 03:24:16,877 - INFO - Processing MNST
2025-07-26 03:24:16,905 - INFO - Loaded existing data for MNST
2025-07-26 03:24:16,907 - INFO - Processing FTNT
2025-07-26 03:24:16,936 - INFO - Loaded existing data for FTNT
2025-07-26 03:24:16,937 - INFO - Processing CTAS
2025-07-26 03:24:16,983 - INFO - Loaded existing data for CTAS
2025-07-26 03:24:16,986 - INFO - Processing PAYX
2025-07-26 03:24:17,028 - INFO - Loaded existing data for PAYX
2025-07-26 03:24:17,029 - INFO - Processing MRVL
2025-07-26 03:24:17,057 - INFO - Loaded existing data for MRVL
2025-07-26 03:24:17,059 - INFO - Processing ABNB
2025-07-26 03:24:17,084 - INFO - Loaded existing data for ABNB
2025-07-26 03:24:17,086 - INFO - Processing ADSK
2025-07-26 03:24:17,115 - INFO - Loaded existing data for ADSK
2025-07-26 03:24:17,116 - INFO - Processing ODFL
2025-07-26 03:24:17,191 - INFO - Loaded existing data for ODFL
2025-07-26 03:24:17,194 - INFO - Processing IDXX
2025-07-26 03:24:17,222 - INFO - Loaded existing data for IDXX
2025-07-26 03:24:17,224 - INFO - Processing BIIB
2025-07-26 03:24:17,252 - INFO - Loaded existing data for BIIB
2025-07-26 03:24:17,254 - INFO - Processing KDP
2025-07-26 03:24:17,285 - INFO - Loaded existing data for KDP
2025-07-26 03:24:17,286 - INFO - Processing KHC
2025-07-26 03:24:17,321 - INFO - Loaded existing data for KHC
2025-07-26 03:24:17,322 - INFO - Processing DXCM
2025-07-26 03:24:17,356 - INFO - Loaded existing data for DXCM
2025-07-26 03:24:17,359 - INFO - Processing NXPI
2025-07-26 03:24:17,390 - INFO - Loaded existing data for NXPI
2025-07-26 03:24:17,391 - INFO - Processing MCHP
2025-07-26 03:24:17,420 - INFO - Loaded existing data for MCHP
2025-07-26 03:24:17,421 - INFO - Processing WDAY
2025-07-26 03:24:17,454 - INFO - Loaded existing data for WDAY
2025-07-26 03:24:17,455 - INFO - Processing PCAR
2025-07-26 03:24:17,486 - INFO - Loaded existing data for PCAR
2025-07-26 03:24:17,488 - INFO - Processing ROST
2025-07-26 03:24:17,518 - INFO - Loaded existing data for ROST
2025-07-26 03:24:17,519 - INFO - Processing CPRT
2025-07-26 03:24:17,550 - INFO - Loaded existing data for CPRT
2025-07-26 03:24:17,551 - INFO - Processing SIRI
2025-07-26 03:24:17,583 - INFO - Loaded existing data for SIRI
2025-07-26 03:24:17,584 - INFO - Processing EXC
2025-07-26 03:24:17,681 - INFO - Loaded existing data for EXC
2025-07-26 03:24:17,684 - INFO - Processing AEP
2025-07-26 03:24:17,719 - INFO - Loaded existing data for AEP
2025-07-26 03:24:17,721 - INFO - Processing VRSK
2025-07-26 03:24:17,764 - INFO - Loaded existing data for VRSK
2025-07-26 03:24:17,765 - INFO - Processing FAST
2025-07-26 03:24:17,805 - INFO - Loaded existing data for FAST
2025-07-26 03:24:17,807 - INFO - Processing DDOG
2025-07-26 03:24:17,873 - INFO - Loaded existing data for DDOG
2025-07-26 03:24:17,875 - INFO - Processing ANSS
2025-07-26 03:24:17,915 - INFO - Loaded existing data for ANSS
2025-07-26 03:24:17,918 - INFO - Processing DLTR
2025-07-26 03:24:17,950 - INFO - Loaded existing data for DLTR
2025-07-26 03:24:17,954 - INFO - Processing CTSH
2025-07-26 03:24:18,012 - INFO - Loaded existing data for CTSH
2025-07-26 03:24:18,014 - INFO - Processing WBD
2025-07-26 03:24:18,060 - INFO - Loaded existing data for WBD
2025-07-26 03:24:18,062 - INFO - Processing FANG
2025-07-26 03:24:18,100 - INFO - Loaded existing data for FANG
2025-07-26 03:24:18,103 - INFO - Processing XEL
2025-07-26 03:24:18,141 - INFO - Loaded existing data for XEL
2025-07-26 03:24:18,144 - INFO - Processing TEAM
2025-07-26 03:24:18,206 - INFO - Loaded existing data for TEAM
2025-07-26 03:24:18,209 - INFO - Processing ILMN
2025-07-26 03:24:18,257 - INFO - Loaded existing data for ILMN
2025-07-26 03:24:18,261 - INFO - Processing EA
2025-07-26 03:24:18,298 - INFO - Loaded existing data for EA
2025-07-26 03:24:18,299 - INFO - Processing BKR
2025-07-26 03:24:18,341 - INFO - Loaded existing data for BKR
2025-07-26 03:24:18,344 - INFO - Processing ALGN
2025-07-26 03:24:18,401 - INFO - Loaded existing data for ALGN
2025-07-26 03:24:18,406 - INFO - Processing EBAY
2025-07-26 03:24:18,452 - INFO - Loaded existing data for EBAY
2025-07-26 03:24:18,454 - INFO - Processing ZS
2025-07-26 03:24:18,509 - INFO - Loaded existing data for ZS
2025-07-26 03:24:18,511 - INFO - Processing CRWD
2025-07-26 03:24:18,524 - INFO - Loaded existing data for CRWD
2025-07-26 03:24:18,528 - INFO - Processing PYPL
2025-07-26 03:24:18,585 - INFO - Loaded existing data for PYPL
2025-07-26 03:24:18,587 - INFO - Processing CSX
2025-07-26 03:24:18,603 - INFO - Loaded existing data for CSX
2025-07-26 03:24:18,606 - INFO - Processing ATVI
2025-07-26 03:24:19,303 - ERROR - $ATVI: possibly delisted; no timezone found
2025-07-26 03:24:19,305 - WARNING - ATVI: No data returned from yfinance
2025-07-26 03:24:19,307 - WARNING - Failed to process ATVI
2025-07-26 03:24:19,308 - INFO - Processing ZM
2025-07-26 03:24:19,334 - INFO - Loaded existing data for ZM
2025-07-26 03:24:19,336 - INFO - Processing MTCH
2025-07-26 03:24:19,364 - INFO - Loaded existing data for MTCH
2025-07-26 03:24:19,365 - INFO - Processing ENPH
2025-07-26 03:24:19,389 - INFO - Loaded existing data for ENPH
2025-07-26 03:24:19,391 - INFO - Processing MRNA
2025-07-26 03:24:19,417 - INFO - Loaded existing data for MRNA
2025-07-26 03:24:19,420 - INFO - Processing OKTA
2025-07-26 03:24:19,452 - INFO - Loaded existing data for OKTA
2025-07-26 03:24:19,454 - INFO - Processing DASH
2025-07-26 03:24:19,482 - INFO - Loaded existing data for DASH
2025-07-26 03:24:19,485 - INFO - Processing ROKU
2025-07-26 03:24:19,514 - INFO - Loaded existing data for ROKU
2025-07-26 03:24:19,524 - INFO - Processing TTD
2025-07-26 03:24:19,553 - INFO - Loaded existing data for TTD
2025-07-26 03:24:19,556 - INFO - Processing CVNA
2025-07-26 03:24:19,584 - INFO - Loaded existing data for CVNA
2025-07-26 03:24:19,585 - INFO - Processing RBLX
2025-07-26 03:24:19,619 - INFO - Loaded existing data for RBLX
2025-07-26 03:24:19,622 - INFO - Processing DOCU
2025-07-26 03:24:19,661 - INFO - Loaded existing data for DOCU
2025-07-26 03:24:19,663 - INFO - Processing SNAP
2025-07-26 03:24:19,692 - INFO - Loaded existing data for SNAP
2025-07-26 03:26:37,560 - INFO - Data collection configured for period: 2015-01-01 to 2025-07-21
2025-07-26 03:26:37,591 - INFO - Loaded 98 tickers from sector mapping
2025-07-26 03:26:37,621 - INFO - Processing AAPL
2025-07-26 03:26:37,638 - INFO - Loaded existing data for AAPL
2025-07-26 03:26:37,640 - INFO - Processing MSFT
2025-07-26 03:26:37,649 - INFO - Loaded existing data for MSFT
2025-07-26 03:26:37,652 - INFO - Processing AMZN
2025-07-26 03:26:37,661 - INFO - Loaded existing data for AMZN
2025-07-26 03:26:37,662 - INFO - Processing NVDA
2025-07-26 03:26:37,671 - INFO - Loaded existing data for NVDA
2025-07-26 03:26:37,672 - INFO - Processing META
2025-07-26 03:26:37,683 - INFO - Loaded existing data for META
2025-07-26 03:26:37,684 - INFO - Processing GOOGL
2025-07-26 03:26:37,695 - INFO - Loaded existing data for GOOGL
2025-07-26 03:26:37,697 - INFO - Processing GOOG
2025-07-26 03:26:37,707 - INFO - Loaded existing data for GOOG
2025-07-26 03:26:37,710 - INFO - Processing TSLA
2025-07-26 03:26:37,721 - INFO - Loaded existing data for TSLA
2025-07-26 03:26:37,723 - INFO - Processing AVGO
2025-07-26 03:26:37,734 - INFO - Loaded existing data for AVGO
2025-07-26 03:26:37,736 - INFO - Processing PEP
2025-07-26 03:26:37,749 - INFO - Loaded existing data for PEP
2025-07-26 03:26:37,750 - INFO - Processing COST
2025-07-26 03:26:37,760 - INFO - Loaded existing data for COST
2025-07-26 03:26:37,762 - INFO - Processing CSCO
2025-07-26 03:26:37,774 - INFO - Loaded existing data for CSCO
2025-07-26 03:26:37,776 - INFO - Processing TMUS
2025-07-26 03:26:37,785 - INFO - Loaded existing data for TMUS
2025-07-26 03:26:37,787 - INFO - Processing ADBE
2025-07-26 03:26:37,796 - INFO - Loaded existing data for ADBE
2025-07-26 03:26:37,797 - INFO - Processing NFLX
2025-07-26 03:26:37,808 - INFO - Loaded existing data for NFLX
2025-07-26 03:26:37,809 - INFO - Processing CMCSA
2025-07-26 03:26:37,819 - INFO - Loaded existing data for CMCSA
2025-07-26 03:26:37,821 - INFO - Processing AMD
2025-07-26 03:26:37,831 - INFO - Loaded existing data for AMD
2025-07-26 03:26:37,833 - INFO - Processing TXN
2025-07-26 03:26:37,842 - INFO - Loaded existing data for TXN
2025-07-26 03:26:37,844 - INFO - Processing INTC
2025-07-26 03:26:37,853 - INFO - Loaded existing data for INTC
2025-07-26 03:26:37,854 - INFO - Processing QCOM
2025-07-26 03:26:37,866 - INFO - Loaded existing data for QCOM
2025-07-26 03:26:37,868 - INFO - Processing INTU
2025-07-26 03:26:37,879 - INFO - Loaded existing data for INTU
2025-07-26 03:26:37,881 - INFO - Processing AMGN
2025-07-26 03:26:37,891 - INFO - Loaded existing data for AMGN
2025-07-26 03:26:37,892 - INFO - Processing HON
2025-07-26 03:26:37,903 - INFO - Loaded existing data for HON
2025-07-26 03:26:37,904 - INFO - Processing AMAT
2025-07-26 03:26:37,913 - INFO - Loaded existing data for AMAT
2025-07-26 03:26:37,914 - INFO - Processing ISRG
2025-07-26 03:26:37,924 - INFO - Loaded existing data for ISRG
2025-07-26 03:26:37,925 - INFO - Processing SBUX
2025-07-26 03:26:37,937 - INFO - Loaded existing data for SBUX
2025-07-26 03:26:37,940 - INFO - Processing ADP
2025-07-26 03:26:37,949 - INFO - Loaded existing data for ADP
2025-07-26 03:26:37,951 - INFO - Processing MDLZ
2025-07-26 03:26:37,959 - INFO - Loaded existing data for MDLZ
2025-07-26 03:26:37,961 - INFO - Processing ADI
2025-07-26 03:26:37,971 - INFO - Loaded existing data for ADI
2025-07-26 03:26:37,973 - INFO - Processing BKNG
2025-07-26 03:26:37,984 - INFO - Loaded existing data for BKNG
2025-07-26 03:26:37,985 - INFO - Processing GILD
2025-07-26 03:26:37,996 - INFO - Loaded existing data for GILD
2025-07-26 03:26:37,997 - INFO - Processing REGN
2025-07-26 03:26:38,007 - INFO - Loaded existing data for REGN
2025-07-26 03:26:38,008 - INFO - Processing VRTX
2025-07-26 03:26:38,019 - INFO - Loaded existing data for VRTX
2025-07-26 03:26:38,020 - INFO - Processing PANW
2025-07-26 03:26:38,029 - INFO - Loaded existing data for PANW
2025-07-26 03:26:38,030 - INFO - Processing SNPS
2025-07-26 03:26:38,039 - INFO - Loaded existing data for SNPS
2025-07-26 03:26:38,040 - INFO - Processing CDNS
2025-07-26 03:26:38,050 - INFO - Loaded existing data for CDNS
2025-07-26 03:26:38,051 - INFO - Processing KLAC
2025-07-26 03:26:38,059 - INFO - Loaded existing data for KLAC
2025-07-26 03:26:38,059 - INFO - Processing MELI
2025-07-26 03:26:38,069 - INFO - Loaded existing data for MELI
2025-07-26 03:26:38,071 - INFO - Processing LRCX
2025-07-26 03:26:38,080 - INFO - Loaded existing data for LRCX
2025-07-26 03:26:38,082 - INFO - Processing MU
2025-07-26 03:26:38,091 - INFO - Loaded existing data for MU
2025-07-26 03:26:38,092 - INFO - Processing ASML
2025-07-26 03:26:38,101 - INFO - Loaded existing data for ASML
2025-07-26 03:26:38,103 - INFO - Processing CHTR
2025-07-26 03:26:38,113 - INFO - Loaded existing data for CHTR
2025-07-26 03:26:38,114 - INFO - Processing MAR
2025-07-26 03:26:38,123 - INFO - Loaded existing data for MAR
2025-07-26 03:26:38,124 - INFO - Processing ORLY
2025-07-26 03:26:38,134 - INFO - Loaded existing data for ORLY
2025-07-26 03:26:38,135 - INFO - Processing MNST
2025-07-26 03:26:38,144 - INFO - Loaded existing data for MNST
2025-07-26 03:26:38,147 - INFO - Processing FTNT
2025-07-26 03:26:38,159 - INFO - Loaded existing data for FTNT
2025-07-26 03:26:38,160 - INFO - Processing CTAS
2025-07-26 03:26:38,171 - INFO - Loaded existing data for CTAS
2025-07-26 03:26:38,172 - INFO - Processing PAYX
2025-07-26 03:26:38,182 - INFO - Loaded existing data for PAYX
2025-07-26 03:26:38,184 - INFO - Processing MRVL
2025-07-26 03:26:38,191 - INFO - Loaded existing data for MRVL
2025-07-26 03:26:38,193 - INFO - Processing ABNB
2025-07-26 03:26:38,201 - INFO - Loaded existing data for ABNB
2025-07-26 03:26:38,202 - INFO - Processing ADSK
2025-07-26 03:26:38,215 - INFO - Loaded existing data for ADSK
2025-07-26 03:26:38,216 - INFO - Processing ODFL
2025-07-26 03:26:38,227 - INFO - Loaded existing data for ODFL
2025-07-26 03:26:38,228 - INFO - Processing IDXX
2025-07-26 03:26:38,239 - INFO - Loaded existing data for IDXX
2025-07-26 03:26:38,241 - INFO - Processing BIIB
2025-07-26 03:26:38,252 - INFO - Loaded existing data for BIIB
2025-07-26 03:26:38,254 - INFO - Processing KDP
2025-07-26 03:26:38,264 - INFO - Loaded existing data for KDP
2025-07-26 03:26:38,266 - INFO - Processing KHC
2025-07-26 03:26:38,275 - INFO - Loaded existing data for KHC
2025-07-26 03:26:38,277 - INFO - Processing DXCM
2025-07-26 03:26:38,290 - INFO - Loaded existing data for DXCM
2025-07-26 03:26:38,292 - INFO - Processing NXPI
2025-07-26 03:26:38,304 - INFO - Loaded existing data for NXPI
2025-07-26 03:26:38,305 - INFO - Processing MCHP
2025-07-26 03:26:38,316 - INFO - Loaded existing data for MCHP
2025-07-26 03:26:38,317 - INFO - Processing WDAY
2025-07-26 03:26:38,328 - INFO - Loaded existing data for WDAY
2025-07-26 03:26:38,330 - INFO - Processing PCAR
2025-07-26 03:26:38,340 - INFO - Loaded existing data for PCAR
2025-07-26 03:26:38,341 - INFO - Processing ROST
2025-07-26 03:26:38,355 - INFO - Loaded existing data for ROST
2025-07-26 03:26:38,364 - INFO - Processing CPRT
2025-07-26 03:26:38,435 - INFO - Loaded existing data for CPRT
2025-07-26 03:26:38,437 - INFO - Processing SIRI
2025-07-26 03:26:38,447 - INFO - Loaded existing data for SIRI
2025-07-26 03:26:38,448 - INFO - Processing EXC
2025-07-26 03:26:38,457 - INFO - Loaded existing data for EXC
2025-07-26 03:26:38,458 - INFO - Processing AEP
2025-07-26 03:26:38,472 - INFO - Loaded existing data for AEP
2025-07-26 03:26:38,474 - INFO - Processing VRSK
2025-07-26 03:26:38,485 - INFO - Loaded existing data for VRSK
2025-07-26 03:26:38,486 - INFO - Processing FAST
2025-07-26 03:26:38,496 - INFO - Loaded existing data for FAST
2025-07-26 03:26:38,497 - INFO - Processing DDOG
2025-07-26 03:26:38,503 - INFO - Loaded existing data for DDOG
2025-07-26 03:26:38,505 - INFO - Processing ANSS
2025-07-26 03:26:38,512 - INFO - Loaded existing data for ANSS
2025-07-26 03:26:38,514 - INFO - Processing DLTR
2025-07-26 03:26:38,523 - INFO - Loaded existing data for DLTR
2025-07-26 03:26:38,524 - INFO - Processing CTSH
2025-07-26 03:26:38,533 - INFO - Loaded existing data for CTSH
2025-07-26 03:26:38,534 - INFO - Processing WBD
2025-07-26 03:26:38,542 - INFO - Loaded existing data for WBD
2025-07-26 03:26:38,545 - INFO - Processing FANG
2025-07-26 03:26:38,556 - INFO - Loaded existing data for FANG
2025-07-26 03:26:38,557 - INFO - Processing XEL
2025-07-26 03:26:38,567 - INFO - Loaded existing data for XEL
2025-07-26 03:26:38,568 - INFO - Processing TEAM
2025-07-26 03:26:38,575 - INFO - Loaded existing data for TEAM
2025-07-26 03:26:38,575 - INFO - Processing ILMN
2025-07-26 03:26:38,586 - INFO - Loaded existing data for ILMN
2025-07-26 03:26:38,587 - INFO - Processing EA
2025-07-26 03:26:38,596 - INFO - Loaded existing data for EA
2025-07-26 03:26:38,597 - INFO - Processing BKR
2025-07-26 03:26:38,606 - INFO - Loaded existing data for BKR
2025-07-26 03:26:38,606 - INFO - Processing ALGN
2025-07-26 03:26:38,614 - INFO - Loaded existing data for ALGN
2025-07-26 03:26:38,615 - INFO - Processing EBAY
2025-07-26 03:26:38,623 - INFO - Loaded existing data for EBAY
2025-07-26 03:26:38,625 - INFO - Processing ZS
2025-07-26 03:26:38,635 - INFO - Loaded existing data for ZS
2025-07-26 03:26:38,636 - INFO - Processing CRWD
2025-07-26 03:26:38,646 - INFO - Loaded existing data for CRWD
2025-07-26 03:26:38,649 - INFO - Processing PYPL
2025-07-26 03:26:38,660 - INFO - Loaded existing data for PYPL
2025-07-26 03:26:38,663 - INFO - Processing CSX
2025-07-26 03:26:38,672 - INFO - Loaded existing data for CSX
2025-07-26 03:26:38,674 - INFO - Processing ATVI
2025-07-26 03:26:38,678 - ERROR - $ATVI: possibly delisted; no timezone found
2025-07-26 03:26:38,679 - WARNING - ATVI: No data returned from yfinance
2025-07-26 03:26:38,682 - WARNING - Failed to process ATVI
2025-07-26 03:26:38,685 - INFO - Processing ZM
2025-07-26 03:26:38,693 - INFO - Loaded existing data for ZM
2025-07-26 03:26:38,694 - INFO - Processing MTCH
2025-07-26 03:26:38,710 - INFO - Loaded existing data for MTCH
2025-07-26 03:26:38,712 - INFO - Processing ENPH
2025-07-26 03:26:38,724 - INFO - Loaded existing data for ENPH
2025-07-26 03:26:38,726 - INFO - Processing MRNA
2025-07-26 03:26:38,734 - INFO - Loaded existing data for MRNA
2025-07-26 03:26:38,736 - INFO - Processing OKTA
2025-07-26 03:26:38,746 - INFO - Loaded existing data for OKTA
2025-07-26 03:26:38,748 - INFO - Processing DASH
2025-07-26 03:26:38,761 - INFO - Loaded existing data for DASH
2025-07-26 03:26:38,764 - INFO - Processing ROKU
2025-07-26 03:26:38,773 - INFO - Loaded existing data for ROKU
2025-07-26 03:26:38,775 - INFO - Processing TTD
2025-07-26 03:26:38,787 - INFO - Loaded existing data for TTD
2025-07-26 03:26:38,788 - INFO - Processing CVNA
2025-07-26 03:26:38,799 - INFO - Loaded existing data for CVNA
2025-07-26 03:26:38,801 - INFO - Processing RBLX
2025-07-26 03:26:38,807 - INFO - Loaded existing data for RBLX
2025-07-26 03:26:38,809 - INFO - Processing DOCU
2025-07-26 03:26:38,819 - INFO - Loaded existing data for DOCU
2025-07-26 03:26:38,821 - INFO - Processing SNAP
2025-07-26 03:26:38,832 - INFO - Loaded existing data for SNAP
2025-07-26 04:57:35,306 - INFO - Data collection configured for period: 2015-01-01 to 2025-07-21
2025-07-26 04:57:35,388 - INFO - Loaded 98 tickers from sector mapping
2025-07-26 04:57:35,481 - INFO - Processing AAPL
2025-07-26 04:57:35,498 - INFO - Loaded existing data for AAPL
2025-07-26 04:57:35,499 - INFO - Processing MSFT
2025-07-26 04:57:35,510 - INFO - Loaded existing data for MSFT
2025-07-26 04:57:35,511 - INFO - Processing AMZN
2025-07-26 04:57:35,522 - INFO - Loaded existing data for AMZN
2025-07-26 04:57:35,523 - INFO - Processing NVDA
2025-07-26 04:57:35,537 - INFO - Loaded existing data for NVDA
2025-07-26 04:57:35,539 - INFO - Processing META
2025-07-26 04:57:35,551 - INFO - Loaded existing data for META
2025-07-26 04:57:35,553 - INFO - Processing GOOGL
2025-07-26 04:57:35,569 - INFO - Loaded existing data for GOOGL
2025-07-26 04:57:35,570 - INFO - Processing GOOG
2025-07-26 04:57:35,581 - INFO - Loaded existing data for GOOG
2025-07-26 04:57:35,583 - INFO - Processing TSLA
2025-07-26 04:57:35,593 - INFO - Loaded existing data for TSLA
2025-07-26 04:57:35,594 - INFO - Processing AVGO
2025-07-26 04:57:35,603 - INFO - Loaded existing data for AVGO
2025-07-26 04:57:35,604 - INFO - Processing PEP
2025-07-26 04:57:35,613 - INFO - Loaded existing data for PEP
2025-07-26 04:57:35,614 - INFO - Processing COST
2025-07-26 04:57:35,623 - INFO - Loaded existing data for COST
2025-07-26 04:57:35,625 - INFO - Processing CSCO
2025-07-26 04:57:35,636 - INFO - Loaded existing data for CSCO
2025-07-26 04:57:35,638 - INFO - Processing TMUS
2025-07-26 04:57:35,650 - INFO - Loaded existing data for TMUS
2025-07-26 04:57:35,651 - INFO - Processing ADBE
2025-07-26 04:57:35,661 - INFO - Loaded existing data for ADBE
2025-07-26 04:57:35,663 - INFO - Processing NFLX
2025-07-26 04:57:35,673 - INFO - Loaded existing data for NFLX
2025-07-26 04:57:35,674 - INFO - Processing CMCSA
2025-07-26 04:57:35,684 - INFO - Loaded existing data for CMCSA
2025-07-26 04:57:35,686 - INFO - Processing AMD
2025-07-26 04:57:35,698 - INFO - Loaded existing data for AMD
2025-07-26 04:57:35,700 - INFO - Processing TXN
2025-07-26 04:57:35,711 - INFO - Loaded existing data for TXN
2025-07-26 04:57:35,713 - INFO - Processing INTC
2025-07-26 04:57:35,726 - INFO - Loaded existing data for INTC
2025-07-26 04:57:35,729 - INFO - Processing QCOM
2025-07-26 04:57:35,740 - INFO - Loaded existing data for QCOM
2025-07-26 04:57:35,742 - INFO - Processing INTU
2025-07-26 04:57:35,755 - INFO - Loaded existing data for INTU
2025-07-26 04:57:35,757 - INFO - Processing AMGN
2025-07-26 04:57:35,769 - INFO - Loaded existing data for AMGN
2025-07-26 04:57:35,771 - INFO - Processing HON
2025-07-26 04:57:35,780 - INFO - Loaded existing data for HON
2025-07-26 04:57:35,781 - INFO - Processing AMAT
2025-07-26 04:57:35,792 - INFO - Loaded existing data for AMAT
2025-07-26 04:57:35,793 - INFO - Processing ISRG
2025-07-26 04:57:35,803 - INFO - Loaded existing data for ISRG
2025-07-26 04:57:35,805 - INFO - Processing SBUX
2025-07-26 04:57:35,814 - INFO - Loaded existing data for SBUX
2025-07-26 04:57:35,816 - INFO - Processing ADP
2025-07-26 04:57:35,826 - INFO - Loaded existing data for ADP
2025-07-26 04:57:35,827 - INFO - Processing MDLZ
2025-07-26 04:57:35,837 - INFO - Loaded existing data for MDLZ
2025-07-26 04:57:35,838 - INFO - Processing ADI
2025-07-26 04:57:35,849 - INFO - Loaded existing data for ADI
2025-07-26 04:57:35,850 - INFO - Processing BKNG
2025-07-26 04:57:35,861 - INFO - Loaded existing data for BKNG
2025-07-26 04:57:35,862 - INFO - Processing GILD
2025-07-26 04:57:35,872 - INFO - Loaded existing data for GILD
2025-07-26 04:57:35,873 - INFO - Processing REGN
2025-07-26 04:57:35,882 - INFO - Loaded existing data for REGN
2025-07-26 04:57:35,883 - INFO - Processing VRTX
2025-07-26 04:57:35,893 - INFO - Loaded existing data for VRTX
2025-07-26 04:57:35,894 - INFO - Processing PANW
2025-07-26 04:57:35,903 - INFO - Loaded existing data for PANW
2025-07-26 04:57:35,905 - INFO - Processing SNPS
2025-07-26 04:57:35,915 - INFO - Loaded existing data for SNPS
2025-07-26 04:57:35,916 - INFO - Processing CDNS
2025-07-26 04:57:35,927 - INFO - Loaded existing data for CDNS
2025-07-26 04:57:35,928 - INFO - Processing KLAC
2025-07-26 04:57:35,938 - INFO - Loaded existing data for KLAC
2025-07-26 04:57:35,940 - INFO - Processing MELI
2025-07-26 04:57:35,949 - INFO - Loaded existing data for MELI
2025-07-26 04:57:35,950 - INFO - Processing LRCX
2025-07-26 04:57:35,963 - INFO - Loaded existing data for LRCX
2025-07-26 04:57:35,965 - INFO - Processing MU
2025-07-26 04:57:35,977 - INFO - Loaded existing data for MU
2025-07-26 04:57:35,979 - INFO - Processing ASML
2025-07-26 04:57:35,990 - INFO - Loaded existing data for ASML
2025-07-26 04:57:35,991 - INFO - Processing CHTR
2025-07-26 04:57:36,003 - INFO - Loaded existing data for CHTR
2025-07-26 04:57:36,005 - INFO - Processing MAR
2025-07-26 04:57:36,014 - INFO - Loaded existing data for MAR
2025-07-26 04:57:36,019 - INFO - Processing ORLY
2025-07-26 04:57:36,030 - INFO - Loaded existing data for ORLY
2025-07-26 04:57:36,030 - INFO - Processing MNST
2025-07-26 04:57:36,039 - INFO - Loaded existing data for MNST
2025-07-26 04:57:36,041 - INFO - Processing FTNT
2025-07-26 04:57:36,049 - INFO - Loaded existing data for FTNT
2025-07-26 04:57:36,050 - INFO - Processing CTAS
2025-07-26 04:57:36,059 - INFO - Loaded existing data for CTAS
2025-07-26 04:57:36,060 - INFO - Processing PAYX
2025-07-26 04:57:36,069 - INFO - Loaded existing data for PAYX
2025-07-26 04:57:36,070 - INFO - Processing MRVL
2025-07-26 04:57:36,079 - INFO - Loaded existing data for MRVL
2025-07-26 04:57:36,080 - INFO - Processing ABNB
2025-07-26 04:57:36,089 - INFO - Loaded existing data for ABNB
2025-07-26 04:57:36,090 - INFO - Processing ADSK
2025-07-26 04:57:36,100 - INFO - Loaded existing data for ADSK
2025-07-26 04:57:36,102 - INFO - Processing ODFL
2025-07-26 04:57:36,110 - INFO - Loaded existing data for ODFL
2025-07-26 04:57:36,112 - INFO - Processing IDXX
2025-07-26 04:57:36,123 - INFO - Loaded existing data for IDXX
2025-07-26 04:57:36,125 - INFO - Processing BIIB
2025-07-26 04:57:36,134 - INFO - Loaded existing data for BIIB
2025-07-26 04:57:36,136 - INFO - Processing KDP
2025-07-26 04:57:36,147 - INFO - Loaded existing data for KDP
2025-07-26 04:57:36,148 - INFO - Processing KHC
2025-07-26 04:57:36,159 - INFO - Loaded existing data for KHC
2025-07-26 04:57:36,161 - INFO - Processing DXCM
2025-07-26 04:57:36,173 - INFO - Loaded existing data for DXCM
2025-07-26 04:57:36,174 - INFO - Processing NXPI
2025-07-26 04:57:36,183 - INFO - Loaded existing data for NXPI
2025-07-26 04:57:36,185 - INFO - Processing MCHP
2025-07-26 04:57:36,194 - INFO - Loaded existing data for MCHP
2025-07-26 04:57:36,196 - INFO - Processing WDAY
2025-07-26 04:57:36,208 - INFO - Loaded existing data for WDAY
2025-07-26 04:57:36,210 - INFO - Processing PCAR
2025-07-26 04:57:36,220 - INFO - Loaded existing data for PCAR
2025-07-26 04:57:36,223 - INFO - Processing ROST
2025-07-26 04:57:36,232 - INFO - Loaded existing data for ROST
2025-07-26 04:57:36,236 - INFO - Processing CPRT
2025-07-26 04:57:36,252 - INFO - Loaded existing data for CPRT
2025-07-26 04:57:36,253 - INFO - Processing SIRI
2025-07-26 04:57:36,261 - INFO - Loaded existing data for SIRI
2025-07-26 04:57:36,262 - INFO - Processing EXC
2025-07-26 04:57:36,272 - INFO - Loaded existing data for EXC
2025-07-26 04:57:36,273 - INFO - Processing AEP
2025-07-26 04:57:36,280 - INFO - Loaded existing data for AEP
2025-07-26 04:57:36,281 - INFO - Processing VRSK
2025-07-26 04:57:36,290 - INFO - Loaded existing data for VRSK
2025-07-26 04:57:36,292 - INFO - Processing FAST
2025-07-26 04:57:36,300 - INFO - Loaded existing data for FAST
2025-07-26 04:57:36,302 - INFO - Processing DDOG
2025-07-26 04:57:36,309 - INFO - Loaded existing data for DDOG
2025-07-26 04:57:36,310 - INFO - Processing ANSS
2025-07-26 04:57:36,318 - INFO - Loaded existing data for ANSS
2025-07-26 04:57:36,319 - INFO - Processing DLTR
2025-07-26 04:57:36,327 - INFO - Loaded existing data for DLTR
2025-07-26 04:57:36,328 - INFO - Processing CTSH
2025-07-26 04:57:36,338 - INFO - Loaded existing data for CTSH
2025-07-26 04:57:36,340 - INFO - Processing WBD
2025-07-26 04:57:36,349 - INFO - Loaded existing data for WBD
2025-07-26 04:57:36,351 - INFO - Processing FANG
2025-07-26 04:57:36,360 - INFO - Loaded existing data for FANG
2025-07-26 04:57:36,361 - INFO - Processing XEL
2025-07-26 04:57:36,371 - INFO - Loaded existing data for XEL
2025-07-26 04:57:36,373 - INFO - Processing TEAM
2025-07-26 04:57:36,383 - INFO - Loaded existing data for TEAM
2025-07-26 04:57:36,385 - INFO - Processing ILMN
2025-07-26 04:57:36,397 - INFO - Loaded existing data for ILMN
2025-07-26 04:57:36,398 - INFO - Processing EA
2025-07-26 04:57:36,409 - INFO - Loaded existing data for EA
2025-07-26 04:57:36,411 - INFO - Processing BKR
2025-07-26 04:57:36,420 - INFO - Loaded existing data for BKR
2025-07-26 04:57:36,421 - INFO - Processing ALGN
2025-07-26 04:57:36,429 - INFO - Loaded existing data for ALGN
2025-07-26 04:57:36,430 - INFO - Processing EBAY
2025-07-26 04:57:36,438 - INFO - Loaded existing data for EBAY
2025-07-26 04:57:36,440 - INFO - Processing ZS
2025-07-26 04:57:36,448 - INFO - Loaded existing data for ZS
2025-07-26 04:57:36,449 - INFO - Processing CRWD
2025-07-26 04:57:36,457 - INFO - Loaded existing data for CRWD
2025-07-26 04:57:36,459 - INFO - Processing PYPL
2025-07-26 04:57:36,468 - INFO - Loaded existing data for PYPL
2025-07-26 04:57:36,469 - INFO - Processing CSX
2025-07-26 04:57:36,478 - INFO - Loaded existing data for CSX
2025-07-26 04:57:36,480 - INFO - Processing ATVI
2025-07-26 04:57:36,491 - ERROR - $ATVI: possibly delisted; no timezone found
2025-07-26 04:57:36,492 - WARNING - ATVI: No data returned from yfinance
2025-07-26 04:57:36,493 - WARNING - Failed to process ATVI
2025-07-26 04:57:36,494 - INFO - Processing ZM
2025-07-26 04:57:36,504 - INFO - Loaded existing data for ZM
2025-07-26 04:57:36,505 - INFO - Processing MTCH
2025-07-26 04:57:36,514 - INFO - Loaded existing data for MTCH
2025-07-26 04:57:36,516 - INFO - Processing ENPH
2025-07-26 04:57:36,528 - INFO - Loaded existing data for ENPH
2025-07-26 04:57:36,529 - INFO - Processing MRNA
2025-07-26 04:57:36,544 - INFO - Loaded existing data for MRNA
2025-07-26 04:57:36,551 - INFO - Processing OKTA
2025-07-26 04:57:36,563 - INFO - Loaded existing data for OKTA
2025-07-26 04:57:36,566 - INFO - Processing DASH
2025-07-26 04:57:36,575 - INFO - Loaded existing data for DASH
2025-07-26 04:57:36,577 - INFO - Processing ROKU
2025-07-26 04:57:36,585 - INFO - Loaded existing data for ROKU
2025-07-26 04:57:36,586 - INFO - Processing TTD
2025-07-26 04:57:36,598 - INFO - Loaded existing data for TTD
2025-07-26 04:57:36,601 - INFO - Processing CVNA
2025-07-26 04:57:36,612 - INFO - Loaded existing data for CVNA
2025-07-26 04:57:36,613 - INFO - Processing RBLX
2025-07-26 04:57:36,625 - INFO - Loaded existing data for RBLX
2025-07-26 04:57:36,627 - INFO - Processing DOCU
2025-07-26 04:57:36,636 - INFO - Loaded existing data for DOCU
2025-07-26 04:57:36,638 - INFO - Processing SNAP
2025-07-26 04:57:36,652 - INFO - Loaded existing data for SNAP
