2025-07-26 06:22:21,709 - INFO - Data collection configured for period: 2015-01-01 to 2025-07-26
2025-07-26 06:22:21,773 - INFO - Loaded 98 tickers from sector mapping
2025-07-26 06:22:21,813 - INFO - Loaded existing data for AAPL
2025-07-26 06:22:21,847 - INFO - Validated AAPL data: 2651 rows
2025-07-26 06:22:21,891 - INFO - Loaded existing data for MSFT
2025-07-26 06:22:21,925 - INFO - Validated MSFT data: 2651 rows
2025-07-26 06:22:21,972 - INFO - Loaded existing data for AMZN
2025-07-26 06:22:22,005 - INFO - Validated AMZN data: 2651 rows
2025-07-26 06:22:22,047 - INFO - Loaded existing data for NVDA
2025-07-26 06:22:22,072 - INFO - Validated NVDA data: 2651 rows
2025-07-26 06:22:22,113 - INFO - Loaded existing data for META
2025-07-26 06:22:22,150 - INFO - Validated META data: 2651 rows
2025-07-26 06:22:22,201 - INFO - Loaded existing data for GOOGL
2025-07-26 06:22:22,232 - INFO - Validated GOOGL data: 2651 rows
2025-07-26 06:22:22,277 - INFO - Loaded existing data for GOOG
2025-07-26 06:22:22,313 - INFO - Validated GOOG data: 2651 rows
2025-07-26 06:22:22,377 - INFO - Loaded existing data for TSLA
2025-07-26 06:22:22,417 - INFO - Validated TSLA data: 2651 rows
2025-07-26 06:22:22,458 - INFO - Loaded existing data for AVGO
2025-07-26 06:22:22,554 - INFO - Validated AVGO data: 2651 rows
2025-07-26 06:22:22,614 - INFO - Loaded existing data for PEP
2025-07-26 06:22:22,646 - INFO - Validated PEP data: 2651 rows
2025-07-26 06:22:22,686 - INFO - Loaded existing data for COST
2025-07-26 06:22:22,719 - INFO - Validated COST data: 2651 rows
2025-07-26 06:22:22,755 - INFO - Loaded existing data for CSCO
2025-07-26 06:22:22,780 - INFO - Validated CSCO data: 2651 rows
2025-07-26 06:22:22,824 - INFO - Loaded existing data for TMUS
2025-07-26 06:22:22,870 - INFO - Validated TMUS data: 2651 rows
2025-07-26 06:22:22,922 - INFO - Loaded existing data for ADBE
2025-07-26 06:22:22,962 - INFO - Validated ADBE data: 2651 rows
2025-07-26 06:22:23,017 - INFO - Loaded existing data for NFLX
2025-07-26 06:22:23,056 - INFO - Validated NFLX data: 2651 rows
2025-07-26 06:22:23,096 - INFO - Loaded existing data for CMCSA
2025-07-26 06:22:23,124 - INFO - Validated CMCSA data: 2651 rows
2025-07-26 06:22:23,167 - INFO - Loaded existing data for AMD
2025-07-26 06:22:23,215 - INFO - Validated AMD data: 2651 rows
2025-07-26 06:22:23,252 - INFO - Loaded existing data for TXN
2025-07-26 06:22:23,279 - INFO - Validated TXN data: 2651 rows
2025-07-26 06:22:23,321 - INFO - Loaded existing data for INTC
2025-07-26 06:22:23,348 - INFO - Validated INTC data: 2651 rows
2025-07-26 06:22:23,395 - INFO - Loaded existing data for QCOM
2025-07-26 06:22:23,423 - INFO - Validated QCOM data: 2651 rows
2025-07-26 06:22:23,461 - INFO - Loaded existing data for INTU
2025-07-26 06:22:23,487 - INFO - Validated INTU data: 2651 rows
2025-07-26 06:22:23,537 - INFO - Loaded existing data for AMGN
2025-07-26 06:22:23,574 - INFO - Validated AMGN data: 2651 rows
2025-07-26 06:22:23,637 - INFO - Loaded existing data for HON
2025-07-26 06:22:23,666 - INFO - Validated HON data: 2651 rows
2025-07-26 06:22:23,704 - INFO - Loaded existing data for AMAT
2025-07-26 06:22:23,737 - INFO - Validated AMAT data: 2651 rows
2025-07-26 06:22:23,786 - INFO - Loaded existing data for ISRG
2025-07-26 06:22:23,810 - INFO - Validated ISRG data: 2651 rows
2025-07-26 06:22:23,853 - INFO - Loaded existing data for SBUX
2025-07-26 06:22:23,879 - INFO - Validated SBUX data: 2651 rows
2025-07-26 06:22:23,918 - INFO - Loaded existing data for ADP
2025-07-26 06:22:23,953 - INFO - Validated ADP data: 2651 rows
2025-07-26 06:22:24,002 - INFO - Loaded existing data for MDLZ
2025-07-26 06:22:24,034 - INFO - Validated MDLZ data: 2651 rows
2025-07-26 06:22:24,082 - INFO - Loaded existing data for ADI
2025-07-26 06:22:24,110 - INFO - Validated ADI data: 2651 rows
2025-07-26 06:22:24,157 - INFO - Loaded existing data for BKNG
2025-07-26 06:22:24,187 - INFO - Validated BKNG data: 2651 rows
2025-07-26 06:22:24,230 - INFO - Loaded existing data for GILD
2025-07-26 06:22:24,256 - INFO - Validated GILD data: 2651 rows
2025-07-26 06:22:24,308 - INFO - Loaded existing data for REGN
2025-07-26 06:22:24,343 - INFO - Validated REGN data: 2651 rows
2025-07-26 06:22:24,380 - INFO - Loaded existing data for VRTX
2025-07-26 06:22:24,406 - INFO - Validated VRTX data: 2651 rows
2025-07-26 06:22:24,450 - INFO - Loaded existing data for PANW
2025-07-26 06:22:24,479 - INFO - Validated PANW data: 2651 rows
2025-07-26 06:22:24,525 - INFO - Loaded existing data for SNPS
2025-07-26 06:22:24,556 - INFO - Validated SNPS data: 2651 rows
2025-07-26 06:22:24,595 - INFO - Loaded existing data for CDNS
2025-07-26 06:22:24,638 - INFO - Validated CDNS data: 2651 rows
2025-07-26 06:22:24,680 - INFO - Loaded existing data for KLAC
2025-07-26 06:22:24,713 - INFO - Validated KLAC data: 2651 rows
2025-07-26 06:22:24,753 - INFO - Loaded existing data for MELI
2025-07-26 06:22:24,778 - INFO - Validated MELI data: 2651 rows
2025-07-26 06:22:24,819 - INFO - Loaded existing data for LRCX
2025-07-26 06:22:24,850 - INFO - Validated LRCX data: 2651 rows
2025-07-26 06:22:24,892 - INFO - Loaded existing data for MU
2025-07-26 06:22:24,923 - INFO - Validated MU data: 2651 rows
2025-07-26 06:22:24,995 - INFO - Loaded existing data for ASML
2025-07-26 06:22:25,019 - INFO - Validated ASML data: 2651 rows
2025-07-26 06:22:25,053 - INFO - Loaded existing data for CHTR
2025-07-26 06:22:25,076 - INFO - Validated CHTR data: 2651 rows
2025-07-26 06:22:25,112 - INFO - Loaded existing data for MAR
2025-07-26 06:22:25,138 - INFO - Validated MAR data: 2651 rows
2025-07-26 06:22:25,192 - INFO - Loaded existing data for ORLY
2025-07-26 06:22:25,249 - INFO - Validated ORLY data: 2651 rows
2025-07-26 06:22:25,288 - INFO - Loaded existing data for MNST
2025-07-26 06:22:25,317 - INFO - Validated MNST data: 2651 rows
2025-07-26 06:22:25,358 - INFO - Loaded existing data for FTNT
2025-07-26 06:22:25,386 - INFO - Validated FTNT data: 2651 rows
2025-07-26 06:22:25,437 - INFO - Loaded existing data for CTAS
2025-07-26 06:22:25,476 - INFO - Validated CTAS data: 2651 rows
2025-07-26 06:22:25,526 - INFO - Loaded existing data for PAYX
2025-07-26 06:22:25,553 - INFO - Validated PAYX data: 2651 rows
2025-07-26 06:22:25,608 - INFO - Loaded existing data for MRVL
2025-07-26 06:22:25,664 - INFO - Validated MRVL data: 2651 rows
2025-07-26 06:22:25,701 - INFO - Loaded existing data for ABNB
2025-07-26 06:22:25,720 - INFO - Validated ABNB data: 1155 rows
2025-07-26 06:22:25,763 - INFO - Loaded existing data for ADSK
2025-07-26 06:22:25,795 - INFO - Validated ADSK data: 2651 rows
2025-07-26 06:22:25,846 - INFO - Loaded existing data for ODFL
2025-07-26 06:22:25,905 - INFO - Validated ODFL data: 2651 rows
2025-07-26 06:22:25,978 - INFO - Loaded existing data for IDXX
2025-07-26 06:22:26,019 - INFO - Validated IDXX data: 2651 rows
2025-07-26 06:22:26,097 - INFO - Loaded existing data for BIIB
2025-07-26 06:22:26,175 - INFO - Validated BIIB data: 2651 rows
2025-07-26 06:22:26,228 - INFO - Loaded existing data for KDP
2025-07-26 06:22:26,282 - INFO - Validated KDP data: 2651 rows
2025-07-26 06:22:26,341 - INFO - Loaded existing data for KHC
2025-07-26 06:22:26,368 - INFO - Validated KHC data: 2525 rows
2025-07-26 06:22:26,408 - INFO - Loaded existing data for DXCM
2025-07-26 06:22:26,434 - INFO - Validated DXCM data: 2651 rows
2025-07-26 06:22:26,484 - INFO - Loaded existing data for NXPI
2025-07-26 06:22:26,527 - INFO - Validated NXPI data: 2651 rows
2025-07-26 06:22:26,598 - INFO - Loaded existing data for MCHP
2025-07-26 06:22:26,701 - INFO - Validated MCHP data: 2651 rows
2025-07-26 06:22:26,820 - INFO - Loaded existing data for WDAY
2025-07-26 06:22:26,850 - INFO - Validated WDAY data: 2651 rows
2025-07-26 06:22:26,893 - INFO - Loaded existing data for PCAR
2025-07-26 06:22:26,917 - INFO - Validated PCAR data: 2651 rows
2025-07-26 06:22:26,962 - INFO - Loaded existing data for ROST
2025-07-26 06:22:26,986 - INFO - Validated ROST data: 2651 rows
2025-07-26 06:22:27,024 - INFO - Loaded existing data for CPRT
2025-07-26 06:22:27,054 - INFO - Validated CPRT data: 2651 rows
2025-07-26 06:22:27,095 - INFO - Loaded existing data for SIRI
2025-07-26 06:22:27,119 - INFO - Validated SIRI data: 2651 rows
2025-07-26 06:22:27,156 - INFO - Loaded existing data for EXC
2025-07-26 06:22:27,182 - INFO - Validated EXC data: 2651 rows
2025-07-26 06:22:27,255 - INFO - Loaded existing data for AEP
2025-07-26 06:22:27,286 - INFO - Validated AEP data: 2651 rows
2025-07-26 06:22:27,322 - INFO - Loaded existing data for VRSK
2025-07-26 06:22:27,347 - INFO - Validated VRSK data: 2651 rows
2025-07-26 06:22:27,390 - INFO - Loaded existing data for FAST
2025-07-26 06:22:27,417 - INFO - Validated FAST data: 2651 rows
2025-07-26 06:22:27,451 - INFO - Loaded existing data for DDOG
2025-07-26 06:22:27,470 - INFO - Validated DDOG data: 1465 rows
2025-07-26 06:22:27,503 - INFO - Loaded existing data for ANSS
2025-07-26 06:22:27,527 - INFO - Validated ANSS data: 2650 rows
2025-07-26 06:22:27,569 - INFO - Loaded existing data for DLTR
2025-07-26 06:22:27,620 - INFO - Validated DLTR data: 2651 rows
2025-07-26 06:22:27,695 - INFO - Loaded existing data for CTSH
2025-07-26 06:22:27,734 - INFO - Validated CTSH data: 2651 rows
2025-07-26 06:22:27,770 - INFO - Loaded existing data for WBD
2025-07-26 06:22:27,794 - INFO - Validated WBD data: 2651 rows
2025-07-26 06:22:27,828 - INFO - Loaded existing data for FANG
2025-07-26 06:22:27,852 - INFO - Validated FANG data: 2651 rows
2025-07-26 06:22:27,890 - INFO - Loaded existing data for XEL
2025-07-26 06:22:27,931 - INFO - Validated XEL data: 2651 rows
2025-07-26 06:22:27,975 - INFO - Loaded existing data for TEAM
2025-07-26 06:22:28,006 - INFO - Validated TEAM data: 2415 rows
2025-07-26 06:22:28,049 - INFO - Loaded existing data for ILMN
2025-07-26 06:22:28,076 - INFO - Validated ILMN data: 2651 rows
2025-07-26 06:22:28,112 - INFO - Loaded existing data for EA
2025-07-26 06:22:28,142 - INFO - Validated EA data: 2651 rows
2025-07-26 06:22:28,212 - INFO - Loaded existing data for BKR
2025-07-26 06:22:28,267 - INFO - Validated BKR data: 2651 rows
2025-07-26 06:22:28,313 - INFO - Loaded existing data for ALGN
2025-07-26 06:22:28,339 - INFO - Validated ALGN data: 2651 rows
2025-07-26 06:22:28,387 - INFO - Loaded existing data for EBAY
2025-07-26 06:22:28,410 - INFO - Validated EBAY data: 2651 rows
2025-07-26 06:22:28,450 - INFO - Loaded existing data for ZS
2025-07-26 06:22:28,470 - INFO - Validated ZS data: 1845 rows
2025-07-26 06:22:28,508 - INFO - Loaded existing data for CRWD
2025-07-26 06:22:28,528 - INFO - Validated CRWD data: 1534 rows
2025-07-26 06:22:28,576 - INFO - Loaded existing data for PYPL
2025-07-26 06:22:28,618 - INFO - Validated PYPL data: 2525 rows
2025-07-26 06:22:28,657 - INFO - Loaded existing data for CSX
2025-07-26 06:22:28,703 - INFO - Validated CSX data: 2651 rows
2025-07-26 06:22:28,739 - INFO - Downloading data for ATVI (Information Technology)
2025-07-26 06:22:35,100 - ERROR - $ATVI: possibly delisted; no timezone found
2025-07-26 06:22:35,104 - ERROR - No data downloaded for ATVI
2025-07-26 06:22:35,141 - INFO - Loaded existing data for ZM
2025-07-26 06:22:35,207 - INFO - Validated ZM data: 1571 rows
2025-07-26 06:22:35,240 - INFO - Loaded existing data for MTCH
2025-07-26 06:22:35,264 - INFO - Validated MTCH data: 2651 rows
2025-07-26 06:22:35,299 - INFO - Loaded existing data for ENPH
2025-07-26 06:22:35,323 - INFO - Validated ENPH data: 2651 rows
2025-07-26 06:22:35,359 - INFO - Loaded existing data for MRNA
2025-07-26 06:22:35,381 - INFO - Validated MRNA data: 1661 rows
2025-07-26 06:22:35,423 - INFO - Loaded existing data for OKTA
2025-07-26 06:22:35,446 - INFO - Validated OKTA data: 2081 rows
2025-07-26 06:22:35,474 - INFO - Loaded existing data for DASH
2025-07-26 06:22:35,497 - INFO - Validated DASH data: 1156 rows
2025-07-26 06:22:35,525 - INFO - Loaded existing data for ROKU
2025-07-26 06:22:35,562 - INFO - Validated ROKU data: 1961 rows
2025-07-26 06:22:35,605 - INFO - Loaded existing data for TTD
2025-07-26 06:22:35,639 - INFO - Validated TTD data: 2218 rows
2025-07-26 06:22:35,670 - INFO - Loaded existing data for CVNA
2025-07-26 06:22:35,692 - INFO - Validated CVNA data: 2067 rows
2025-07-26 06:22:35,728 - INFO - Loaded existing data for RBLX
2025-07-26 06:22:35,749 - INFO - Validated RBLX data: 1095 rows
2025-07-26 06:22:35,770 - INFO - Loaded existing data for DOCU
2025-07-26 06:22:35,791 - INFO - Validated DOCU data: 1816 rows
2025-07-26 06:22:35,818 - INFO - Loaded existing data for SNAP
2025-07-26 06:22:35,839 - INFO - Validated SNAP data: 2107 rows
2025-07-26 06:22:38,491 - INFO - Saved merged dataset to ../data/processed/nasdaq_stocks_merged.csv
2025-07-26 07:01:15,648 - INFO - Data collection configured for period: 2015-01-01 to 2025-07-26
2025-07-26 07:01:15,780 - INFO - Loaded 109 tickers from sector mapping
2025-07-26 07:01:15,843 - INFO - Loaded existing data for AAPL
2025-07-26 07:01:15,888 - INFO - Validated AAPL data: 2651 rows
2025-07-26 07:01:15,944 - INFO - Loaded existing data for MSFT
2025-07-26 07:01:15,973 - INFO - Validated MSFT data: 2651 rows
2025-07-26 07:01:16,013 - INFO - Loaded existing data for AMZN
2025-07-26 07:01:16,038 - INFO - Validated AMZN data: 2651 rows
2025-07-26 07:01:16,078 - INFO - Loaded existing data for NVDA
2025-07-26 07:01:16,103 - INFO - Validated NVDA data: 2651 rows
2025-07-26 07:01:16,141 - INFO - Loaded existing data for META
2025-07-26 07:01:16,169 - INFO - Validated META data: 2651 rows
2025-07-26 07:01:16,265 - INFO - Loaded existing data for GOOGL
2025-07-26 07:01:16,312 - INFO - Validated GOOGL data: 2651 rows
2025-07-26 07:01:16,353 - INFO - Loaded existing data for GOOG
2025-07-26 07:01:16,383 - INFO - Validated GOOG data: 2651 rows
2025-07-26 07:01:16,438 - INFO - Loaded existing data for TSLA
2025-07-26 07:01:16,487 - INFO - Validated TSLA data: 2651 rows
2025-07-26 07:01:16,540 - INFO - Loaded existing data for AVGO
2025-07-26 07:01:16,583 - INFO - Validated AVGO data: 2651 rows
2025-07-26 07:01:16,651 - INFO - Loaded existing data for PEP
2025-07-26 07:01:16,682 - INFO - Validated PEP data: 2651 rows
2025-07-26 07:01:16,753 - INFO - Loaded existing data for COST
2025-07-26 07:01:16,786 - INFO - Validated COST data: 2651 rows
2025-07-26 07:01:16,869 - INFO - Loaded existing data for CSCO
2025-07-26 07:01:16,907 - INFO - Validated CSCO data: 2651 rows
2025-07-26 07:01:16,951 - INFO - Loaded existing data for TMUS
2025-07-26 07:01:16,976 - INFO - Validated TMUS data: 2651 rows
2025-07-26 07:01:17,015 - INFO - Loaded existing data for ADBE
2025-07-26 07:01:17,048 - INFO - Validated ADBE data: 2651 rows
2025-07-26 07:01:17,092 - INFO - Loaded existing data for NFLX
2025-07-26 07:01:17,128 - INFO - Validated NFLX data: 2651 rows
2025-07-26 07:01:17,174 - INFO - Loaded existing data for CMCSA
2025-07-26 07:01:17,236 - INFO - Validated CMCSA data: 2651 rows
2025-07-26 07:01:17,289 - INFO - Loaded existing data for AMD
2025-07-26 07:01:17,321 - INFO - Validated AMD data: 2651 rows
2025-07-26 07:01:17,362 - INFO - Loaded existing data for TXN
2025-07-26 07:01:17,392 - INFO - Validated TXN data: 2651 rows
2025-07-26 07:01:17,446 - INFO - Loaded existing data for INTC
2025-07-26 07:01:17,488 - INFO - Validated INTC data: 2651 rows
2025-07-26 07:01:17,529 - INFO - Loaded existing data for QCOM
2025-07-26 07:01:17,558 - INFO - Validated QCOM data: 2651 rows
2025-07-26 07:01:17,617 - INFO - Loaded existing data for INTU
2025-07-26 07:01:17,648 - INFO - Validated INTU data: 2651 rows
2025-07-26 07:01:17,717 - INFO - Loaded existing data for AMGN
2025-07-26 07:01:17,769 - INFO - Validated AMGN data: 2651 rows
2025-07-26 07:01:17,848 - INFO - Loaded existing data for HON
2025-07-26 07:01:17,906 - INFO - Validated HON data: 2651 rows
2025-07-26 07:01:17,952 - INFO - Loaded existing data for AMAT
2025-07-26 07:01:18,014 - INFO - Validated AMAT data: 2651 rows
2025-07-26 07:01:18,054 - INFO - Loaded existing data for ISRG
2025-07-26 07:01:18,079 - INFO - Validated ISRG data: 2651 rows
2025-07-26 07:01:18,115 - INFO - Loaded existing data for SBUX
2025-07-26 07:01:18,146 - INFO - Validated SBUX data: 2651 rows
2025-07-26 07:01:18,192 - INFO - Loaded existing data for ADP
2025-07-26 07:01:18,235 - INFO - Validated ADP data: 2651 rows
2025-07-26 07:01:18,294 - INFO - Loaded existing data for MDLZ
2025-07-26 07:01:18,326 - INFO - Validated MDLZ data: 2651 rows
2025-07-26 07:01:18,378 - INFO - Loaded existing data for ADI
2025-07-26 07:01:18,424 - INFO - Validated ADI data: 2651 rows
2025-07-26 07:01:18,480 - INFO - Loaded existing data for BKNG
2025-07-26 07:01:18,518 - INFO - Validated BKNG data: 2651 rows
2025-07-26 07:01:18,562 - INFO - Loaded existing data for GILD
2025-07-26 07:01:18,609 - INFO - Validated GILD data: 2651 rows
2025-07-26 07:01:18,714 - INFO - Loaded existing data for REGN
2025-07-26 07:01:18,753 - INFO - Validated REGN data: 2651 rows
2025-07-26 07:01:18,807 - INFO - Loaded existing data for VRTX
2025-07-26 07:01:18,843 - INFO - Validated VRTX data: 2651 rows
2025-07-26 07:01:18,899 - INFO - Loaded existing data for PANW
2025-07-26 07:01:18,932 - INFO - Validated PANW data: 2651 rows
2025-07-26 07:01:18,984 - INFO - Loaded existing data for SNPS
2025-07-26 07:01:19,008 - INFO - Validated SNPS data: 2651 rows
2025-07-26 07:01:19,046 - INFO - Loaded existing data for CDNS
2025-07-26 07:01:19,072 - INFO - Validated CDNS data: 2651 rows
2025-07-26 07:01:19,110 - INFO - Loaded existing data for KLAC
2025-07-26 07:01:19,142 - INFO - Validated KLAC data: 2651 rows
2025-07-26 07:01:19,187 - INFO - Loaded existing data for MELI
2025-07-26 07:01:19,234 - INFO - Validated MELI data: 2651 rows
2025-07-26 07:01:19,299 - INFO - Loaded existing data for LRCX
2025-07-26 07:01:19,344 - INFO - Validated LRCX data: 2651 rows
2025-07-26 07:01:19,397 - INFO - Loaded existing data for MU
2025-07-26 07:01:19,435 - INFO - Validated MU data: 2651 rows
2025-07-26 07:01:19,477 - INFO - Loaded existing data for ASML
2025-07-26 07:01:19,503 - INFO - Validated ASML data: 2651 rows
2025-07-26 07:01:19,540 - INFO - Loaded existing data for CHTR
2025-07-26 07:01:19,566 - INFO - Validated CHTR data: 2651 rows
2025-07-26 07:01:19,608 - INFO - Loaded existing data for MAR
2025-07-26 07:01:19,645 - INFO - Validated MAR data: 2651 rows
2025-07-26 07:01:19,702 - INFO - Loaded existing data for ORLY
2025-07-26 07:01:19,727 - INFO - Validated ORLY data: 2651 rows
2025-07-26 07:01:19,768 - INFO - Loaded existing data for MNST
2025-07-26 07:01:19,800 - INFO - Validated MNST data: 2651 rows
2025-07-26 07:01:19,844 - INFO - Loaded existing data for FTNT
2025-07-26 07:01:19,868 - INFO - Validated FTNT data: 2651 rows
2025-07-26 07:01:19,910 - INFO - Loaded existing data for CTAS
2025-07-26 07:01:19,940 - INFO - Validated CTAS data: 2651 rows
2025-07-26 07:01:19,978 - INFO - Loaded existing data for PAYX
2025-07-26 07:01:20,001 - INFO - Validated PAYX data: 2651 rows
2025-07-26 07:01:20,038 - INFO - Loaded existing data for MRVL
2025-07-26 07:01:20,063 - INFO - Validated MRVL data: 2651 rows
2025-07-26 07:01:20,100 - INFO - Loaded existing data for ABNB
2025-07-26 07:01:20,115 - INFO - Validated ABNB data: 1155 rows
2025-07-26 07:01:20,185 - INFO - Loaded existing data for ADSK
2025-07-26 07:01:20,279 - INFO - Validated ADSK data: 2651 rows
2025-07-26 07:01:20,342 - INFO - Loaded existing data for ODFL
2025-07-26 07:01:20,377 - INFO - Validated ODFL data: 2651 rows
2025-07-26 07:01:20,431 - INFO - Loaded existing data for IDXX
2025-07-26 07:01:20,484 - INFO - Validated IDXX data: 2651 rows
2025-07-26 07:01:20,525 - INFO - Loaded existing data for BIIB
2025-07-26 07:01:20,549 - INFO - Validated BIIB data: 2651 rows
2025-07-26 07:01:20,588 - INFO - Loaded existing data for KDP
2025-07-26 07:01:20,614 - INFO - Validated KDP data: 2651 rows
2025-07-26 07:01:20,653 - INFO - Loaded existing data for KHC
2025-07-26 07:01:20,678 - INFO - Validated KHC data: 2525 rows
2025-07-26 07:01:20,715 - INFO - Loaded existing data for DXCM
2025-07-26 07:01:20,745 - INFO - Validated DXCM data: 2651 rows
2025-07-26 07:01:20,810 - INFO - Loaded existing data for NXPI
2025-07-26 07:01:20,848 - INFO - Validated NXPI data: 2651 rows
2025-07-26 07:01:20,886 - INFO - Loaded existing data for MCHP
2025-07-26 07:01:20,908 - INFO - Validated MCHP data: 2651 rows
2025-07-26 07:01:20,947 - INFO - Loaded existing data for WDAY
2025-07-26 07:01:20,972 - INFO - Validated WDAY data: 2651 rows
2025-07-26 07:01:21,009 - INFO - Loaded existing data for PCAR
2025-07-26 07:01:21,037 - INFO - Validated PCAR data: 2651 rows
2025-07-26 07:01:21,098 - INFO - Loaded existing data for ROST
2025-07-26 07:01:21,160 - INFO - Validated ROST data: 2651 rows
2025-07-26 07:01:21,227 - INFO - Loaded existing data for CPRT
2025-07-26 07:01:21,251 - INFO - Validated CPRT data: 2651 rows
2025-07-26 07:01:21,288 - INFO - Loaded existing data for SIRI
2025-07-26 07:01:21,317 - INFO - Validated SIRI data: 2651 rows
2025-07-26 07:01:21,401 - INFO - Loaded existing data for EXC
2025-07-26 07:01:21,453 - INFO - Validated EXC data: 2651 rows
2025-07-26 07:01:21,532 - INFO - Loaded existing data for AEP
2025-07-26 07:01:21,586 - INFO - Validated AEP data: 2651 rows
2025-07-26 07:01:21,620 - INFO - Loaded existing data for VRSK
2025-07-26 07:01:21,646 - INFO - Validated VRSK data: 2651 rows
2025-07-26 07:01:21,686 - INFO - Loaded existing data for FAST
2025-07-26 07:01:21,712 - INFO - Validated FAST data: 2651 rows
2025-07-26 07:01:21,746 - INFO - Loaded existing data for DDOG
2025-07-26 07:01:21,762 - INFO - Validated DDOG data: 1465 rows
2025-07-26 07:01:21,791 - INFO - Loaded existing data for ANSS
2025-07-26 07:01:21,825 - INFO - Validated ANSS data: 2650 rows
2025-07-26 07:01:21,862 - INFO - Loaded existing data for DLTR
2025-07-26 07:01:21,895 - INFO - Validated DLTR data: 2651 rows
2025-07-26 07:01:21,935 - INFO - Loaded existing data for CTSH
2025-07-26 07:01:21,974 - INFO - Validated CTSH data: 2651 rows
2025-07-26 07:01:22,035 - INFO - Loaded existing data for WBD
2025-07-26 07:01:22,073 - INFO - Validated WBD data: 2651 rows
2025-07-26 07:01:22,122 - INFO - Loaded existing data for FANG
2025-07-26 07:01:22,181 - INFO - Validated FANG data: 2651 rows
2025-07-26 07:01:22,237 - INFO - Loaded existing data for XEL
2025-07-26 07:01:22,272 - INFO - Validated XEL data: 2651 rows
2025-07-26 07:01:22,318 - INFO - Loaded existing data for TEAM
2025-07-26 07:01:22,378 - INFO - Validated TEAM data: 2415 rows
2025-07-26 07:01:22,423 - INFO - Loaded existing data for ILMN
2025-07-26 07:01:22,465 - INFO - Validated ILMN data: 2651 rows
2025-07-26 07:01:22,522 - INFO - Loaded existing data for EA
2025-07-26 07:01:22,587 - INFO - Validated EA data: 2651 rows
2025-07-26 07:01:22,632 - INFO - Loaded existing data for BKR
2025-07-26 07:01:22,661 - INFO - Validated BKR data: 2651 rows
2025-07-26 07:01:22,697 - INFO - Loaded existing data for ALGN
2025-07-26 07:01:22,723 - INFO - Validated ALGN data: 2651 rows
2025-07-26 07:01:22,771 - INFO - Loaded existing data for EBAY
2025-07-26 07:01:22,797 - INFO - Validated EBAY data: 2651 rows
2025-07-26 07:01:22,840 - INFO - Loaded existing data for ZS
2025-07-26 07:01:22,877 - INFO - Validated ZS data: 1845 rows
2025-07-26 07:01:22,928 - INFO - Loaded existing data for CRWD
2025-07-26 07:01:22,966 - INFO - Validated CRWD data: 1534 rows
2025-07-26 07:01:22,997 - INFO - Loaded existing data for PYPL
2025-07-26 07:01:23,032 - INFO - Validated PYPL data: 2525 rows
2025-07-26 07:01:23,075 - INFO - Loaded existing data for CSX
2025-07-26 07:01:23,113 - INFO - Validated CSX data: 2651 rows
2025-07-26 07:01:23,144 - INFO - Downloading data for ATVI (Information Technology)
2025-07-26 07:01:24,814 - ERROR - $ATVI: possibly delisted; no timezone found
2025-07-26 07:01:24,817 - ERROR - No data downloaded for ATVI
2025-07-26 07:01:24,862 - INFO - Loaded existing data for ZM
2025-07-26 07:01:24,918 - INFO - Validated ZM data: 1571 rows
2025-07-26 07:01:24,970 - INFO - Loaded existing data for MTCH
2025-07-26 07:01:25,003 - INFO - Validated MTCH data: 2651 rows
2025-07-26 07:01:25,057 - INFO - Loaded existing data for ENPH
2025-07-26 07:01:25,089 - INFO - Validated ENPH data: 2651 rows
2025-07-26 07:01:25,128 - INFO - Loaded existing data for MRNA
2025-07-26 07:01:25,151 - INFO - Validated MRNA data: 1661 rows
2025-07-26 07:01:25,177 - INFO - Loaded existing data for OKTA
2025-07-26 07:01:25,202 - INFO - Validated OKTA data: 2081 rows
2025-07-26 07:01:25,233 - INFO - Loaded existing data for DASH
2025-07-26 07:01:25,251 - INFO - Validated DASH data: 1156 rows
2025-07-26 07:01:25,279 - INFO - Loaded existing data for ROKU
2025-07-26 07:01:25,307 - INFO - Validated ROKU data: 1961 rows
2025-07-26 07:01:25,347 - INFO - Loaded existing data for TTD
2025-07-26 07:01:25,380 - INFO - Validated TTD data: 2218 rows
2025-07-26 07:01:25,421 - INFO - Loaded existing data for CVNA
2025-07-26 07:01:25,463 - INFO - Validated CVNA data: 2067 rows
2025-07-26 07:01:25,503 - INFO - Loaded existing data for RBLX
2025-07-26 07:01:25,533 - INFO - Validated RBLX data: 1095 rows
2025-07-26 07:01:25,572 - INFO - Loaded existing data for DOCU
2025-07-26 07:01:25,597 - INFO - Validated DOCU data: 1816 rows
2025-07-26 07:01:25,631 - INFO - Loaded existing data for SNAP
2025-07-26 07:01:25,655 - INFO - Validated SNAP data: 2107 rows
2025-07-26 07:01:25,687 - INFO - Downloading data for GFS (Information Technology)
2025-07-26 07:01:26,702 - WARNING - GFS data quality issues:
2025-07-26 07:01:26,703 - WARNING - - Insufficient history: 938 days < 1000
2025-07-26 07:01:26,721 - INFO - Downloading data for LCID (Consumer Discretionary)
2025-07-26 07:01:27,302 - INFO - Validated LCID data: 1218 rows
2025-07-26 07:01:27,344 - INFO - Downloading data for ON (Information Technology)
2025-07-26 07:01:28,487 - INFO - Validated ON data: 2656 rows
2025-07-26 07:01:28,530 - INFO - Downloading data for RIVN (Consumer Discretionary)
2025-07-26 07:01:28,962 - WARNING - RIVN data quality issues:
2025-07-26 07:01:28,964 - WARNING - - Insufficient history: 929 days < 1000
2025-07-26 07:01:28,990 - INFO - Downloading data for COIN (Financials)
2025-07-26 07:01:29,868 - INFO - Validated COIN data: 1076 rows
2025-07-26 07:01:29,897 - INFO - Downloading data for EQIX (Real Estate)
2025-07-26 07:01:31,093 - INFO - Validated EQIX data: 2656 rows
2025-07-26 07:01:31,148 - INFO - Downloading data for PLD (Real Estate)
2025-07-26 07:01:32,351 - INFO - Validated PLD data: 2656 rows
2025-07-26 07:01:32,401 - INFO - Downloading data for CSGP (Real Estate)
2025-07-26 07:01:33,463 - INFO - Validated CSGP data: 2656 rows
2025-07-26 07:01:33,500 - INFO - Downloading data for FCX (Materials)
2025-07-26 07:01:34,736 - INFO - Validated FCX data: 2656 rows
2025-07-26 07:01:34,792 - INFO - Downloading data for APD (Materials)
2025-07-26 07:01:35,996 - INFO - Validated APD data: 2656 rows
2025-07-26 07:01:36,037 - INFO - Downloading data for LIN (Materials)
2025-07-26 07:01:37,241 - INFO - Validated LIN data: 2656 rows
2025-07-26 07:01:42,043 - INFO - Saved merged dataset to ../data/processed/nasdaq_stocks_merged.csv
