2025-07-26 23:53:04,924 - INFO - Configuration complete. Using 19 processes for parallel computation.
2025-07-26 23:53:04,987 - INFO - Found 109 tickers in sector mapping
2025-07-26 23:53:04,989 - ERROR - Required dataset not found. Please run feature engineering notebook first.
2025-07-26 23:54:28,607 - INFO - Configuration complete. Using 19 processes for parallel computation.
2025-07-26 23:54:28,656 - INFO - Found 109 tickers in sector mapping
2025-07-26 23:54:50,576 - INFO - Combined dataset saved to ..\data\enriched\nasdaq_features.csv
2025-07-26 23:54:50,581 - ERROR - Error loading data: 'Symbol'
2025-07-26 23:57:46,549 - INFO - Configuration complete. Using 19 processes for parallel computation.
2025-07-26 23:57:46,634 - INFO - Found 109 tickers in sector mapping
2025-07-26 23:58:10,103 - INFO - Combined dataset saved to ..\data\enriched\nasdaq_features.csv
2025-07-26 23:58:10,192 - ERROR - Error loading data: 'Symbol'
2025-07-26 23:59:22,640 - INFO - Configuration complete. Using 19 processes for parallel computation.
2025-07-26 23:59:22,694 - INFO - Found 109 tickers in sector mapping
2025-07-26 23:59:44,369 - INFO - Combined dataset saved to ..\data\enriched\nasdaq_features.csv
2025-07-26 23:59:44,486 - ERROR - Error loading data: "['EMA_Short', 'EMA_Long', 'ADX', 'Plus_DI', 'Minus_DI', 'Volatility_GARCH', 'Volatility_ARCH', 'VaR', 'ES', 'Volume_SMA', 'RS_Sector', 'RSI_Sector_Diff', 'Sector_Momentum', 'Sector_Volatility'] not in index"
2025-07-27 00:01:00,958 - INFO - Configuration complete. Using 19 processes for parallel computation.
2025-07-27 00:01:01,004 - INFO - Found 109 tickers in sector mapping
2025-07-27 00:01:24,519 - INFO - Combined dataset saved to ..\data\enriched\nasdaq_features.csv
2025-07-27 00:01:27,313 - ERROR - Error loading data: 'Symbol'
2025-07-27 00:02:18,916 - INFO - Configuration complete. Using 19 processes for parallel computation.
2025-07-27 00:02:18,961 - INFO - Found 109 tickers in sector mapping
2025-07-27 00:02:42,405 - INFO - Combined dataset saved to ..\data\enriched\nasdaq_features.csv
2025-07-27 00:02:45,258 - ERROR - Error processing sector Information Technology: 'Symbol'
2025-07-27 00:02:45,303 - ERROR - Error processing sector Consumer Discretionary: 'Symbol'
2025-07-27 00:02:45,334 - ERROR - Error processing sector Utilities: 'Symbol'
2025-07-27 00:02:45,368 - ERROR - Error processing sector Healthcare: 'Symbol'
2025-07-27 00:02:45,448 - ERROR - Error processing sector Materials: 'Symbol'
2025-07-27 00:02:45,493 - ERROR - Error processing sector Energy: 'Symbol'
2025-07-27 00:02:45,539 - ERROR - Error processing sector Communication Services: 'Symbol'
2025-07-27 00:02:45,595 - ERROR - Error processing sector Financials: 'Symbol'
2025-07-27 00:02:45,636 - ERROR - Error processing sector Consumer Staples: 'Symbol'
2025-07-27 00:02:45,679 - ERROR - Error processing sector Industrials: 'Symbol'
2025-07-27 00:02:45,721 - ERROR - Error processing sector Real Estate: 'Symbol'
2025-07-27 00:03:40,214 - ERROR - Error in feature importance calculation: 'Label'
2025-07-27 00:03:40,241 - ERROR - Error in feature importance calculation: 'Label'
2025-07-27 00:03:40,268 - ERROR - Error in feature importance calculation: 'Label'
2025-07-27 00:03:40,292 - ERROR - Error in feature importance calculation: 'Label'
2025-07-27 00:03:40,317 - ERROR - Error in feature importance calculation: 'Label'
2025-07-27 00:03:40,344 - ERROR - Error in feature importance calculation: 'Label'
2025-07-27 00:03:40,373 - ERROR - Error in feature importance calculation: 'Label'
2025-07-27 00:03:40,398 - ERROR - Error in feature importance calculation: 'Label'
2025-07-27 00:03:40,429 - ERROR - Error in feature importance calculation: 'Label'
2025-07-27 00:03:40,456 - ERROR - Error in feature importance calculation: 'Label'
2025-07-27 00:03:40,482 - ERROR - Error in feature importance calculation: 'Label'
2025-07-27 00:03:40,510 - ERROR - Error in feature importance calculation: 'Label'
2025-07-27 00:03:40,544 - ERROR - Error in feature importance calculation: 'Label'
2025-07-27 00:03:40,568 - ERROR - Error in feature importance calculation: 'Label'
2025-07-27 00:03:40,596 - ERROR - Error in feature importance calculation: 'Label'
2025-07-27 00:03:40,622 - ERROR - Error in feature importance calculation: 'Label'
2025-07-27 00:03:40,652 - ERROR - Error in feature importance calculation: 'Label'
2025-07-27 00:03:40,679 - ERROR - Error in feature importance calculation: 'Label'
2025-07-27 00:03:40,707 - ERROR - Error in feature importance calculation: 'Label'
2025-07-27 00:03:40,731 - ERROR - Error in feature importance calculation: 'Label'
2025-07-27 00:03:40,755 - ERROR - Error in feature importance calculation: 'Label'
2025-07-27 00:03:40,778 - ERROR - Error in feature importance calculation: 'Label'
2025-07-27 00:03:40,799 - ERROR - Error in feature importance calculation: 'Label'
2025-07-27 00:03:40,822 - ERROR - Error in feature importance calculation: 'Label'
2025-07-27 00:03:40,845 - ERROR - Error in feature importance calculation: 'Label'
2025-07-27 00:03:40,870 - ERROR - Error in feature importance calculation: 'Label'
2025-07-27 00:03:40,893 - ERROR - Error in feature importance calculation: 'Label'
2025-07-27 00:03:40,919 - ERROR - Error in feature importance calculation: 'Label'
2025-07-27 00:03:40,944 - ERROR - Error in feature importance calculation: 'Label'
2025-07-27 00:03:40,964 - ERROR - Error in feature importance calculation: 'Label'
2025-07-27 00:03:40,991 - ERROR - Error in feature importance calculation: 'Label'
2025-07-27 00:03:41,015 - ERROR - Error in feature importance calculation: 'Label'
2025-07-27 00:03:41,036 - ERROR - Error in feature importance calculation: 'Label'
2025-07-27 00:03:41,060 - ERROR - Error in feature importance calculation: 'Label'
2025-07-27 00:03:41,090 - ERROR - Error in feature importance calculation: 'Label'
2025-07-27 00:03:41,120 - ERROR - Error in feature importance calculation: 'Label'
2025-07-27 00:03:41,150 - ERROR - Error in feature importance calculation: 'Label'
2025-07-27 00:03:41,177 - ERROR - Error in feature importance calculation: 'Label'
2025-07-27 00:03:41,198 - ERROR - Error in feature importance calculation: 'Label'
2025-07-27 00:03:41,224 - ERROR - Error in feature importance calculation: 'Label'
2025-07-27 00:03:41,262 - ERROR - Error in feature importance calculation: 'Label'
2025-07-27 00:03:41,284 - ERROR - Error in feature importance calculation: 'Label'
2025-07-27 00:03:41,305 - ERROR - Error in feature importance calculation: 'Label'
2025-07-27 00:03:41,331 - ERROR - Error in feature importance calculation: 'Label'
2025-07-27 00:03:41,350 - ERROR - Error in feature importance calculation: 'Label'
2025-07-27 00:03:41,370 - ERROR - Error in feature importance calculation: 'Label'
2025-07-27 00:03:41,396 - ERROR - Error in feature importance calculation: 'Label'
2025-07-27 00:03:41,419 - ERROR - Error in feature importance calculation: 'Label'
2025-07-27 00:03:41,444 - ERROR - Error in feature importance calculation: 'Label'
2025-07-27 00:03:41,464 - ERROR - Error in feature importance calculation: 'Label'
2025-07-27 00:03:41,486 - ERROR - Error in feature importance calculation: 'Label'
2025-07-27 00:03:41,549 - ERROR - Error in feature importance calculation: 'Label'
2025-07-27 00:03:41,570 - ERROR - Error in feature importance calculation: 'Label'
2025-07-27 00:03:41,595 - ERROR - Error in feature importance calculation: 'Label'
2025-07-27 00:03:41,616 - ERROR - Error in feature importance calculation: 'Label'
2025-07-27 00:03:41,642 - ERROR - Error in feature importance calculation: 'Label'
2025-07-27 00:03:41,666 - ERROR - Error in feature importance calculation: 'Label'
2025-07-27 00:03:41,688 - ERROR - Error in feature importance calculation: 'Label'
2025-07-27 00:03:41,710 - ERROR - Error in feature importance calculation: 'Label'
2025-07-27 00:03:41,731 - ERROR - Error in feature importance calculation: 'Label'
2025-07-27 00:03:41,751 - ERROR - Error in feature importance calculation: 'Label'
2025-07-27 00:03:41,781 - ERROR - Error in feature importance calculation: 'Label'
2025-07-27 00:03:41,804 - ERROR - Error in feature importance calculation: 'Label'
2025-07-27 00:03:41,828 - ERROR - Error in feature importance calculation: 'Label'
2025-07-27 00:03:41,851 - ERROR - Error in feature importance calculation: 'Label'
2025-07-27 00:03:41,911 - ERROR - Error in feature importance calculation: 'Label'
2025-07-27 00:03:41,933 - ERROR - Error in feature importance calculation: 'Label'
2025-07-27 00:03:41,953 - ERROR - Error in feature importance calculation: 'Label'
2025-07-27 00:03:42,016 - ERROR - Error in feature importance calculation: 'Label'
2025-07-27 00:03:42,122 - ERROR - Error in feature importance calculation: 'Label'
2025-07-27 00:03:42,179 - ERROR - Error in feature importance calculation: 'Label'
2025-07-27 00:03:42,231 - ERROR - Error in feature importance calculation: 'Label'
2025-07-27 00:03:42,263 - ERROR - Error in feature importance calculation: 'Label'
2025-07-27 00:03:42,291 - ERROR - Error in feature importance calculation: 'Label'
2025-07-27 00:03:42,311 - ERROR - Error in feature importance calculation: 'Label'
2025-07-27 00:03:42,332 - ERROR - Error in feature importance calculation: 'Label'
2025-07-27 00:03:42,368 - ERROR - Error in feature importance calculation: 'Label'
2025-07-27 00:03:42,396 - ERROR - Error in feature importance calculation: 'Label'
2025-07-27 00:03:42,421 - ERROR - Error in feature importance calculation: 'Label'
2025-07-27 00:03:42,475 - ERROR - Error in feature importance calculation: 'Label'
2025-07-27 00:03:42,498 - ERROR - Error in feature importance calculation: 'Label'
2025-07-27 00:03:42,522 - ERROR - Error in feature importance calculation: 'Label'
2025-07-27 00:03:42,567 - ERROR - Error in feature importance calculation: 'Label'
2025-07-27 00:03:42,588 - ERROR - Error in feature importance calculation: 'Label'
2025-07-27 00:03:42,652 - ERROR - Error in feature importance calculation: 'Label'
2025-07-27 00:03:42,674 - ERROR - Error in feature importance calculation: 'Label'
2025-07-27 00:03:42,696 - ERROR - Error in feature importance calculation: 'Label'
2025-07-27 00:03:42,717 - ERROR - Error in feature importance calculation: 'Label'
2025-07-27 00:03:42,740 - ERROR - Error in feature importance calculation: 'Label'
2025-07-27 00:03:42,764 - ERROR - Error in feature importance calculation: 'Label'
2025-07-27 00:03:42,815 - ERROR - Error in feature importance calculation: 'Label'
2025-07-27 00:03:42,836 - ERROR - Error in feature importance calculation: 'Label'
2025-07-27 00:03:42,892 - ERROR - Error in feature importance calculation: 'Label'
2025-07-27 00:03:42,913 - ERROR - Error in feature importance calculation: 'Label'
2025-07-27 00:03:42,934 - ERROR - Error in feature importance calculation: 'Label'
2025-07-27 00:03:42,955 - ERROR - Error in feature importance calculation: 'Label'
2025-07-27 00:03:42,975 - ERROR - Error in feature importance calculation: 'Label'
2025-07-27 00:03:42,998 - ERROR - Error in feature importance calculation: 'Label'
2025-07-27 00:03:43,049 - ERROR - Error in feature importance calculation: 'Label'
2025-07-27 00:03:43,074 - ERROR - Error in feature importance calculation: 'Label'
2025-07-27 00:03:43,095 - ERROR - Error in feature importance calculation: 'Label'
2025-07-27 00:03:43,118 - ERROR - Error in feature importance calculation: 'Label'
2025-07-27 00:03:43,140 - ERROR - Error in feature importance calculation: 'Label'
2025-07-27 00:03:43,167 - ERROR - Error in feature importance calculation: 'Label'
2025-07-27 00:03:43,190 - ERROR - Error in feature importance calculation: 'Label'
2025-07-27 00:03:43,235 - ERROR - Error in feature importance calculation: 'Label'
2025-07-27 00:03:43,257 - ERROR - Error in feature importance calculation: 'Label'
2025-07-27 00:03:43,281 - ERROR - Error in feature importance calculation: 'Label'
2025-07-27 22:30:24,086 - ERROR - Error creating visualizations: The palette dictionary is missing keys: {'Consumer Staples', 'Communication Services', 'Consumer Discretionary', 'Information Technology', 'Real Estate'}
2025-07-27 22:31:41,208 - INFO - Configuration complete. Using 19 processes for parallel computation.
2025-07-27 22:31:41,253 - INFO - Found 109 tickers in sector mapping
2025-07-27 22:32:02,087 - INFO - Combined dataset saved to ..\data\enriched\nasdaq_features.csv
2025-07-27 22:33:42,683 - ERROR - Error creating visualizations: 'group'
2025-07-27 22:36:13,446 - ERROR - Error creating visualizations: 'group'
