2025-07-22 21:34:42,141 - INFO - Found 98 tickers in sector mapping
2025-07-22 21:34:42,213 - INFO - Loaded data with shape: (3762, 9)
2025-07-22 21:34:42,214 - INFO - Sample tickers: AAPL, MSFT, TSLA
2025-07-22 21:34:42,251 - INFO - Processing AAPL
2025-07-22 21:34:42,928 - INFO - AAPL: Dropped 1254 rows with NaN values
2025-07-22 21:34:42,931 - INFO - Saved enriched data for AAPL to ../data/enriched/AAPL_enriched.csv
2025-07-22 21:34:42,932 - INFO - Processing MSFT
2025-07-22 21:34:43,740 - INFO - MSFT: Dropped 1254 rows with NaN values
2025-07-22 21:34:43,745 - INFO - Saved enriched data for MSFT to ../data/enriched/MSFT_enriched.csv
2025-07-22 21:34:43,747 - INFO - Processing AMZN
2025-07-22 21:34:43,751 - WARNING - No data found for AMZN, skipping...
2025-07-22 21:34:43,752 - INFO - Processing NVDA
2025-07-22 21:34:43,756 - WARNING - No data found for NVDA, skipping...
2025-07-22 21:34:43,758 - INFO - Processing META
2025-07-22 21:34:43,764 - WARNING - No data found for META, skipping...
2025-07-22 21:34:43,766 - INFO - Processing GOOGL
2025-07-22 21:34:43,771 - WARNING - No data found for GOOGL, skipping...
2025-07-22 21:34:43,774 - INFO - Processing GOOG
2025-07-22 21:34:43,780 - WARNING - No data found for GOOG, skipping...
2025-07-22 21:34:43,781 - INFO - Processing TSLA
2025-07-22 21:34:44,437 - INFO - TSLA: Dropped 1254 rows with NaN values
2025-07-22 21:34:44,441 - INFO - Saved enriched data for TSLA to ../data/enriched/TSLA_enriched.csv
2025-07-22 21:34:44,443 - INFO - Processing AVGO
2025-07-22 21:34:44,446 - WARNING - No data found for AVGO, skipping...
2025-07-22 21:34:44,446 - INFO - Processing PEP
2025-07-22 21:34:44,448 - WARNING - No data found for PEP, skipping...
2025-07-22 21:34:44,449 - INFO - Processing COST
2025-07-22 21:34:44,451 - WARNING - No data found for COST, skipping...
2025-07-22 21:34:44,452 - INFO - Processing CSCO
2025-07-22 21:34:44,454 - WARNING - No data found for CSCO, skipping...
2025-07-22 21:34:44,455 - INFO - Processing TMUS
2025-07-22 21:34:44,457 - WARNING - No data found for TMUS, skipping...
2025-07-22 21:34:44,458 - INFO - Processing ADBE
2025-07-22 21:34:44,461 - WARNING - No data found for ADBE, skipping...
2025-07-22 21:34:44,462 - INFO - Processing NFLX
2025-07-22 21:34:44,464 - WARNING - No data found for NFLX, skipping...
2025-07-22 21:34:44,465 - INFO - Processing CMCSA
2025-07-22 21:34:44,467 - WARNING - No data found for CMCSA, skipping...
2025-07-22 21:34:44,468 - INFO - Processing AMD
2025-07-22 21:34:44,470 - WARNING - No data found for AMD, skipping...
2025-07-22 21:34:44,471 - INFO - Processing TXN
2025-07-22 21:34:44,472 - WARNING - No data found for TXN, skipping...
2025-07-22 21:34:44,473 - INFO - Processing INTC
2025-07-22 21:34:44,476 - WARNING - No data found for INTC, skipping...
2025-07-22 21:34:44,477 - INFO - Processing QCOM
2025-07-22 21:34:44,479 - WARNING - No data found for QCOM, skipping...
2025-07-22 21:34:44,479 - INFO - Processing INTU
2025-07-22 21:34:44,481 - WARNING - No data found for INTU, skipping...
2025-07-22 21:34:44,482 - INFO - Processing AMGN
2025-07-22 21:34:44,484 - WARNING - No data found for AMGN, skipping...
2025-07-22 21:34:44,485 - INFO - Processing HON
2025-07-22 21:34:44,487 - WARNING - No data found for HON, skipping...
2025-07-22 21:34:44,488 - INFO - Processing AMAT
2025-07-22 21:34:44,490 - WARNING - No data found for AMAT, skipping...
2025-07-22 21:34:44,491 - INFO - Processing ISRG
2025-07-22 21:34:44,496 - WARNING - No data found for ISRG, skipping...
2025-07-22 21:34:44,498 - INFO - Processing SBUX
2025-07-22 21:34:44,500 - WARNING - No data found for SBUX, skipping...
2025-07-22 21:34:44,501 - INFO - Processing ADP
2025-07-22 21:34:44,503 - WARNING - No data found for ADP, skipping...
2025-07-22 21:34:44,504 - INFO - Processing MDLZ
2025-07-22 21:34:44,505 - WARNING - No data found for MDLZ, skipping...
2025-07-22 21:34:44,506 - INFO - Processing ADI
2025-07-22 21:34:44,509 - WARNING - No data found for ADI, skipping...
2025-07-22 21:34:44,510 - INFO - Processing BKNG
2025-07-22 21:34:44,512 - WARNING - No data found for BKNG, skipping...
2025-07-22 21:34:44,513 - INFO - Processing GILD
2025-07-22 21:34:44,515 - WARNING - No data found for GILD, skipping...
2025-07-22 21:34:44,515 - INFO - Processing REGN
2025-07-22 21:34:44,517 - WARNING - No data found for REGN, skipping...
2025-07-22 21:34:44,517 - INFO - Processing VRTX
2025-07-22 21:34:44,519 - WARNING - No data found for VRTX, skipping...
2025-07-22 21:34:44,519 - INFO - Processing PANW
2025-07-22 21:34:44,520 - WARNING - No data found for PANW, skipping...
2025-07-22 21:34:44,521 - INFO - Processing SNPS
2025-07-22 21:34:44,522 - WARNING - No data found for SNPS, skipping...
2025-07-22 21:34:44,523 - INFO - Processing CDNS
2025-07-22 21:34:44,525 - WARNING - No data found for CDNS, skipping...
2025-07-22 21:34:44,526 - INFO - Processing KLAC
2025-07-22 21:34:44,530 - WARNING - No data found for KLAC, skipping...
2025-07-22 21:34:44,531 - INFO - Processing MELI
2025-07-22 21:34:44,533 - WARNING - No data found for MELI, skipping...
2025-07-22 21:34:44,533 - INFO - Processing LRCX
2025-07-22 21:34:44,535 - WARNING - No data found for LRCX, skipping...
2025-07-22 21:34:44,536 - INFO - Processing MU
2025-07-22 21:34:44,537 - WARNING - No data found for MU, skipping...
2025-07-22 21:34:44,537 - INFO - Processing ASML
2025-07-22 21:34:44,538 - WARNING - No data found for ASML, skipping...
2025-07-22 21:34:44,539 - INFO - Processing CHTR
2025-07-22 21:34:44,540 - WARNING - No data found for CHTR, skipping...
2025-07-22 21:34:44,541 - INFO - Processing MAR
2025-07-22 21:34:44,544 - WARNING - No data found for MAR, skipping...
2025-07-22 21:34:44,547 - INFO - Processing ORLY
2025-07-22 21:34:44,551 - WARNING - No data found for ORLY, skipping...
2025-07-22 21:34:44,551 - INFO - Processing MNST
2025-07-22 21:34:44,554 - WARNING - No data found for MNST, skipping...
2025-07-22 21:34:44,555 - INFO - Processing FTNT
2025-07-22 21:34:44,557 - WARNING - No data found for FTNT, skipping...
2025-07-22 21:34:44,557 - INFO - Processing CTAS
2025-07-22 21:34:44,560 - WARNING - No data found for CTAS, skipping...
2025-07-22 21:34:44,561 - INFO - Processing PAYX
2025-07-22 21:34:44,563 - WARNING - No data found for PAYX, skipping...
2025-07-22 21:34:44,564 - INFO - Processing MRVL
2025-07-22 21:34:44,565 - WARNING - No data found for MRVL, skipping...
2025-07-22 21:34:44,566 - INFO - Processing ABNB
2025-07-22 21:34:44,568 - WARNING - No data found for ABNB, skipping...
2025-07-22 21:34:44,568 - INFO - Processing ADSK
2025-07-22 21:34:44,570 - WARNING - No data found for ADSK, skipping...
2025-07-22 21:34:44,571 - INFO - Processing ODFL
2025-07-22 21:34:44,572 - WARNING - No data found for ODFL, skipping...
2025-07-22 21:34:44,572 - INFO - Processing IDXX
2025-07-22 21:34:44,574 - WARNING - No data found for IDXX, skipping...
2025-07-22 21:34:44,575 - INFO - Processing BIIB
2025-07-22 21:34:44,576 - WARNING - No data found for BIIB, skipping...
2025-07-22 21:34:44,577 - INFO - Processing KDP
2025-07-22 21:34:44,579 - WARNING - No data found for KDP, skipping...
2025-07-22 21:34:44,579 - INFO - Processing KHC
2025-07-22 21:34:44,581 - WARNING - No data found for KHC, skipping...
2025-07-22 21:34:44,582 - INFO - Processing DXCM
2025-07-22 21:34:44,583 - WARNING - No data found for DXCM, skipping...
2025-07-22 21:34:44,584 - INFO - Processing NXPI
2025-07-22 21:34:44,585 - WARNING - No data found for NXPI, skipping...
2025-07-22 21:34:44,586 - INFO - Processing MCHP
2025-07-22 21:34:44,587 - WARNING - No data found for MCHP, skipping...
2025-07-22 21:34:44,588 - INFO - Processing WDAY
2025-07-22 21:34:44,592 - WARNING - No data found for WDAY, skipping...
2025-07-22 21:34:44,597 - INFO - Processing PCAR
2025-07-22 21:34:44,603 - WARNING - No data found for PCAR, skipping...
2025-07-22 21:34:44,608 - INFO - Processing ROST
2025-07-22 21:34:44,615 - WARNING - No data found for ROST, skipping...
2025-07-22 21:34:44,618 - INFO - Processing CPRT
2025-07-22 21:34:44,626 - WARNING - No data found for CPRT, skipping...
2025-07-22 21:34:44,631 - INFO - Processing SIRI
2025-07-22 21:34:44,637 - WARNING - No data found for SIRI, skipping...
2025-07-22 21:34:44,640 - INFO - Processing EXC
2025-07-22 21:34:44,647 - WARNING - No data found for EXC, skipping...
2025-07-22 21:34:44,655 - INFO - Processing AEP
2025-07-22 21:34:44,661 - WARNING - No data found for AEP, skipping...
2025-07-22 21:34:44,663 - INFO - Processing VRSK
2025-07-22 21:34:44,671 - WARNING - No data found for VRSK, skipping...
2025-07-22 21:34:44,673 - INFO - Processing FAST
2025-07-22 21:34:44,678 - WARNING - No data found for FAST, skipping...
2025-07-22 21:34:44,683 - INFO - Processing DDOG
2025-07-22 21:34:44,688 - WARNING - No data found for DDOG, skipping...
2025-07-22 21:34:44,691 - INFO - Processing ANSS
2025-07-22 21:34:44,698 - WARNING - No data found for ANSS, skipping...
2025-07-22 21:34:44,700 - INFO - Processing DLTR
2025-07-22 21:34:44,705 - WARNING - No data found for DLTR, skipping...
2025-07-22 21:34:44,706 - INFO - Processing CTSH
2025-07-22 21:34:44,711 - WARNING - No data found for CTSH, skipping...
2025-07-22 21:34:44,713 - INFO - Processing WBD
2025-07-22 21:34:44,717 - WARNING - No data found for WBD, skipping...
2025-07-22 21:34:44,719 - INFO - Processing FANG
2025-07-22 21:34:44,725 - WARNING - No data found for FANG, skipping...
2025-07-22 21:34:44,728 - INFO - Processing XEL
2025-07-22 21:34:44,732 - WARNING - No data found for XEL, skipping...
2025-07-22 21:34:44,734 - INFO - Processing TEAM
2025-07-22 21:34:44,737 - WARNING - No data found for TEAM, skipping...
2025-07-22 21:34:44,738 - INFO - Processing ILMN
2025-07-22 21:34:44,741 - WARNING - No data found for ILMN, skipping...
2025-07-22 21:34:44,745 - INFO - Processing EA
2025-07-22 21:34:44,749 - WARNING - No data found for EA, skipping...
2025-07-22 21:34:44,751 - INFO - Processing BKR
2025-07-22 21:34:44,754 - WARNING - No data found for BKR, skipping...
2025-07-22 21:34:44,756 - INFO - Processing ALGN
2025-07-22 21:34:44,761 - WARNING - No data found for ALGN, skipping...
2025-07-22 21:34:44,762 - INFO - Processing EBAY
2025-07-22 21:34:44,764 - WARNING - No data found for EBAY, skipping...
2025-07-22 21:34:44,765 - INFO - Processing ZS
2025-07-22 21:34:44,767 - WARNING - No data found for ZS, skipping...
2025-07-22 21:34:44,769 - INFO - Processing CRWD
2025-07-22 21:34:44,770 - WARNING - No data found for CRWD, skipping...
2025-07-22 21:34:44,771 - INFO - Processing PYPL
2025-07-22 21:34:44,773 - WARNING - No data found for PYPL, skipping...
2025-07-22 21:34:44,774 - INFO - Processing CSX
2025-07-22 21:34:44,775 - WARNING - No data found for CSX, skipping...
2025-07-22 21:34:44,777 - INFO - Processing ATVI
2025-07-22 21:34:44,780 - WARNING - No data found for ATVI, skipping...
2025-07-22 21:34:44,780 - INFO - Processing ZM
2025-07-22 21:34:44,782 - WARNING - No data found for ZM, skipping...
2025-07-22 21:34:44,783 - INFO - Processing MTCH
2025-07-22 21:34:44,785 - WARNING - No data found for MTCH, skipping...
2025-07-22 21:34:44,786 - INFO - Processing ENPH
2025-07-22 21:34:44,788 - WARNING - No data found for ENPH, skipping...
2025-07-22 21:34:44,789 - INFO - Processing MRNA
2025-07-22 21:34:44,792 - WARNING - No data found for MRNA, skipping...
2025-07-22 21:34:44,794 - INFO - Processing OKTA
2025-07-22 21:34:44,796 - WARNING - No data found for OKTA, skipping...
2025-07-22 21:34:44,797 - INFO - Processing DASH
2025-07-22 21:34:44,799 - WARNING - No data found for DASH, skipping...
2025-07-22 21:34:44,800 - INFO - Processing ROKU
2025-07-22 21:34:44,801 - WARNING - No data found for ROKU, skipping...
2025-07-22 21:34:44,802 - INFO - Processing TTD
2025-07-22 21:34:44,803 - WARNING - No data found for TTD, skipping...
2025-07-22 21:34:44,804 - INFO - Processing CVNA
2025-07-22 21:34:44,805 - WARNING - No data found for CVNA, skipping...
2025-07-22 21:34:44,806 - INFO - Processing RBLX
2025-07-22 21:34:44,807 - WARNING - No data found for RBLX, skipping...
2025-07-22 21:34:44,808 - INFO - Processing DOCU
2025-07-22 21:34:44,811 - WARNING - No data found for DOCU, skipping...
2025-07-22 21:34:44,811 - INFO - Processing SNAP
2025-07-22 21:34:44,813 - WARNING - No data found for SNAP, skipping...
2025-07-23 20:21:55,931 - INFO - Found 98 tickers in sector mapping
2025-07-23 20:21:55,992 - INFO - Loaded data with shape: (3762, 9)
2025-07-23 20:21:55,998 - INFO - Sample tickers: AAPL, MSFT, TSLA
2025-07-23 20:21:56,058 - INFO - Processing AAPL
2025-07-23 20:21:57,276 - INFO - AAPL: Dropped 1254 rows with NaN values
2025-07-23 20:21:57,280 - INFO - Saved enriched data for AAPL to ../data/enriched/AAPL_enriched.csv
2025-07-23 20:21:57,283 - INFO - Processing MSFT
2025-07-23 20:21:58,286 - INFO - MSFT: Dropped 1254 rows with NaN values
2025-07-23 20:21:58,290 - INFO - Saved enriched data for MSFT to ../data/enriched/MSFT_enriched.csv
2025-07-23 20:21:58,293 - INFO - Processing AMZN
2025-07-23 20:21:58,295 - WARNING - No data found for AMZN, skipping...
2025-07-23 20:21:58,296 - INFO - Processing NVDA
2025-07-23 20:21:58,300 - WARNING - No data found for NVDA, skipping...
2025-07-23 20:21:58,301 - INFO - Processing META
2025-07-23 20:21:58,303 - WARNING - No data found for META, skipping...
2025-07-23 20:21:58,304 - INFO - Processing GOOGL
2025-07-23 20:21:58,308 - WARNING - No data found for GOOGL, skipping...
2025-07-23 20:21:58,310 - INFO - Processing GOOG
2025-07-23 20:21:58,313 - WARNING - No data found for GOOG, skipping...
2025-07-23 20:21:58,314 - INFO - Processing TSLA
2025-07-23 20:21:59,230 - INFO - TSLA: Dropped 1254 rows with NaN values
2025-07-23 20:21:59,232 - INFO - Saved enriched data for TSLA to ../data/enriched/TSLA_enriched.csv
2025-07-23 20:21:59,234 - INFO - Processing AVGO
2025-07-23 20:21:59,237 - WARNING - No data found for AVGO, skipping...
2025-07-23 20:21:59,237 - INFO - Processing PEP
2025-07-23 20:21:59,240 - WARNING - No data found for PEP, skipping...
2025-07-23 20:21:59,242 - INFO - Processing COST
2025-07-23 20:21:59,245 - WARNING - No data found for COST, skipping...
2025-07-23 20:21:59,246 - INFO - Processing CSCO
2025-07-23 20:21:59,249 - WARNING - No data found for CSCO, skipping...
2025-07-23 20:21:59,250 - INFO - Processing TMUS
2025-07-23 20:21:59,252 - WARNING - No data found for TMUS, skipping...
2025-07-23 20:21:59,253 - INFO - Processing ADBE
2025-07-23 20:21:59,262 - WARNING - No data found for ADBE, skipping...
2025-07-23 20:21:59,264 - INFO - Processing NFLX
2025-07-23 20:21:59,267 - WARNING - No data found for NFLX, skipping...
2025-07-23 20:21:59,268 - INFO - Processing CMCSA
2025-07-23 20:21:59,270 - WARNING - No data found for CMCSA, skipping...
2025-07-23 20:21:59,271 - INFO - Processing AMD
2025-07-23 20:21:59,276 - WARNING - No data found for AMD, skipping...
2025-07-23 20:21:59,276 - INFO - Processing TXN
2025-07-23 20:21:59,278 - WARNING - No data found for TXN, skipping...
2025-07-23 20:21:59,280 - INFO - Processing INTC
2025-07-23 20:21:59,283 - WARNING - No data found for INTC, skipping...
2025-07-23 20:21:59,284 - INFO - Processing QCOM
2025-07-23 20:21:59,286 - WARNING - No data found for QCOM, skipping...
2025-07-23 20:21:59,287 - INFO - Processing INTU
2025-07-23 20:21:59,292 - WARNING - No data found for INTU, skipping...
2025-07-23 20:21:59,294 - INFO - Processing AMGN
2025-07-23 20:21:59,296 - WARNING - No data found for AMGN, skipping...
2025-07-23 20:21:59,297 - INFO - Processing HON
2025-07-23 20:21:59,300 - WARNING - No data found for HON, skipping...
2025-07-23 20:21:59,301 - INFO - Processing AMAT
2025-07-23 20:21:59,303 - WARNING - No data found for AMAT, skipping...
2025-07-23 20:21:59,306 - INFO - Processing ISRG
2025-07-23 20:21:59,310 - WARNING - No data found for ISRG, skipping...
2025-07-23 20:21:59,311 - INFO - Processing SBUX
2025-07-23 20:21:59,314 - WARNING - No data found for SBUX, skipping...
2025-07-23 20:21:59,317 - INFO - Processing ADP
2025-07-23 20:21:59,320 - WARNING - No data found for ADP, skipping...
2025-07-23 20:21:59,327 - INFO - Processing MDLZ
2025-07-23 20:21:59,377 - WARNING - No data found for MDLZ, skipping...
2025-07-23 20:21:59,380 - INFO - Processing ADI
2025-07-23 20:21:59,384 - WARNING - No data found for ADI, skipping...
2025-07-23 20:21:59,400 - INFO - Processing BKNG
2025-07-23 20:21:59,418 - WARNING - No data found for BKNG, skipping...
2025-07-23 20:21:59,421 - INFO - Processing GILD
2025-07-23 20:21:59,426 - WARNING - No data found for GILD, skipping...
2025-07-23 20:21:59,427 - INFO - Processing REGN
2025-07-23 20:21:59,429 - WARNING - No data found for REGN, skipping...
2025-07-23 20:21:59,436 - INFO - Processing VRTX
2025-07-23 20:21:59,439 - WARNING - No data found for VRTX, skipping...
2025-07-23 20:21:59,441 - INFO - Processing PANW
2025-07-23 20:21:59,443 - WARNING - No data found for PANW, skipping...
2025-07-23 20:21:59,444 - INFO - Processing SNPS
2025-07-23 20:21:59,448 - WARNING - No data found for SNPS, skipping...
2025-07-23 20:21:59,449 - INFO - Processing CDNS
2025-07-23 20:21:59,467 - WARNING - No data found for CDNS, skipping...
2025-07-23 20:21:59,470 - INFO - Processing KLAC
2025-07-23 20:21:59,482 - WARNING - No data found for KLAC, skipping...
2025-07-23 20:21:59,485 - INFO - Processing MELI
2025-07-23 20:21:59,488 - WARNING - No data found for MELI, skipping...
2025-07-23 20:21:59,489 - INFO - Processing LRCX
2025-07-23 20:21:59,491 - WARNING - No data found for LRCX, skipping...
2025-07-23 20:21:59,493 - INFO - Processing MU
2025-07-23 20:21:59,496 - WARNING - No data found for MU, skipping...
2025-07-23 20:21:59,497 - INFO - Processing ASML
2025-07-23 20:21:59,499 - WARNING - No data found for ASML, skipping...
2025-07-23 20:21:59,501 - INFO - Processing CHTR
2025-07-23 20:21:59,503 - WARNING - No data found for CHTR, skipping...
2025-07-23 20:21:59,505 - INFO - Processing MAR
2025-07-23 20:21:59,508 - WARNING - No data found for MAR, skipping...
2025-07-23 20:21:59,509 - INFO - Processing ORLY
2025-07-23 20:21:59,512 - WARNING - No data found for ORLY, skipping...
2025-07-23 20:21:59,514 - INFO - Processing MNST
2025-07-23 20:21:59,518 - WARNING - No data found for MNST, skipping...
2025-07-23 20:21:59,519 - INFO - Processing FTNT
2025-07-23 20:21:59,522 - WARNING - No data found for FTNT, skipping...
2025-07-23 20:21:59,528 - INFO - Processing CTAS
2025-07-23 20:21:59,531 - WARNING - No data found for CTAS, skipping...
2025-07-23 20:21:59,532 - INFO - Processing PAYX
2025-07-23 20:21:59,578 - WARNING - No data found for PAYX, skipping...
2025-07-23 20:21:59,580 - INFO - Processing MRVL
2025-07-23 20:21:59,583 - WARNING - No data found for MRVL, skipping...
2025-07-23 20:21:59,586 - INFO - Processing ABNB
2025-07-23 20:21:59,590 - WARNING - No data found for ABNB, skipping...
2025-07-23 20:21:59,594 - INFO - Processing ADSK
2025-07-23 20:21:59,597 - WARNING - No data found for ADSK, skipping...
2025-07-23 20:21:59,599 - INFO - Processing ODFL
2025-07-23 20:21:59,602 - WARNING - No data found for ODFL, skipping...
2025-07-23 20:21:59,604 - INFO - Processing IDXX
2025-07-23 20:21:59,608 - WARNING - No data found for IDXX, skipping...
2025-07-23 20:21:59,609 - INFO - Processing BIIB
2025-07-23 20:21:59,612 - WARNING - No data found for BIIB, skipping...
2025-07-23 20:21:59,614 - INFO - Processing KDP
2025-07-23 20:21:59,616 - WARNING - No data found for KDP, skipping...
2025-07-23 20:21:59,616 - INFO - Processing KHC
2025-07-23 20:21:59,618 - WARNING - No data found for KHC, skipping...
2025-07-23 20:21:59,618 - INFO - Processing DXCM
2025-07-23 20:21:59,620 - WARNING - No data found for DXCM, skipping...
2025-07-23 20:21:59,621 - INFO - Processing NXPI
2025-07-23 20:21:59,624 - WARNING - No data found for NXPI, skipping...
2025-07-23 20:21:59,624 - INFO - Processing MCHP
2025-07-23 20:21:59,626 - WARNING - No data found for MCHP, skipping...
2025-07-23 20:21:59,627 - INFO - Processing WDAY
2025-07-23 20:21:59,629 - WARNING - No data found for WDAY, skipping...
2025-07-23 20:21:59,631 - INFO - Processing PCAR
2025-07-23 20:21:59,633 - WARNING - No data found for PCAR, skipping...
2025-07-23 20:21:59,634 - INFO - Processing ROST
2025-07-23 20:21:59,636 - WARNING - No data found for ROST, skipping...
2025-07-23 20:21:59,636 - INFO - Processing CPRT
2025-07-23 20:21:59,638 - WARNING - No data found for CPRT, skipping...
2025-07-23 20:21:59,639 - INFO - Processing SIRI
2025-07-23 20:21:59,641 - WARNING - No data found for SIRI, skipping...
2025-07-23 20:21:59,642 - INFO - Processing EXC
2025-07-23 20:21:59,644 - WARNING - No data found for EXC, skipping...
2025-07-23 20:21:59,645 - INFO - Processing AEP
2025-07-23 20:21:59,648 - WARNING - No data found for AEP, skipping...
2025-07-23 20:21:59,649 - INFO - Processing VRSK
2025-07-23 20:21:59,651 - WARNING - No data found for VRSK, skipping...
2025-07-23 20:21:59,652 - INFO - Processing FAST
2025-07-23 20:21:59,655 - WARNING - No data found for FAST, skipping...
2025-07-23 20:21:59,657 - INFO - Processing DDOG
2025-07-23 20:21:59,659 - WARNING - No data found for DDOG, skipping...
2025-07-23 20:21:59,660 - INFO - Processing ANSS
2025-07-23 20:21:59,663 - WARNING - No data found for ANSS, skipping...
2025-07-23 20:21:59,664 - INFO - Processing DLTR
2025-07-23 20:21:59,667 - WARNING - No data found for DLTR, skipping...
2025-07-23 20:21:59,668 - INFO - Processing CTSH
2025-07-23 20:21:59,670 - WARNING - No data found for CTSH, skipping...
2025-07-23 20:21:59,672 - INFO - Processing WBD
2025-07-23 20:21:59,674 - WARNING - No data found for WBD, skipping...
2025-07-23 20:21:59,676 - INFO - Processing FANG
2025-07-23 20:21:59,679 - WARNING - No data found for FANG, skipping...
2025-07-23 20:21:59,680 - INFO - Processing XEL
2025-07-23 20:21:59,682 - WARNING - No data found for XEL, skipping...
2025-07-23 20:21:59,683 - INFO - Processing TEAM
2025-07-23 20:21:59,685 - WARNING - No data found for TEAM, skipping...
2025-07-23 20:21:59,687 - INFO - Processing ILMN
2025-07-23 20:21:59,689 - WARNING - No data found for ILMN, skipping...
2025-07-23 20:21:59,690 - INFO - Processing EA
2025-07-23 20:21:59,692 - WARNING - No data found for EA, skipping...
2025-07-23 20:21:59,693 - INFO - Processing BKR
2025-07-23 20:21:59,694 - WARNING - No data found for BKR, skipping...
2025-07-23 20:21:59,695 - INFO - Processing ALGN
2025-07-23 20:21:59,697 - WARNING - No data found for ALGN, skipping...
2025-07-23 20:21:59,698 - INFO - Processing EBAY
2025-07-23 20:21:59,701 - WARNING - No data found for EBAY, skipping...
2025-07-23 20:21:59,701 - INFO - Processing ZS
2025-07-23 20:21:59,703 - WARNING - No data found for ZS, skipping...
2025-07-23 20:21:59,704 - INFO - Processing CRWD
2025-07-23 20:21:59,706 - WARNING - No data found for CRWD, skipping...
2025-07-23 20:21:59,707 - INFO - Processing PYPL
2025-07-23 20:21:59,709 - WARNING - No data found for PYPL, skipping...
2025-07-23 20:21:59,710 - INFO - Processing CSX
2025-07-23 20:21:59,711 - WARNING - No data found for CSX, skipping...
2025-07-23 20:21:59,713 - INFO - Processing ATVI
2025-07-23 20:21:59,715 - WARNING - No data found for ATVI, skipping...
2025-07-23 20:21:59,716 - INFO - Processing ZM
2025-07-23 20:21:59,718 - WARNING - No data found for ZM, skipping...
2025-07-23 20:21:59,719 - INFO - Processing MTCH
2025-07-23 20:21:59,721 - WARNING - No data found for MTCH, skipping...
2025-07-23 20:21:59,723 - INFO - Processing ENPH
2025-07-23 20:21:59,725 - WARNING - No data found for ENPH, skipping...
2025-07-23 20:21:59,725 - INFO - Processing MRNA
2025-07-23 20:21:59,727 - WARNING - No data found for MRNA, skipping...
2025-07-23 20:21:59,727 - INFO - Processing OKTA
2025-07-23 20:21:59,730 - WARNING - No data found for OKTA, skipping...
2025-07-23 20:21:59,731 - INFO - Processing DASH
2025-07-23 20:21:59,733 - WARNING - No data found for DASH, skipping...
2025-07-23 20:21:59,735 - INFO - Processing ROKU
2025-07-23 20:21:59,736 - WARNING - No data found for ROKU, skipping...
2025-07-23 20:21:59,737 - INFO - Processing TTD
2025-07-23 20:21:59,739 - WARNING - No data found for TTD, skipping...
2025-07-23 20:21:59,740 - INFO - Processing CVNA
2025-07-23 20:21:59,742 - WARNING - No data found for CVNA, skipping...
2025-07-23 20:21:59,742 - INFO - Processing RBLX
2025-07-23 20:21:59,745 - WARNING - No data found for RBLX, skipping...
2025-07-23 20:21:59,746 - INFO - Processing DOCU
2025-07-23 20:21:59,749 - WARNING - No data found for DOCU, skipping...
2025-07-23 20:21:59,749 - INFO - Processing SNAP
2025-07-23 20:21:59,751 - WARNING - No data found for SNAP, skipping...
