2025-07-26 04:59:56,508 - INFO - Loaded 98 tickers across 9 sectors
2025-07-26 04:59:56,510 - INFO - Configured to download 98 stocks from 2015-01-01 to 2025-07-26
2025-07-26 04:59:56,548 - INFO - Processing AAPL (Technology)
2025-07-26 04:59:56,565 - INFO - Loaded existing data for AAPL
2025-07-26 04:59:56,575 - INFO - Validated AAPL data: 2651 rows
2025-07-26 04:59:56,576 - INFO - Processing MSFT (Technology)
2025-07-26 04:59:56,589 - INFO - Loaded existing data for MSFT
2025-07-26 04:59:56,599 - INFO - Validated MSFT data: 2651 rows
2025-07-26 04:59:56,601 - INFO - Processing AMZN (Consumer Discretionary)
2025-07-26 04:59:56,614 - INFO - Loaded existing data for AMZN
2025-07-26 04:59:56,620 - INFO - Validated AMZN data: 2651 rows
2025-07-26 04:59:56,624 - INFO - Processing NVDA (Technology)
2025-07-26 04:59:56,650 - INFO - Loaded existing data for NVDA
2025-07-26 04:59:56,659 - WARNING - NVDA data quality issues:
2025-07-26 04:59:56,661 - WARNING - - 29 potential outliers in Open prices
2025-07-26 04:59:56,662 - WARNING - - 27 potential outliers in High prices
2025-07-26 04:59:56,663 - WARNING - - 31 potential outliers in Low prices
2025-07-26 04:59:56,665 - WARNING - - 29 potential outliers in Close prices
2025-07-26 04:59:56,667 - INFO - Processing META (Technology)
2025-07-26 04:59:56,680 - INFO - Loaded existing data for META
2025-07-26 04:59:56,688 - WARNING - META data quality issues:
2025-07-26 04:59:56,690 - WARNING - - 40 potential outliers in Open prices
2025-07-26 04:59:56,692 - WARNING - - 39 potential outliers in High prices
2025-07-26 04:59:56,694 - WARNING - - 39 potential outliers in Low prices
2025-07-26 04:59:56,695 - WARNING - - 39 potential outliers in Close prices
2025-07-26 04:59:56,696 - INFO - Processing GOOGL (Technology)
2025-07-26 04:59:56,711 - INFO - Loaded existing data for GOOGL
2025-07-26 04:59:56,724 - INFO - Validated GOOGL data: 2651 rows
2025-07-26 04:59:56,726 - INFO - Processing GOOG (Technology)
2025-07-26 04:59:56,740 - INFO - Loaded existing data for GOOG
2025-07-26 04:59:56,747 - INFO - Validated GOOG data: 2651 rows
2025-07-26 04:59:56,748 - INFO - Processing TSLA (Consumer Discretionary)
2025-07-26 04:59:56,756 - INFO - Loaded existing data for TSLA
2025-07-26 04:59:56,768 - INFO - Validated TSLA data: 2651 rows
2025-07-26 04:59:56,773 - INFO - Processing AVGO (Technology)
2025-07-26 04:59:56,786 - INFO - Loaded existing data for AVGO
2025-07-26 04:59:56,795 - WARNING - AVGO data quality issues:
2025-07-26 04:59:56,796 - WARNING - - 80 potential outliers in Open prices
2025-07-26 04:59:56,798 - WARNING - - 82 potential outliers in High prices
2025-07-26 04:59:56,800 - WARNING - - 79 potential outliers in Low prices
2025-07-26 04:59:56,803 - WARNING - - 79 potential outliers in Close prices
2025-07-26 04:59:56,811 - INFO - Processing PEP (Consumer Staples)
2025-07-26 04:59:56,829 - INFO - Loaded existing data for PEP
2025-07-26 04:59:56,851 - INFO - Validated PEP data: 2651 rows
2025-07-26 04:59:56,853 - INFO - Processing COST (Consumer Staples)
2025-07-26 04:59:56,864 - INFO - Loaded existing data for COST
2025-07-26 04:59:56,873 - INFO - Validated COST data: 2651 rows
2025-07-26 04:59:56,875 - INFO - Processing CSCO (Technology)
2025-07-26 04:59:56,891 - INFO - Loaded existing data for CSCO
2025-07-26 04:59:56,898 - INFO - Validated CSCO data: 2651 rows
2025-07-26 04:59:56,902 - INFO - Processing TMUS (Communication Services)
2025-07-26 04:59:56,914 - INFO - Loaded existing data for TMUS
2025-07-26 04:59:56,920 - INFO - Validated TMUS data: 2651 rows
2025-07-26 04:59:56,922 - INFO - Processing ADBE (Technology)
2025-07-26 04:59:56,933 - INFO - Loaded existing data for ADBE
2025-07-26 04:59:56,939 - INFO - Validated ADBE data: 2651 rows
2025-07-26 04:59:56,940 - INFO - Processing NFLX (Communication Services)
2025-07-26 04:59:56,949 - INFO - Loaded existing data for NFLX
2025-07-26 04:59:56,957 - WARNING - NFLX data quality issues:
2025-07-26 04:59:56,958 - WARNING - - 55 potential outliers in Open prices
2025-07-26 04:59:56,960 - WARNING - - 56 potential outliers in High prices
2025-07-26 04:59:56,961 - WARNING - - 55 potential outliers in Low prices
2025-07-26 04:59:56,962 - WARNING - - 55 potential outliers in Close prices
2025-07-26 04:59:56,963 - INFO - Processing CMCSA (Communication Services)
2025-07-26 04:59:56,972 - INFO - Loaded existing data for CMCSA
2025-07-26 04:59:56,979 - INFO - Validated CMCSA data: 2651 rows
2025-07-26 04:59:56,980 - INFO - Processing AMD (Technology)
2025-07-26 04:59:56,990 - INFO - Loaded existing data for AMD
2025-07-26 04:59:56,996 - WARNING - AMD data quality issues:
2025-07-26 04:59:56,997 - WARNING - - 1 potential outliers in High prices
2025-07-26 04:59:56,998 - INFO - Processing TXN (Technology)
2025-07-26 04:59:57,007 - INFO - Loaded existing data for TXN
2025-07-26 04:59:57,013 - INFO - Validated TXN data: 2651 rows
2025-07-26 04:59:57,016 - INFO - Processing INTC (Technology)
2025-07-26 04:59:57,091 - INFO - Loaded existing data for INTC
2025-07-26 04:59:57,106 - INFO - Validated INTC data: 2651 rows
2025-07-26 04:59:57,108 - INFO - Processing QCOM (Technology)
2025-07-26 04:59:57,117 - INFO - Loaded existing data for QCOM
2025-07-26 04:59:57,124 - INFO - Validated QCOM data: 2651 rows
2025-07-26 04:59:57,125 - INFO - Processing INTU (Technology)
2025-07-26 04:59:57,137 - INFO - Loaded existing data for INTU
2025-07-26 04:59:57,144 - INFO - Validated INTU data: 2651 rows
2025-07-26 04:59:57,145 - INFO - Processing AMGN (Healthcare)
2025-07-26 04:59:57,156 - INFO - Loaded existing data for AMGN
2025-07-26 04:59:57,162 - INFO - Validated AMGN data: 2651 rows
2025-07-26 04:59:57,163 - INFO - Processing HON (Industrials)
2025-07-26 04:59:57,173 - INFO - Loaded existing data for HON
2025-07-26 04:59:57,178 - INFO - Validated HON data: 2651 rows
2025-07-26 04:59:57,181 - INFO - Processing AMAT (Technology)
2025-07-26 04:59:57,189 - INFO - Loaded existing data for AMAT
2025-07-26 04:59:57,195 - INFO - Validated AMAT data: 2651 rows
2025-07-26 04:59:57,196 - INFO - Processing ISRG (Healthcare)
2025-07-26 04:59:57,204 - INFO - Loaded existing data for ISRG
2025-07-26 04:59:57,210 - INFO - Validated ISRG data: 2651 rows
2025-07-26 04:59:57,211 - INFO - Processing SBUX (Consumer Discretionary)
2025-07-26 04:59:57,219 - INFO - Loaded existing data for SBUX
2025-07-26 04:59:57,225 - INFO - Validated SBUX data: 2651 rows
2025-07-26 04:59:57,226 - INFO - Processing ADP (Technology)
2025-07-26 04:59:57,255 - INFO - Loaded existing data for ADP
2025-07-26 04:59:57,279 - INFO - Validated ADP data: 2651 rows
2025-07-26 04:59:57,282 - INFO - Processing MDLZ (Consumer Staples)
2025-07-26 04:59:57,295 - INFO - Loaded existing data for MDLZ
2025-07-26 04:59:57,301 - INFO - Validated MDLZ data: 2651 rows
2025-07-26 04:59:57,303 - INFO - Processing ADI (Technology)
2025-07-26 04:59:57,314 - INFO - Loaded existing data for ADI
2025-07-26 04:59:57,321 - INFO - Validated ADI data: 2651 rows
2025-07-26 04:59:57,323 - INFO - Processing BKNG (Consumer Discretionary)
2025-07-26 04:59:57,331 - INFO - Loaded existing data for BKNG
2025-07-26 04:59:57,337 - WARNING - BKNG data quality issues:
2025-07-26 04:59:57,338 - WARNING - - 44 potential outliers in Open prices
2025-07-26 04:59:57,340 - WARNING - - 45 potential outliers in High prices
2025-07-26 04:59:57,341 - WARNING - - 45 potential outliers in Low prices
2025-07-26 04:59:57,342 - WARNING - - 45 potential outliers in Close prices
2025-07-26 04:59:57,343 - INFO - Processing GILD (Healthcare)
2025-07-26 04:59:57,353 - INFO - Loaded existing data for GILD
2025-07-26 04:59:57,358 - WARNING - GILD data quality issues:
2025-07-26 04:59:57,359 - WARNING - - 74 potential outliers in Open prices
2025-07-26 04:59:57,360 - WARNING - - 76 potential outliers in High prices
2025-07-26 04:59:57,361 - WARNING - - 75 potential outliers in Low prices
2025-07-26 04:59:57,362 - WARNING - - 79 potential outliers in Close prices
2025-07-26 04:59:57,362 - INFO - Processing REGN (Healthcare)
2025-07-26 04:59:57,372 - INFO - Loaded existing data for REGN
2025-07-26 04:59:57,379 - WARNING - REGN data quality issues:
2025-07-26 04:59:57,380 - WARNING - - 21 potential outliers in Open prices
2025-07-26 04:59:57,381 - WARNING - - 20 potential outliers in High prices
2025-07-26 04:59:57,381 - WARNING - - 20 potential outliers in Low prices
2025-07-26 04:59:57,382 - WARNING - - 21 potential outliers in Close prices
2025-07-26 04:59:57,384 - INFO - Processing VRTX (Healthcare)
2025-07-26 04:59:57,394 - INFO - Loaded existing data for VRTX
2025-07-26 04:59:57,399 - INFO - Validated VRTX data: 2651 rows
2025-07-26 04:59:57,400 - INFO - Processing PANW (Technology)
2025-07-26 04:59:57,411 - INFO - Loaded existing data for PANW
2025-07-26 04:59:57,416 - INFO - Validated PANW data: 2651 rows
2025-07-26 04:59:57,417 - INFO - Processing SNPS (Technology)
2025-07-26 04:59:57,427 - INFO - Loaded existing data for SNPS
2025-07-26 04:59:57,433 - INFO - Validated SNPS data: 2651 rows
2025-07-26 04:59:57,433 - INFO - Processing CDNS (Technology)
2025-07-26 04:59:57,443 - INFO - Loaded existing data for CDNS
2025-07-26 04:59:57,450 - INFO - Validated CDNS data: 2651 rows
2025-07-26 04:59:57,450 - INFO - Processing KLAC (Technology)
2025-07-26 04:59:57,460 - INFO - Loaded existing data for KLAC
2025-07-26 04:59:57,465 - INFO - Validated KLAC data: 2651 rows
2025-07-26 04:59:57,467 - INFO - Processing MELI (Consumer Discretionary)
2025-07-26 04:59:57,477 - INFO - Loaded existing data for MELI
2025-07-26 04:59:57,482 - INFO - Validated MELI data: 2651 rows
2025-07-26 04:59:57,483 - INFO - Processing LRCX (Technology)
2025-07-26 04:59:57,496 - INFO - Loaded existing data for LRCX
2025-07-26 04:59:57,502 - INFO - Validated LRCX data: 2651 rows
2025-07-26 04:59:57,506 - INFO - Processing MU (Technology)
2025-07-26 04:59:57,516 - INFO - Loaded existing data for MU
2025-07-26 04:59:57,521 - WARNING - MU data quality issues:
2025-07-26 04:59:57,523 - WARNING - - 6 potential outliers in Open prices
2025-07-26 04:59:57,524 - WARNING - - 3 potential outliers in High prices
2025-07-26 04:59:57,525 - WARNING - - 6 potential outliers in Low prices
2025-07-26 04:59:57,527 - WARNING - - 5 potential outliers in Close prices
2025-07-26 04:59:57,528 - INFO - Processing ASML (Technology)
2025-07-26 04:59:57,538 - INFO - Loaded existing data for ASML
2025-07-26 04:59:57,544 - INFO - Validated ASML data: 2651 rows
2025-07-26 04:59:57,545 - INFO - Processing CHTR (Communication Services)
2025-07-26 04:59:57,554 - INFO - Loaded existing data for CHTR
2025-07-26 04:59:57,561 - INFO - Validated CHTR data: 2651 rows
2025-07-26 04:59:57,562 - INFO - Processing MAR (Consumer Discretionary)
2025-07-26 04:59:57,572 - INFO - Loaded existing data for MAR
2025-07-26 04:59:57,578 - INFO - Validated MAR data: 2651 rows
2025-07-26 04:59:57,579 - INFO - Processing ORLY (Consumer Discretionary)
2025-07-26 04:59:57,588 - INFO - Loaded existing data for ORLY
2025-07-26 04:59:57,593 - INFO - Validated ORLY data: 2651 rows
2025-07-26 04:59:57,594 - INFO - Processing MNST (Consumer Staples)
2025-07-26 04:59:57,602 - INFO - Loaded existing data for MNST
2025-07-26 04:59:57,610 - INFO - Validated MNST data: 2651 rows
2025-07-26 04:59:57,612 - INFO - Processing FTNT (Technology)
2025-07-26 04:59:57,621 - INFO - Loaded existing data for FTNT
2025-07-26 04:59:57,628 - INFO - Validated FTNT data: 2651 rows
2025-07-26 04:59:57,641 - INFO - Processing CTAS (Industrials)
2025-07-26 04:59:57,721 - INFO - Loaded existing data for CTAS
2025-07-26 04:59:57,730 - INFO - Validated CTAS data: 2651 rows
2025-07-26 04:59:57,732 - INFO - Processing PAYX (Technology)
2025-07-26 04:59:57,745 - INFO - Loaded existing data for PAYX
2025-07-26 04:59:57,754 - INFO - Validated PAYX data: 2651 rows
2025-07-26 04:59:57,756 - INFO - Processing MRVL (Technology)
2025-07-26 04:59:57,769 - INFO - Loaded existing data for MRVL
2025-07-26 04:59:57,777 - WARNING - MRVL data quality issues:
2025-07-26 04:59:57,778 - WARNING - - 27 potential outliers in Open prices
2025-07-26 04:59:57,779 - WARNING - - 31 potential outliers in High prices
2025-07-26 04:59:57,780 - WARNING - - 31 potential outliers in Low prices
2025-07-26 04:59:57,780 - WARNING - - 31 potential outliers in Close prices
2025-07-26 04:59:57,781 - INFO - Processing ABNB (Consumer Discretionary)
2025-07-26 04:59:57,792 - INFO - Loaded existing data for ABNB
2025-07-26 04:59:57,798 - WARNING - ABNB data quality issues:
2025-07-26 04:59:57,799 - WARNING - - 2 potential outliers in Open prices
2025-07-26 04:59:57,803 - WARNING - - 2 potential outliers in High prices
2025-07-26 04:59:57,805 - WARNING - - 2 potential outliers in Low prices
2025-07-26 04:59:57,806 - WARNING - - 1 potential outliers in Close prices
2025-07-26 04:59:57,808 - INFO - Processing ADSK (Technology)
2025-07-26 04:59:57,816 - INFO - Loaded existing data for ADSK
2025-07-26 04:59:57,822 - INFO - Validated ADSK data: 2651 rows
2025-07-26 04:59:57,823 - INFO - Processing ODFL (Industrials)
2025-07-26 04:59:57,831 - INFO - Loaded existing data for ODFL
2025-07-26 04:59:57,835 - INFO - Validated ODFL data: 2651 rows
2025-07-26 04:59:57,836 - INFO - Processing IDXX (Healthcare)
2025-07-26 04:59:57,845 - INFO - Loaded existing data for IDXX
2025-07-26 04:59:57,879 - INFO - Validated IDXX data: 2651 rows
2025-07-26 04:59:57,881 - INFO - Processing BIIB (Healthcare)
2025-07-26 04:59:57,892 - INFO - Loaded existing data for BIIB
2025-07-26 04:59:57,897 - WARNING - BIIB data quality issues:
2025-07-26 04:59:57,898 - WARNING - - 3 potential outliers in Open prices
2025-07-26 04:59:57,899 - WARNING - - 4 potential outliers in High prices
2025-07-26 04:59:57,902 - WARNING - - 3 potential outliers in Low prices
2025-07-26 04:59:57,904 - WARNING - - 3 potential outliers in Close prices
2025-07-26 04:59:57,906 - INFO - Processing KDP (Consumer Staples)
2025-07-26 04:59:57,917 - INFO - Loaded existing data for KDP
2025-07-26 04:59:57,923 - INFO - Validated KDP data: 2651 rows
2025-07-26 04:59:57,925 - INFO - Processing KHC (Consumer Staples)
2025-07-26 04:59:57,933 - INFO - Loaded existing data for KHC
2025-07-26 04:59:57,941 - INFO - Validated KHC data: 2525 rows
2025-07-26 04:59:57,942 - INFO - Processing DXCM (Healthcare)
2025-07-26 04:59:57,950 - INFO - Loaded existing data for DXCM
2025-07-26 04:59:57,957 - INFO - Validated DXCM data: 2651 rows
2025-07-26 04:59:57,958 - INFO - Processing NXPI (Technology)
2025-07-26 04:59:57,967 - INFO - Loaded existing data for NXPI
2025-07-26 04:59:57,973 - INFO - Validated NXPI data: 2651 rows
2025-07-26 04:59:57,974 - INFO - Processing MCHP (Technology)
2025-07-26 04:59:57,983 - INFO - Loaded existing data for MCHP
2025-07-26 04:59:57,990 - INFO - Validated MCHP data: 2651 rows
2025-07-26 04:59:57,991 - INFO - Processing WDAY (Technology)
2025-07-26 04:59:57,999 - INFO - Loaded existing data for WDAY
2025-07-26 04:59:58,005 - INFO - Validated WDAY data: 2651 rows
2025-07-26 04:59:58,007 - INFO - Processing PCAR (Industrials)
2025-07-26 04:59:58,017 - INFO - Loaded existing data for PCAR
2025-07-26 04:59:58,025 - INFO - Validated PCAR data: 2651 rows
2025-07-26 04:59:58,027 - INFO - Processing ROST (Consumer Discretionary)
2025-07-26 04:59:58,037 - INFO - Loaded existing data for ROST
2025-07-26 04:59:58,042 - INFO - Validated ROST data: 2651 rows
2025-07-26 04:59:58,044 - INFO - Processing CPRT (Industrials)
2025-07-26 04:59:58,053 - INFO - Loaded existing data for CPRT
2025-07-26 04:59:58,060 - INFO - Validated CPRT data: 2651 rows
2025-07-26 04:59:58,062 - INFO - Processing SIRI (Communication Services)
2025-07-26 04:59:58,074 - INFO - Loaded existing data for SIRI
2025-07-26 04:59:58,081 - INFO - Validated SIRI data: 2651 rows
2025-07-26 04:59:58,082 - INFO - Processing EXC (Utilities)
2025-07-26 04:59:58,094 - INFO - Loaded existing data for EXC
2025-07-26 04:59:58,100 - INFO - Validated EXC data: 2651 rows
2025-07-26 04:59:58,101 - INFO - Processing AEP (Utilities)
2025-07-26 04:59:58,112 - INFO - Loaded existing data for AEP
2025-07-26 04:59:58,118 - INFO - Validated AEP data: 2651 rows
2025-07-26 04:59:58,121 - INFO - Processing VRSK (Technology)
2025-07-26 04:59:58,132 - INFO - Loaded existing data for VRSK
2025-07-26 04:59:58,137 - INFO - Validated VRSK data: 2651 rows
2025-07-26 04:59:58,139 - INFO - Processing FAST (Industrials)
2025-07-26 04:59:58,148 - INFO - Loaded existing data for FAST
2025-07-26 04:59:58,153 - INFO - Validated FAST data: 2651 rows
2025-07-26 04:59:58,154 - INFO - Processing DDOG (Technology)
2025-07-26 04:59:58,161 - INFO - Loaded existing data for DDOG
2025-07-26 04:59:58,166 - INFO - Validated DDOG data: 1465 rows
2025-07-26 04:59:58,166 - INFO - Processing ANSS (Technology)
2025-07-26 04:59:58,177 - INFO - Loaded existing data for ANSS
2025-07-26 04:59:58,182 - INFO - Validated ANSS data: 2650 rows
2025-07-26 04:59:58,184 - INFO - Processing DLTR (Consumer Discretionary)
2025-07-26 04:59:58,194 - INFO - Loaded existing data for DLTR
2025-07-26 04:59:58,202 - INFO - Validated DLTR data: 2651 rows
2025-07-26 04:59:58,204 - INFO - Processing CTSH (Technology)
2025-07-26 04:59:58,216 - INFO - Loaded existing data for CTSH
2025-07-26 04:59:58,224 - INFO - Validated CTSH data: 2651 rows
2025-07-26 04:59:58,225 - INFO - Processing WBD (Communication Services)
2025-07-26 04:59:58,238 - INFO - Loaded existing data for WBD
2025-07-26 04:59:58,246 - WARNING - WBD data quality issues:
2025-07-26 04:59:58,247 - WARNING - - 24 potential outliers in Open prices
2025-07-26 04:59:58,248 - WARNING - - 25 potential outliers in High prices
2025-07-26 04:59:58,250 - WARNING - - 24 potential outliers in Low prices
2025-07-26 04:59:58,251 - WARNING - - 24 potential outliers in Close prices
2025-07-26 04:59:58,254 - INFO - Processing FANG (Energy)
2025-07-26 04:59:58,264 - INFO - Loaded existing data for FANG
2025-07-26 04:59:58,269 - INFO - Validated FANG data: 2651 rows
2025-07-26 04:59:58,270 - INFO - Processing XEL (Utilities)
2025-07-26 04:59:58,278 - INFO - Loaded existing data for XEL
2025-07-26 04:59:58,283 - INFO - Validated XEL data: 2651 rows
2025-07-26 04:59:58,284 - INFO - Processing TEAM (Technology)
2025-07-26 04:59:58,292 - INFO - Loaded existing data for TEAM
2025-07-26 04:59:58,297 - WARNING - TEAM data quality issues:
2025-07-26 04:59:58,307 - WARNING - - 15 potential outliers in Open prices
2025-07-26 04:59:58,309 - WARNING - - 12 potential outliers in High prices
2025-07-26 04:59:58,310 - WARNING - - 16 potential outliers in Low prices
2025-07-26 04:59:58,311 - WARNING - - 13 potential outliers in Close prices
2025-07-26 04:59:58,312 - INFO - Processing ILMN (Healthcare)
2025-07-26 04:59:58,321 - INFO - Loaded existing data for ILMN
2025-07-26 04:59:58,327 - WARNING - ILMN data quality issues:
2025-07-26 04:59:58,328 - WARNING - - 1 potential outliers in High prices
2025-07-26 04:59:58,328 - INFO - Processing EA (Technology)
2025-07-26 04:59:58,338 - INFO - Loaded existing data for EA
2025-07-26 04:59:58,344 - INFO - Validated EA data: 2651 rows
2025-07-26 04:59:58,345 - INFO - Processing BKR (Energy)
2025-07-26 04:59:58,354 - INFO - Loaded existing data for BKR
2025-07-26 04:59:58,360 - WARNING - BKR data quality issues:
2025-07-26 04:59:58,361 - WARNING - - 1 potential outliers in Open prices
2025-07-26 04:59:58,363 - INFO - Processing ALGN (Healthcare)
2025-07-26 04:59:58,374 - INFO - Loaded existing data for ALGN
2025-07-26 04:59:58,380 - WARNING - ALGN data quality issues:
2025-07-26 04:59:58,381 - WARNING - - 1 potential outliers in Open prices
2025-07-26 04:59:58,382 - WARNING - - 4 potential outliers in Low prices
2025-07-26 04:59:58,383 - INFO - Processing EBAY (Consumer Discretionary)
2025-07-26 04:59:58,392 - INFO - Loaded existing data for EBAY
2025-07-26 04:59:58,399 - INFO - Validated EBAY data: 2651 rows
2025-07-26 04:59:58,400 - INFO - Processing ZS (Technology)
2025-07-26 04:59:58,410 - INFO - Loaded existing data for ZS
2025-07-26 04:59:58,415 - INFO - Validated ZS data: 1845 rows
2025-07-26 04:59:58,416 - INFO - Processing CRWD (Technology)
2025-07-26 04:59:58,424 - INFO - Loaded existing data for CRWD
2025-07-26 04:59:58,429 - INFO - Validated CRWD data: 1534 rows
2025-07-26 04:59:58,430 - INFO - Processing PYPL (Technology)
2025-07-26 04:59:58,439 - INFO - Loaded existing data for PYPL
2025-07-26 04:59:58,445 - WARNING - PYPL data quality issues:
2025-07-26 04:59:58,445 - WARNING - - 17 potential outliers in Open prices
2025-07-26 04:59:58,447 - WARNING - - 18 potential outliers in High prices
2025-07-26 04:59:58,447 - WARNING - - 25 potential outliers in Low prices
2025-07-26 04:59:58,449 - WARNING - - 22 potential outliers in Close prices
2025-07-26 04:59:58,450 - INFO - Processing CSX (Industrials)
2025-07-26 04:59:58,460 - INFO - Loaded existing data for CSX
2025-07-26 04:59:58,465 - INFO - Validated CSX data: 2651 rows
2025-07-26 04:59:58,467 - INFO - Processing ATVI (Technology)
2025-07-26 04:59:58,473 - INFO - Downloading data for ATVI (Technology)
2025-07-26 05:00:06,779 - ERROR - $ATVI: possibly delisted; no timezone found
2025-07-26 05:00:06,781 - ERROR - No data downloaded for ATVI
2025-07-26 05:00:06,786 - WARNING - Failed to download 1 tickers: ATVI
2025-07-26 05:00:06,787 - ERROR - Error processing ATVI: list indices must be integers or slices, not str
2025-07-26 05:00:06,788 - INFO - Processing ZM (Technology)
2025-07-26 05:00:06,800 - INFO - Loaded existing data for ZM
2025-07-26 05:00:06,808 - WARNING - ZM data quality issues:
2025-07-26 05:00:06,809 - WARNING - - 12 potential outliers in Open prices
2025-07-26 05:00:06,810 - WARNING - - 15 potential outliers in High prices
2025-07-26 05:00:06,811 - WARNING - - 12 potential outliers in Low prices
2025-07-26 05:00:06,813 - WARNING - - 12 potential outliers in Close prices
2025-07-26 05:00:06,816 - INFO - Processing MTCH (Technology)
2025-07-26 05:00:06,835 - INFO - Loaded existing data for MTCH
2025-07-26 05:00:06,847 - INFO - Validated MTCH data: 2651 rows
2025-07-26 05:00:06,854 - INFO - Processing ENPH (Technology)
2025-07-26 05:00:06,870 - INFO - Loaded existing data for ENPH
2025-07-26 05:00:06,884 - WARNING - ENPH data quality issues:
2025-07-26 05:00:06,888 - WARNING - - 3 potential outliers in Open prices
2025-07-26 05:00:06,890 - WARNING - - 3 potential outliers in High prices
2025-07-26 05:00:06,893 - WARNING - - 3 potential outliers in Low prices
2025-07-26 05:00:06,924 - WARNING - - 3 potential outliers in Close prices
2025-07-26 05:00:06,926 - INFO - Processing MRNA (Healthcare)
2025-07-26 05:00:06,937 - INFO - Loaded existing data for MRNA
2025-07-26 05:00:06,949 - WARNING - MRNA data quality issues:
2025-07-26 05:00:06,955 - WARNING - - 41 potential outliers in Open prices
2025-07-26 05:00:06,957 - WARNING - - 41 potential outliers in High prices
2025-07-26 05:00:06,960 - WARNING - - 40 potential outliers in Low prices
2025-07-26 05:00:06,962 - WARNING - - 42 potential outliers in Close prices
2025-07-26 05:00:06,965 - INFO - Processing OKTA (Technology)
2025-07-26 05:00:06,976 - INFO - Loaded existing data for OKTA
2025-07-26 05:00:06,991 - INFO - Validated OKTA data: 2081 rows
2025-07-26 05:00:06,996 - INFO - Processing DASH (Technology)
2025-07-26 05:00:07,009 - INFO - Loaded existing data for DASH
2025-07-26 05:00:07,029 - INFO - Validated DASH data: 1156 rows
2025-07-26 05:00:07,032 - INFO - Processing ROKU (Technology)
2025-07-26 05:00:07,043 - INFO - Loaded existing data for ROKU
2025-07-26 05:00:07,052 - WARNING - ROKU data quality issues:
2025-07-26 05:00:07,054 - WARNING - - 34 potential outliers in Open prices
2025-07-26 05:00:07,055 - WARNING - - 29 potential outliers in High prices
2025-07-26 05:00:07,057 - WARNING - - 35 potential outliers in Low prices
2025-07-26 05:00:07,058 - WARNING - - 31 potential outliers in Close prices
2025-07-26 05:00:07,060 - INFO - Processing TTD (Technology)
2025-07-26 05:00:07,069 - INFO - Loaded existing data for TTD
2025-07-26 05:00:07,076 - INFO - Validated TTD data: 2218 rows
2025-07-26 05:00:07,077 - INFO - Processing CVNA (Consumer Discretionary)
2025-07-26 05:00:07,086 - INFO - Loaded existing data for CVNA
2025-07-26 05:00:07,093 - INFO - Validated CVNA data: 2067 rows
2025-07-26 05:00:07,095 - INFO - Processing RBLX (Technology)
2025-07-26 05:00:07,102 - INFO - Loaded existing data for RBLX
2025-07-26 05:00:07,109 - WARNING - RBLX data quality issues:
2025-07-26 05:00:07,110 - WARNING - - 9 potential outliers in Open prices
2025-07-26 05:00:07,111 - WARNING - - 12 potential outliers in High prices
2025-07-26 05:00:07,113 - WARNING - - 8 potential outliers in Low prices
2025-07-26 05:00:07,114 - WARNING - - 10 potential outliers in Close prices
2025-07-26 05:00:07,116 - INFO - Processing DOCU (Technology)
2025-07-26 05:00:07,125 - INFO - Loaded existing data for DOCU
2025-07-26 05:00:07,131 - INFO - Validated DOCU data: 1816 rows
2025-07-26 05:00:07,134 - INFO - Processing SNAP (Technology )
2025-07-26 05:00:07,143 - INFO - Loaded existing data for SNAP
2025-07-26 05:00:07,149 - WARNING - SNAP data quality issues:
2025-07-26 05:00:07,151 - WARNING - - 56 potential outliers in Open prices
2025-07-26 05:00:07,152 - WARNING - - 54 potential outliers in High prices
2025-07-26 05:00:07,153 - WARNING - - 57 potential outliers in Low prices
2025-07-26 05:00:07,155 - WARNING - - 55 potential outliers in Close prices
2025-07-26 05:03:39,234 - INFO - Data collection configured for period: 2015-01-01 to 2025-07-26
2025-07-26 05:03:39,285 - INFO - Loaded 98 tickers from sector mapping
2025-07-26 05:03:39,449 - INFO - Loaded existing data for AAPL
2025-07-26 05:03:39,465 - ERROR - Error processing AAPL: Cannot compare tz-naive and tz-aware timestamps
2025-07-26 05:03:39,573 - INFO - Loaded existing data for MSFT
2025-07-26 05:03:39,583 - ERROR - Error processing MSFT: Cannot compare tz-naive and tz-aware timestamps
2025-07-26 05:03:39,667 - INFO - Loaded existing data for AMZN
2025-07-26 05:03:39,673 - ERROR - Error processing AMZN: Cannot compare tz-naive and tz-aware timestamps
2025-07-26 05:03:39,759 - INFO - Loaded existing data for NVDA
2025-07-26 05:03:39,764 - ERROR - Error processing NVDA: Cannot compare tz-naive and tz-aware timestamps
2025-07-26 05:03:39,850 - INFO - Loaded existing data for META
2025-07-26 05:03:39,854 - ERROR - Error processing META: Cannot compare tz-naive and tz-aware timestamps
2025-07-26 05:03:39,932 - INFO - Loaded existing data for GOOGL
2025-07-26 05:03:39,937 - ERROR - Error processing GOOGL: Cannot compare tz-naive and tz-aware timestamps
2025-07-26 05:03:40,034 - INFO - Loaded existing data for GOOG
2025-07-26 05:03:40,039 - ERROR - Error processing GOOG: Cannot compare tz-naive and tz-aware timestamps
2025-07-26 05:03:40,122 - INFO - Loaded existing data for TSLA
2025-07-26 05:03:40,130 - ERROR - Error processing TSLA: Cannot compare tz-naive and tz-aware timestamps
2025-07-26 05:03:40,216 - INFO - Loaded existing data for AVGO
2025-07-26 05:03:40,223 - ERROR - Error processing AVGO: Cannot compare tz-naive and tz-aware timestamps
2025-07-26 05:03:40,307 - INFO - Loaded existing data for PEP
2025-07-26 05:03:40,316 - ERROR - Error processing PEP: Cannot compare tz-naive and tz-aware timestamps
2025-07-26 05:03:40,412 - INFO - Loaded existing data for COST
2025-07-26 05:03:40,417 - ERROR - Error processing COST: Cannot compare tz-naive and tz-aware timestamps
2025-07-26 05:03:40,530 - INFO - Loaded existing data for CSCO
2025-07-26 05:03:40,536 - ERROR - Error processing CSCO: Cannot compare tz-naive and tz-aware timestamps
2025-07-26 05:03:40,631 - INFO - Loaded existing data for TMUS
2025-07-26 05:03:40,635 - ERROR - Error processing TMUS: Cannot compare tz-naive and tz-aware timestamps
2025-07-26 05:03:40,731 - INFO - Loaded existing data for ADBE
2025-07-26 05:03:40,735 - ERROR - Error processing ADBE: Cannot compare tz-naive and tz-aware timestamps
2025-07-26 05:03:40,824 - INFO - Loaded existing data for NFLX
2025-07-26 05:03:40,830 - ERROR - Error processing NFLX: Cannot compare tz-naive and tz-aware timestamps
2025-07-26 05:03:40,903 - INFO - Loaded existing data for CMCSA
2025-07-26 05:03:40,908 - ERROR - Error processing CMCSA: Cannot compare tz-naive and tz-aware timestamps
2025-07-26 05:03:40,974 - INFO - Loaded existing data for AMD
2025-07-26 05:03:40,981 - ERROR - Error processing AMD: Cannot compare tz-naive and tz-aware timestamps
2025-07-26 05:03:41,067 - INFO - Loaded existing data for TXN
2025-07-26 05:03:41,072 - ERROR - Error processing TXN: Cannot compare tz-naive and tz-aware timestamps
2025-07-26 05:03:41,159 - INFO - Loaded existing data for INTC
2025-07-26 05:03:41,164 - ERROR - Error processing INTC: Cannot compare tz-naive and tz-aware timestamps
2025-07-26 05:03:41,274 - INFO - Loaded existing data for QCOM
2025-07-26 05:03:41,283 - ERROR - Error processing QCOM: Cannot compare tz-naive and tz-aware timestamps
2025-07-26 05:03:41,375 - INFO - Loaded existing data for INTU
2025-07-26 05:03:41,382 - ERROR - Error processing INTU: Cannot compare tz-naive and tz-aware timestamps
2025-07-26 05:03:41,464 - INFO - Loaded existing data for AMGN
2025-07-26 05:03:41,470 - ERROR - Error processing AMGN: Cannot compare tz-naive and tz-aware timestamps
2025-07-26 05:03:41,552 - INFO - Loaded existing data for HON
2025-07-26 05:03:41,557 - ERROR - Error processing HON: Cannot compare tz-naive and tz-aware timestamps
2025-07-26 05:03:41,644 - INFO - Loaded existing data for AMAT
2025-07-26 05:03:41,648 - ERROR - Error processing AMAT: Cannot compare tz-naive and tz-aware timestamps
2025-07-26 05:03:41,709 - INFO - Loaded existing data for ISRG
2025-07-26 05:03:41,716 - ERROR - Error processing ISRG: Cannot compare tz-naive and tz-aware timestamps
2025-07-26 05:03:41,786 - INFO - Loaded existing data for SBUX
2025-07-26 05:03:41,791 - ERROR - Error processing SBUX: Cannot compare tz-naive and tz-aware timestamps
2025-07-26 05:03:41,868 - INFO - Loaded existing data for ADP
2025-07-26 05:03:41,872 - ERROR - Error processing ADP: Cannot compare tz-naive and tz-aware timestamps
2025-07-26 05:03:41,978 - INFO - Loaded existing data for MDLZ
2025-07-26 05:03:41,988 - ERROR - Error processing MDLZ: Cannot compare tz-naive and tz-aware timestamps
2025-07-26 05:03:42,113 - INFO - Loaded existing data for ADI
2025-07-26 05:03:42,118 - ERROR - Error processing ADI: Cannot compare tz-naive and tz-aware timestamps
2025-07-26 05:03:42,267 - INFO - Loaded existing data for BKNG
2025-07-26 05:03:42,274 - ERROR - Error processing BKNG: Cannot compare tz-naive and tz-aware timestamps
2025-07-26 05:03:42,435 - INFO - Loaded existing data for GILD
2025-07-26 05:03:42,442 - ERROR - Error processing GILD: Cannot compare tz-naive and tz-aware timestamps
2025-07-26 05:03:42,562 - INFO - Loaded existing data for REGN
2025-07-26 05:03:42,569 - ERROR - Error processing REGN: Cannot compare tz-naive and tz-aware timestamps
2025-07-26 05:03:42,682 - INFO - Loaded existing data for VRTX
2025-07-26 05:03:42,689 - ERROR - Error processing VRTX: Cannot compare tz-naive and tz-aware timestamps
2025-07-26 05:03:42,822 - INFO - Loaded existing data for PANW
2025-07-26 05:03:42,830 - ERROR - Error processing PANW: Cannot compare tz-naive and tz-aware timestamps
2025-07-26 05:03:42,949 - INFO - Loaded existing data for SNPS
2025-07-26 05:03:42,956 - ERROR - Error processing SNPS: Cannot compare tz-naive and tz-aware timestamps
2025-07-26 05:03:43,073 - INFO - Loaded existing data for CDNS
2025-07-26 05:03:43,079 - ERROR - Error processing CDNS: Cannot compare tz-naive and tz-aware timestamps
2025-07-26 05:03:43,200 - INFO - Loaded existing data for KLAC
2025-07-26 05:03:43,205 - ERROR - Error processing KLAC: Cannot compare tz-naive and tz-aware timestamps
2025-07-26 05:03:43,280 - INFO - Loaded existing data for MELI
2025-07-26 05:03:43,285 - ERROR - Error processing MELI: Cannot compare tz-naive and tz-aware timestamps
2025-07-26 05:03:43,399 - INFO - Loaded existing data for LRCX
2025-07-26 05:03:43,408 - ERROR - Error processing LRCX: Cannot compare tz-naive and tz-aware timestamps
2025-07-26 05:03:43,496 - INFO - Loaded existing data for MU
2025-07-26 05:03:43,502 - ERROR - Error processing MU: Cannot compare tz-naive and tz-aware timestamps
2025-07-26 05:03:43,572 - INFO - Loaded existing data for ASML
2025-07-26 05:03:43,578 - ERROR - Error processing ASML: Cannot compare tz-naive and tz-aware timestamps
2025-07-26 05:03:43,651 - INFO - Loaded existing data for CHTR
2025-07-26 05:03:43,656 - ERROR - Error processing CHTR: Cannot compare tz-naive and tz-aware timestamps
2025-07-26 05:03:43,720 - INFO - Loaded existing data for MAR
2025-07-26 05:03:43,724 - ERROR - Error processing MAR: Cannot compare tz-naive and tz-aware timestamps
2025-07-26 05:03:43,795 - INFO - Loaded existing data for ORLY
2025-07-26 05:03:43,801 - ERROR - Error processing ORLY: Cannot compare tz-naive and tz-aware timestamps
2025-07-26 05:03:43,894 - INFO - Loaded existing data for MNST
2025-07-26 05:03:43,900 - ERROR - Error processing MNST: Cannot compare tz-naive and tz-aware timestamps
2025-07-26 05:03:43,993 - INFO - Loaded existing data for FTNT
2025-07-26 05:03:43,999 - ERROR - Error processing FTNT: Cannot compare tz-naive and tz-aware timestamps
2025-07-26 05:03:44,083 - INFO - Loaded existing data for CTAS
2025-07-26 05:03:44,088 - ERROR - Error processing CTAS: Cannot compare tz-naive and tz-aware timestamps
2025-07-26 05:03:44,177 - INFO - Loaded existing data for PAYX
2025-07-26 05:03:44,184 - ERROR - Error processing PAYX: Cannot compare tz-naive and tz-aware timestamps
2025-07-26 05:03:44,275 - INFO - Loaded existing data for MRVL
2025-07-26 05:03:44,282 - ERROR - Error processing MRVL: Cannot compare tz-naive and tz-aware timestamps
2025-07-26 05:03:44,323 - INFO - Loaded existing data for ABNB
2025-07-26 05:03:44,329 - ERROR - Error processing ABNB: Cannot compare tz-naive and tz-aware timestamps
2025-07-26 05:03:44,418 - INFO - Loaded existing data for ADSK
2025-07-26 05:03:44,422 - ERROR - Error processing ADSK: Cannot compare tz-naive and tz-aware timestamps
2025-07-26 05:03:44,508 - INFO - Loaded existing data for ODFL
2025-07-26 05:03:44,515 - ERROR - Error processing ODFL: Cannot compare tz-naive and tz-aware timestamps
2025-07-26 05:03:44,602 - INFO - Loaded existing data for IDXX
2025-07-26 05:03:44,607 - ERROR - Error processing IDXX: Cannot compare tz-naive and tz-aware timestamps
2025-07-26 05:03:44,713 - INFO - Loaded existing data for BIIB
2025-07-26 05:03:44,720 - ERROR - Error processing BIIB: Cannot compare tz-naive and tz-aware timestamps
2025-07-26 05:03:44,828 - INFO - Loaded existing data for KDP
2025-07-26 05:03:44,835 - ERROR - Error processing KDP: Cannot compare tz-naive and tz-aware timestamps
2025-07-26 05:03:44,965 - INFO - Loaded existing data for KHC
2025-07-26 05:03:44,971 - ERROR - Error processing KHC: Cannot compare tz-naive and tz-aware timestamps
2025-07-26 05:03:45,094 - INFO - Loaded existing data for DXCM
2025-07-26 05:03:45,102 - ERROR - Error processing DXCM: Cannot compare tz-naive and tz-aware timestamps
2025-07-26 05:03:45,227 - INFO - Loaded existing data for NXPI
2025-07-26 05:03:45,233 - ERROR - Error processing NXPI: Cannot compare tz-naive and tz-aware timestamps
2025-07-26 05:03:45,351 - INFO - Loaded existing data for MCHP
2025-07-26 05:03:45,358 - ERROR - Error processing MCHP: Cannot compare tz-naive and tz-aware timestamps
2025-07-26 05:03:45,470 - INFO - Loaded existing data for WDAY
2025-07-26 05:03:45,477 - ERROR - Error processing WDAY: Cannot compare tz-naive and tz-aware timestamps
2025-07-26 05:03:45,598 - INFO - Loaded existing data for PCAR
2025-07-26 05:03:45,602 - ERROR - Error processing PCAR: Cannot compare tz-naive and tz-aware timestamps
2025-07-26 05:03:45,711 - INFO - Loaded existing data for ROST
2025-07-26 05:03:45,717 - ERROR - Error processing ROST: Cannot compare tz-naive and tz-aware timestamps
2025-07-26 05:03:45,816 - INFO - Loaded existing data for CPRT
2025-07-26 05:03:45,822 - ERROR - Error processing CPRT: Cannot compare tz-naive and tz-aware timestamps
2025-07-26 05:03:45,899 - INFO - Loaded existing data for SIRI
2025-07-26 05:03:45,904 - ERROR - Error processing SIRI: Cannot compare tz-naive and tz-aware timestamps
2025-07-26 05:03:45,986 - INFO - Loaded existing data for EXC
2025-07-26 05:03:45,990 - ERROR - Error processing EXC: Cannot compare tz-naive and tz-aware timestamps
2025-07-26 05:03:46,068 - INFO - Loaded existing data for AEP
2025-07-26 05:03:46,074 - ERROR - Error processing AEP: Cannot compare tz-naive and tz-aware timestamps
2025-07-26 05:03:46,155 - INFO - Loaded existing data for VRSK
2025-07-26 05:03:46,159 - ERROR - Error processing VRSK: Cannot compare tz-naive and tz-aware timestamps
2025-07-26 05:03:46,237 - INFO - Loaded existing data for FAST
2025-07-26 05:03:46,242 - ERROR - Error processing FAST: Cannot compare tz-naive and tz-aware timestamps
2025-07-26 05:03:46,294 - INFO - Loaded existing data for DDOG
2025-07-26 05:03:46,298 - ERROR - Error processing DDOG: Cannot compare tz-naive and tz-aware timestamps
2025-07-26 05:03:46,375 - INFO - Loaded existing data for ANSS
2025-07-26 05:03:46,381 - ERROR - Error processing ANSS: Cannot compare tz-naive and tz-aware timestamps
2025-07-26 05:03:46,465 - INFO - Loaded existing data for DLTR
2025-07-26 05:03:46,471 - ERROR - Error processing DLTR: Cannot compare tz-naive and tz-aware timestamps
2025-07-26 05:03:46,552 - INFO - Loaded existing data for CTSH
2025-07-26 05:03:46,558 - ERROR - Error processing CTSH: Cannot compare tz-naive and tz-aware timestamps
2025-07-26 05:03:46,657 - INFO - Loaded existing data for WBD
2025-07-26 05:03:46,665 - ERROR - Error processing WBD: Cannot compare tz-naive and tz-aware timestamps
2025-07-26 05:03:46,761 - INFO - Loaded existing data for FANG
2025-07-26 05:03:46,768 - ERROR - Error processing FANG: Cannot compare tz-naive and tz-aware timestamps
2025-07-26 05:03:46,861 - INFO - Loaded existing data for XEL
2025-07-26 05:03:46,867 - ERROR - Error processing XEL: Cannot compare tz-naive and tz-aware timestamps
2025-07-26 05:03:46,963 - INFO - Loaded existing data for TEAM
2025-07-26 05:03:46,968 - ERROR - Error processing TEAM: Cannot compare tz-naive and tz-aware timestamps
2025-07-26 05:03:47,066 - INFO - Loaded existing data for ILMN
2025-07-26 05:03:47,072 - ERROR - Error processing ILMN: Cannot compare tz-naive and tz-aware timestamps
2025-07-26 05:03:47,159 - INFO - Loaded existing data for EA
2025-07-26 05:03:47,164 - ERROR - Error processing EA: Cannot compare tz-naive and tz-aware timestamps
2025-07-26 05:03:47,260 - INFO - Loaded existing data for BKR
2025-07-26 05:03:47,266 - ERROR - Error processing BKR: Cannot compare tz-naive and tz-aware timestamps
2025-07-26 05:03:47,380 - INFO - Loaded existing data for ALGN
2025-07-26 05:03:47,387 - ERROR - Error processing ALGN: Cannot compare tz-naive and tz-aware timestamps
2025-07-26 05:03:47,525 - INFO - Loaded existing data for EBAY
2025-07-26 05:03:47,532 - ERROR - Error processing EBAY: Cannot compare tz-naive and tz-aware timestamps
2025-07-26 05:03:47,626 - INFO - Loaded existing data for ZS
2025-07-26 05:03:47,634 - ERROR - Error processing ZS: Cannot compare tz-naive and tz-aware timestamps
2025-07-26 05:03:47,710 - INFO - Loaded existing data for CRWD
2025-07-26 05:03:47,716 - ERROR - Error processing CRWD: Cannot compare tz-naive and tz-aware timestamps
2025-07-26 05:03:47,836 - INFO - Loaded existing data for PYPL
2025-07-26 05:03:47,850 - ERROR - Error processing PYPL: Cannot compare tz-naive and tz-aware timestamps
2025-07-26 05:03:47,971 - INFO - Loaded existing data for CSX
2025-07-26 05:03:47,979 - ERROR - Error processing CSX: Cannot compare tz-naive and tz-aware timestamps
2025-07-26 05:03:47,983 - INFO - Downloading data for ATVI (Technology)
2025-07-26 05:03:49,709 - ERROR - $ATVI: possibly delisted; no timezone found
2025-07-26 05:03:49,711 - ERROR - No data downloaded for ATVI
2025-07-26 05:03:49,779 - INFO - Loaded existing data for ZM
2025-07-26 05:03:49,785 - ERROR - Error processing ZM: Cannot compare tz-naive and tz-aware timestamps
2025-07-26 05:03:49,899 - INFO - Loaded existing data for MTCH
2025-07-26 05:03:49,904 - ERROR - Error processing MTCH: Cannot compare tz-naive and tz-aware timestamps
2025-07-26 05:03:50,019 - INFO - Loaded existing data for ENPH
2025-07-26 05:03:50,025 - ERROR - Error processing ENPH: Cannot compare tz-naive and tz-aware timestamps
2025-07-26 05:03:50,104 - INFO - Loaded existing data for MRNA
2025-07-26 05:03:50,110 - ERROR - Error processing MRNA: Cannot compare tz-naive and tz-aware timestamps
2025-07-26 05:03:50,191 - INFO - Loaded existing data for OKTA
2025-07-26 05:03:50,197 - ERROR - Error processing OKTA: Cannot compare tz-naive and tz-aware timestamps
2025-07-26 05:03:50,252 - INFO - Loaded existing data for DASH
2025-07-26 05:03:50,258 - ERROR - Error processing DASH: Cannot compare tz-naive and tz-aware timestamps
2025-07-26 05:03:50,332 - INFO - Loaded existing data for ROKU
2025-07-26 05:03:50,338 - ERROR - Error processing ROKU: Cannot compare tz-naive and tz-aware timestamps
2025-07-26 05:03:50,429 - INFO - Loaded existing data for TTD
2025-07-26 05:03:50,435 - ERROR - Error processing TTD: Cannot compare tz-naive and tz-aware timestamps
2025-07-26 05:03:50,526 - INFO - Loaded existing data for CVNA
2025-07-26 05:03:50,531 - ERROR - Error processing CVNA: Cannot compare tz-naive and tz-aware timestamps
2025-07-26 05:03:50,577 - INFO - Loaded existing data for RBLX
2025-07-26 05:03:50,582 - ERROR - Error processing RBLX: Cannot compare tz-naive and tz-aware timestamps
2025-07-26 05:03:50,664 - INFO - Loaded existing data for DOCU
2025-07-26 05:03:50,669 - ERROR - Error processing DOCU: Cannot compare tz-naive and tz-aware timestamps
2025-07-26 05:03:50,760 - INFO - Loaded existing data for SNAP
2025-07-26 05:03:50,766 - ERROR - Error processing SNAP: Cannot compare tz-naive and tz-aware timestamps
2025-07-26 05:06:46,545 - INFO - Data collection configured for period: 2015-01-01 to 2025-07-26
2025-07-26 05:06:46,632 - INFO - Loaded 98 tickers from sector mapping
2025-07-26 05:06:46,663 - ERROR - No quality statistics generated
2025-07-26 05:06:46,787 - ERROR - Error processing AAPL: Can only use .dt accessor with datetimelike values
2025-07-26 05:06:46,893 - ERROR - Error processing MSFT: Can only use .dt accessor with datetimelike values
2025-07-26 05:06:47,011 - ERROR - Error processing AMZN: Can only use .dt accessor with datetimelike values
2025-07-26 05:06:47,105 - ERROR - Error processing NVDA: Can only use .dt accessor with datetimelike values
2025-07-26 05:06:47,193 - ERROR - Error processing META: Can only use .dt accessor with datetimelike values
2025-07-26 05:06:47,269 - ERROR - Error processing GOOGL: Can only use .dt accessor with datetimelike values
2025-07-26 05:06:47,348 - ERROR - Error processing GOOG: Can only use .dt accessor with datetimelike values
2025-07-26 05:06:47,420 - ERROR - Error processing TSLA: Can only use .dt accessor with datetimelike values
2025-07-26 05:06:47,494 - ERROR - Error processing AVGO: Can only use .dt accessor with datetimelike values
2025-07-26 05:06:47,583 - ERROR - Error processing PEP: Can only use .dt accessor with datetimelike values
2025-07-26 05:06:47,659 - ERROR - Error processing COST: Can only use .dt accessor with datetimelike values
2025-07-26 05:06:47,773 - ERROR - Error processing CSCO: Can only use .dt accessor with datetimelike values
2025-07-26 05:06:47,889 - ERROR - Error processing TMUS: Can only use .dt accessor with datetimelike values
2025-07-26 05:06:48,107 - ERROR - Error processing ADBE: Can only use .dt accessor with datetimelike values
2025-07-26 05:06:48,211 - ERROR - Error processing NFLX: Can only use .dt accessor with datetimelike values
2025-07-26 05:06:48,287 - ERROR - Error processing CMCSA: Can only use .dt accessor with datetimelike values
2025-07-26 05:06:48,354 - ERROR - Error processing AMD: Can only use .dt accessor with datetimelike values
2025-07-26 05:06:48,440 - ERROR - Error processing TXN: Can only use .dt accessor with datetimelike values
2025-07-26 05:06:48,534 - ERROR - Error processing INTC: Can only use .dt accessor with datetimelike values
2025-07-26 05:06:48,609 - ERROR - Error processing QCOM: Can only use .dt accessor with datetimelike values
2025-07-26 05:06:48,703 - ERROR - Error processing INTU: Can only use .dt accessor with datetimelike values
2025-07-26 05:06:48,784 - ERROR - Error processing AMGN: Can only use .dt accessor with datetimelike values
2025-07-26 05:06:48,866 - ERROR - Error processing HON: Can only use .dt accessor with datetimelike values
2025-07-26 05:06:48,951 - ERROR - Error processing AMAT: Can only use .dt accessor with datetimelike values
2025-07-26 05:06:49,042 - ERROR - Error processing ISRG: Can only use .dt accessor with datetimelike values
2025-07-26 05:06:49,268 - ERROR - Error processing SBUX: Can only use .dt accessor with datetimelike values
2025-07-26 05:06:49,394 - ERROR - Error processing ADP: Can only use .dt accessor with datetimelike values
2025-07-26 05:06:49,520 - ERROR - Error processing MDLZ: Can only use .dt accessor with datetimelike values
2025-07-26 05:06:49,771 - ERROR - Error processing ADI: Can only use .dt accessor with datetimelike values
2025-07-26 05:06:49,895 - ERROR - Error processing BKNG: Can only use .dt accessor with datetimelike values
2025-07-26 05:06:49,985 - ERROR - Error processing GILD: Can only use .dt accessor with datetimelike values
2025-07-26 05:06:50,107 - ERROR - Error processing REGN: Can only use .dt accessor with datetimelike values
2025-07-26 05:06:50,234 - ERROR - Error processing VRTX: Can only use .dt accessor with datetimelike values
2025-07-26 05:06:50,354 - ERROR - Error processing PANW: Can only use .dt accessor with datetimelike values
2025-07-26 05:06:50,501 - ERROR - Error processing SNPS: Can only use .dt accessor with datetimelike values
2025-07-26 05:06:50,600 - ERROR - Error processing CDNS: Can only use .dt accessor with datetimelike values
2025-07-26 05:06:50,709 - ERROR - Error processing KLAC: Can only use .dt accessor with datetimelike values
2025-07-26 05:06:50,804 - ERROR - Error processing MELI: Can only use .dt accessor with datetimelike values
2025-07-26 05:06:51,026 - ERROR - Error processing LRCX: Can only use .dt accessor with datetimelike values
2025-07-26 05:06:51,171 - ERROR - Error processing MU: Can only use .dt accessor with datetimelike values
2025-07-26 05:06:51,251 - ERROR - Error processing ASML: Can only use .dt accessor with datetimelike values
2025-07-26 05:06:51,333 - ERROR - Error processing CHTR: Can only use .dt accessor with datetimelike values
2025-07-26 05:06:51,454 - ERROR - Error processing MAR: Can only use .dt accessor with datetimelike values
2025-07-26 05:06:51,556 - ERROR - Error processing ORLY: Can only use .dt accessor with datetimelike values
2025-07-26 05:06:51,652 - ERROR - Error processing MNST: Can only use .dt accessor with datetimelike values
2025-07-26 05:06:51,758 - ERROR - Error processing FTNT: Can only use .dt accessor with datetimelike values
2025-07-26 05:06:51,847 - ERROR - Error processing CTAS: Can only use .dt accessor with datetimelike values
2025-07-26 05:06:51,937 - ERROR - Error processing PAYX: Can only use .dt accessor with datetimelike values
2025-07-26 05:06:52,033 - ERROR - Error processing MRVL: Can only use .dt accessor with datetimelike values
2025-07-26 05:06:52,076 - ERROR - Error processing ABNB: Can only use .dt accessor with datetimelike values
2025-07-26 05:06:52,169 - ERROR - Error processing ADSK: Can only use .dt accessor with datetimelike values
2025-07-26 05:06:52,261 - ERROR - Error processing ODFL: Can only use .dt accessor with datetimelike values
2025-07-26 05:06:52,341 - ERROR - Error processing IDXX: Can only use .dt accessor with datetimelike values
2025-07-26 05:06:52,424 - ERROR - Error processing BIIB: Can only use .dt accessor with datetimelike values
2025-07-26 05:06:52,561 - ERROR - Error processing KDP: Can only use .dt accessor with datetimelike values
2025-07-26 05:06:52,688 - ERROR - Error processing KHC: Can only use .dt accessor with datetimelike values
2025-07-26 05:06:52,819 - ERROR - Error processing DXCM: Can only use .dt accessor with datetimelike values
2025-07-26 05:06:52,951 - ERROR - Error processing NXPI: Can only use .dt accessor with datetimelike values
2025-07-26 05:06:53,071 - ERROR - Error processing MCHP: Can only use .dt accessor with datetimelike values
2025-07-26 05:06:53,208 - ERROR - Error processing WDAY: Can only use .dt accessor with datetimelike values
2025-07-26 05:06:53,321 - ERROR - Error processing PCAR: Can only use .dt accessor with datetimelike values
2025-07-26 05:06:53,434 - ERROR - Error processing ROST: Can only use .dt accessor with datetimelike values
2025-07-26 05:06:53,552 - ERROR - Error processing CPRT: Can only use .dt accessor with datetimelike values
2025-07-26 05:06:53,646 - ERROR - Error processing SIRI: Can only use .dt accessor with datetimelike values
2025-07-26 05:06:53,752 - ERROR - Error processing EXC: Can only use .dt accessor with datetimelike values
2025-07-26 05:06:53,892 - ERROR - Error processing AEP: Can only use .dt accessor with datetimelike values
2025-07-26 05:06:54,028 - ERROR - Error processing VRSK: Can only use .dt accessor with datetimelike values
2025-07-26 05:06:54,228 - ERROR - Error processing FAST: Can only use .dt accessor with datetimelike values
2025-07-26 05:06:54,309 - ERROR - Error processing DDOG: Can only use .dt accessor with datetimelike values
2025-07-26 05:06:54,384 - ERROR - Error processing ANSS: Can only use .dt accessor with datetimelike values
2025-07-26 05:06:54,498 - ERROR - Error processing DLTR: Can only use .dt accessor with datetimelike values
2025-07-26 05:06:54,575 - ERROR - Error processing CTSH: Can only use .dt accessor with datetimelike values
2025-07-26 05:06:54,648 - ERROR - Error processing WBD: Can only use .dt accessor with datetimelike values
2025-07-26 05:06:54,745 - ERROR - Error processing FANG: Can only use .dt accessor with datetimelike values
2025-07-26 05:06:54,856 - ERROR - Error processing XEL: Can only use .dt accessor with datetimelike values
2025-07-26 05:06:54,938 - ERROR - Error processing TEAM: Can only use .dt accessor with datetimelike values
2025-07-26 05:06:55,029 - ERROR - Error processing ILMN: Can only use .dt accessor with datetimelike values
2025-07-26 05:06:55,130 - ERROR - Error processing EA: Can only use .dt accessor with datetimelike values
2025-07-26 05:06:55,216 - ERROR - Error processing BKR: Can only use .dt accessor with datetimelike values
2025-07-26 05:06:55,296 - ERROR - Error processing ALGN: Can only use .dt accessor with datetimelike values
2025-07-26 05:06:55,372 - ERROR - Error processing EBAY: Can only use .dt accessor with datetimelike values
2025-07-26 05:06:55,426 - ERROR - Error processing ZS: Can only use .dt accessor with datetimelike values
2025-07-26 05:06:55,506 - ERROR - Error processing CRWD: Can only use .dt accessor with datetimelike values
2025-07-26 05:06:55,638 - ERROR - Error processing PYPL: Can only use .dt accessor with datetimelike values
2025-07-26 05:06:55,781 - ERROR - Error processing CSX: Can only use .dt accessor with datetimelike values
2025-07-26 05:06:55,786 - INFO - Downloading data for ATVI (Technology)
2025-07-26 05:06:55,789 - ERROR - $ATVI: possibly delisted; no timezone found
2025-07-26 05:06:55,790 - ERROR - No data downloaded for ATVI
2025-07-26 05:06:55,873 - ERROR - Error processing ZM: Can only use .dt accessor with datetimelike values
2025-07-26 05:06:56,002 - ERROR - Error processing MTCH: Can only use .dt accessor with datetimelike values
2025-07-26 05:06:56,229 - ERROR - Error processing ENPH: Can only use .dt accessor with datetimelike values
2025-07-26 05:06:56,323 - ERROR - Error processing MRNA: Can only use .dt accessor with datetimelike values
2025-07-26 05:06:56,451 - ERROR - Error processing OKTA: Can only use .dt accessor with datetimelike values
2025-07-26 05:06:56,517 - ERROR - Error processing DASH: Can only use .dt accessor with datetimelike values
2025-07-26 05:06:56,596 - ERROR - Error processing ROKU: Can only use .dt accessor with datetimelike values
2025-07-26 05:06:56,706 - ERROR - Error processing TTD: Can only use .dt accessor with datetimelike values
2025-07-26 05:06:56,841 - ERROR - Error processing CVNA: Can only use .dt accessor with datetimelike values
2025-07-26 05:06:56,883 - ERROR - Error processing RBLX: Can only use .dt accessor with datetimelike values
2025-07-26 05:06:56,952 - ERROR - Error processing DOCU: Can only use .dt accessor with datetimelike values
2025-07-26 05:06:57,038 - ERROR - Error processing SNAP: Can only use .dt accessor with datetimelike values
