2025-07-26 07:38:00,115 - ERROR - Error loading data: 'Symbol'
2025-07-26 07:41:06,182 - INFO - Loaded 3 stocks across 1 sectors
2025-07-26 07:42:02,362 - INFO - Loaded 3 stocks across 1 sectors
2025-07-26 07:42:03,419 - INFO - Utilities: Sector oversold (<30 RSI) on: 2015-02-06, 2015-02-09, 2015-02-10
2025-07-26 07:42:03,421 - INFO - Utilities: Sector overbought (>70 RSI) on: 2015-01-22, 2015-01-23, 2015-01-26
2025-07-26 07:42:03,422 - INFO - Utilities: Current RSI distribution:
2025-07-26 07:42:03,423 - INFO - Utilities: - 0 stocks (0.0%) oversold
2025-07-26 07:42:03,425 - INFO - Utilities: - 1 stocks (33.3%) overbought
2025-07-26 07:42:05,457 - ERROR - Error plotting Utilities correlations: "['EMA_Short', 'EMA_Long', 'CCI', 'ADX', 'RS_Sector', 'RSI_Sector_Diff', 'Sector_Momentum'] not in index"
2025-07-26 07:43:47,337 - INFO - Loaded 108 stocks across 11 sectors
2025-07-26 07:43:50,073 - INFO - Communication Services: Sector oversold (<30 RSI) on: 2015-05-14, 2015-05-20, 2015-05-22
2025-07-26 07:43:50,076 - INFO - Communication Services: Sector overbought (>70 RSI) on: 2015-02-09, 2015-02-10, 2015-02-11
2025-07-26 07:43:50,077 - INFO - Communication Services: Current RSI distribution:
2025-07-26 07:43:50,079 - INFO - Communication Services: - 0 stocks (0.0%) oversold
2025-07-26 07:43:50,082 - INFO - Communication Services: - 1 stocks (16.7%) overbought
2025-07-26 07:43:52,395 - INFO - Consumer Discretionary: Sector oversold (<30 RSI) on: 2021-04-21, 2021-04-22, 2021-05-06
2025-07-26 07:43:52,397 - INFO - Consumer Discretionary: Sector overbought (>70 RSI) on: 2021-01-27, 2021-02-09, 2021-02-19
2025-07-26 07:43:52,398 - INFO - Consumer Discretionary: Current RSI distribution:
2025-07-26 07:43:52,400 - INFO - Consumer Discretionary: - 0 stocks (0.0%) oversold
2025-07-26 07:43:52,402 - INFO - Consumer Discretionary: - 0 stocks (0.0%) overbought
2025-07-26 07:43:54,653 - INFO - Consumer Staples: Sector oversold (<30 RSI) on: 2015-04-30, 2015-06-05, 2015-06-08
2025-07-26 07:43:54,657 - INFO - Consumer Staples: Sector overbought (>70 RSI) on: 2015-02-03, 2015-02-04, 2015-02-05
2025-07-26 07:43:54,659 - INFO - Consumer Staples: Current RSI distribution:
2025-07-26 07:43:54,664 - INFO - Consumer Staples: - 0 stocks (0.0%) oversold
2025-07-26 07:43:54,669 - INFO - Consumer Staples: - 1 stocks (16.7%) overbought
2025-07-26 07:43:56,690 - INFO - Energy: Sector oversold (<30 RSI) on: 2015-03-06, 2015-03-09, 2015-03-10
2025-07-26 07:43:56,694 - INFO - Energy: Sector overbought (>70 RSI) on: 2015-02-03, 2015-02-04, 2015-02-05
2025-07-26 07:43:56,697 - INFO - Energy: Current RSI distribution:
2025-07-26 07:43:56,699 - INFO - Energy: - 0 stocks (0.0%) oversold
2025-07-26 07:43:56,703 - INFO - Energy: - 0 stocks (0.0%) overbought
2025-07-26 07:43:58,621 - INFO - Financials: Sector oversold (<30 RSI) on: 2021-05-04, 2021-05-05, 2021-05-06
2025-07-26 07:43:58,624 - INFO - Financials: Sector overbought (>70 RSI) on: 2021-08-09, 2021-08-11, 2021-10-15
2025-07-26 07:43:58,626 - INFO - Financials: Current RSI distribution:
2025-07-26 07:43:58,628 - INFO - Financials: - 0 stocks (0.0%) oversold
2025-07-26 07:43:58,631 - INFO - Financials: - 0 stocks (0.0%) overbought
2025-07-26 07:44:01,369 - INFO - Healthcare: Sector oversold (<30 RSI) on: 2015-01-30, 2015-02-02, 2015-02-03
2025-07-26 07:44:01,371 - INFO - Healthcare: Sector overbought (>70 RSI) on: 2015-02-20, 2015-04-22, 2015-04-23
2025-07-26 07:44:01,376 - INFO - Healthcare: Current RSI distribution:
2025-07-26 07:44:01,381 - INFO - Healthcare: - 0 stocks (0.0%) oversold
2025-07-26 07:44:01,384 - INFO - Healthcare: - 0 stocks (0.0%) overbought
2025-07-26 07:44:03,235 - INFO - Industrials: Sector oversold (<30 RSI) on: 2015-04-28, 2015-04-29, 2015-04-30
2025-07-26 07:44:03,239 - INFO - Industrials: Sector overbought (>70 RSI) on: 2015-02-03, 2015-02-05, 2015-02-06
2025-07-26 07:44:03,241 - INFO - Industrials: Current RSI distribution:
2025-07-26 07:44:03,244 - INFO - Industrials: - 0 stocks (0.0%) oversold
2025-07-26 07:44:03,246 - INFO - Industrials: - 1 stocks (14.3%) overbought
2025-07-26 07:44:09,823 - INFO - Information Technology: Sector oversold (<30 RSI) on: 2015-03-13, 2015-06-16, 2015-06-17
2025-07-26 07:44:09,828 - INFO - Information Technology: Sector overbought (>70 RSI) on: 2015-02-05, 2015-02-06, 2015-02-09
2025-07-26 07:44:09,830 - INFO - Information Technology: Current RSI distribution:
2025-07-26 07:44:09,832 - INFO - Information Technology: - 0 stocks (0.0%) oversold
2025-07-26 07:44:09,834 - INFO - Information Technology: - 0 stocks (0.0%) overbought
2025-07-26 07:44:11,628 - INFO - Materials: Sector oversold (<30 RSI) on: 2015-06-30, 2015-07-06, 2015-07-07
2025-07-26 07:44:11,631 - INFO - Materials: Sector overbought (>70 RSI) on: 2015-02-05, 2015-02-17, 2015-02-18
2025-07-26 07:44:11,635 - INFO - Materials: Current RSI distribution:
2025-07-26 07:44:11,637 - INFO - Materials: - 0 stocks (0.0%) oversold
2025-07-26 07:44:11,638 - INFO - Materials: - 0 stocks (0.0%) overbought
2025-07-26 07:44:13,743 - INFO - Real Estate: Sector oversold (<30 RSI) on: 2015-08-05, 2015-08-06, 2015-08-07
2025-07-26 07:44:13,744 - INFO - Real Estate: Sector overbought (>70 RSI) on: 2015-02-03, 2015-02-04, 2015-02-05
2025-07-26 07:44:13,745 - INFO - Real Estate: Current RSI distribution:
2025-07-26 07:44:13,747 - INFO - Real Estate: - 0 stocks (0.0%) oversold
2025-07-26 07:44:13,749 - INFO - Real Estate: - 1 stocks (33.3%) overbought
2025-07-26 07:44:15,427 - INFO - Utilities: Sector oversold (<30 RSI) on: 2015-02-06, 2015-02-09, 2015-02-10
2025-07-26 07:44:15,431 - INFO - Utilities: Sector overbought (>70 RSI) on: 2015-01-22, 2015-01-23, 2015-01-26
2025-07-26 07:44:15,434 - INFO - Utilities: Current RSI distribution:
2025-07-26 07:44:15,436 - INFO - Utilities: - 0 stocks (0.0%) oversold
2025-07-26 07:44:15,440 - INFO - Utilities: - 1 stocks (33.3%) overbought
2025-07-26 07:44:33,974 - ERROR - Error plotting Communication Services correlations: "['EMA_Short', 'EMA_Long', 'CCI', 'ADX', 'RS_Sector', 'RSI_Sector_Diff', 'Sector_Momentum'] not in index"
2025-07-26 07:44:34,005 - ERROR - Error plotting Consumer Discretionary correlations: "['EMA_Short', 'EMA_Long', 'CCI', 'ADX', 'RS_Sector', 'RSI_Sector_Diff', 'Sector_Momentum'] not in index"
2025-07-26 07:44:34,027 - ERROR - Error plotting Consumer Staples correlations: "['EMA_Short', 'EMA_Long', 'CCI', 'ADX', 'RS_Sector', 'RSI_Sector_Diff', 'Sector_Momentum'] not in index"
2025-07-26 07:44:34,045 - ERROR - Error plotting Energy correlations: "['EMA_Short', 'EMA_Long', 'CCI', 'ADX', 'RS_Sector', 'RSI_Sector_Diff', 'Sector_Momentum'] not in index"
2025-07-26 07:44:34,062 - ERROR - Error plotting Financials correlations: "['EMA_Short', 'EMA_Long', 'CCI', 'ADX', 'RS_Sector', 'RSI_Sector_Diff', 'Sector_Momentum'] not in index"
2025-07-26 07:44:34,088 - ERROR - Error plotting Healthcare correlations: "['EMA_Short', 'EMA_Long', 'CCI', 'ADX', 'RS_Sector', 'RSI_Sector_Diff', 'Sector_Momentum'] not in index"
2025-07-26 07:44:34,108 - ERROR - Error plotting Industrials correlations: "['EMA_Short', 'EMA_Long', 'CCI', 'ADX', 'RS_Sector', 'RSI_Sector_Diff', 'Sector_Momentum'] not in index"
2025-07-26 07:44:34,151 - ERROR - Error plotting Information Technology correlations: "['EMA_Short', 'EMA_Long', 'CCI', 'ADX', 'RS_Sector', 'RSI_Sector_Diff', 'Sector_Momentum'] not in index"
2025-07-26 07:44:34,176 - ERROR - Error plotting Materials correlations: "['EMA_Short', 'EMA_Long', 'CCI', 'ADX', 'RS_Sector', 'RSI_Sector_Diff', 'Sector_Momentum'] not in index"
2025-07-26 07:44:34,196 - ERROR - Error plotting Real Estate correlations: "['EMA_Short', 'EMA_Long', 'CCI', 'ADX', 'RS_Sector', 'RSI_Sector_Diff', 'Sector_Momentum'] not in index"
2025-07-26 07:44:34,217 - ERROR - Error plotting Utilities correlations: "['EMA_Short', 'EMA_Long', 'CCI', 'ADX', 'RS_Sector', 'RSI_Sector_Diff', 'Sector_Momentum'] not in index"
2025-07-26 07:46:38,027 - INFO - Loaded 108 stocks across 11 sectors
2025-07-26 07:46:41,174 - INFO - Communication Services: Sector oversold (<30 RSI) on: 2015-05-14, 2015-05-20, 2015-05-22
2025-07-26 07:46:41,176 - INFO - Communication Services: Sector overbought (>70 RSI) on: 2015-02-09, 2015-02-10, 2015-02-11
2025-07-26 07:46:41,177 - INFO - Communication Services: Current RSI distribution:
2025-07-26 07:46:41,179 - INFO - Communication Services: - 0 stocks (0.0%) oversold
2025-07-26 07:46:41,180 - INFO - Communication Services: - 1 stocks (16.7%) overbought
2025-07-26 07:46:44,017 - INFO - Consumer Discretionary: Sector oversold (<30 RSI) on: 2021-04-21, 2021-04-22, 2021-05-06
2025-07-26 07:46:44,023 - INFO - Consumer Discretionary: Sector overbought (>70 RSI) on: 2021-01-27, 2021-02-09, 2021-02-19
2025-07-26 07:46:44,026 - INFO - Consumer Discretionary: Current RSI distribution:
2025-07-26 07:46:44,030 - INFO - Consumer Discretionary: - 0 stocks (0.0%) oversold
2025-07-26 07:46:44,036 - INFO - Consumer Discretionary: - 0 stocks (0.0%) overbought
2025-07-26 07:46:46,222 - INFO - Consumer Staples: Sector oversold (<30 RSI) on: 2015-04-30, 2015-06-05, 2015-06-08
2025-07-26 07:46:46,226 - INFO - Consumer Staples: Sector overbought (>70 RSI) on: 2015-02-03, 2015-02-04, 2015-02-05
2025-07-26 07:46:46,228 - INFO - Consumer Staples: Current RSI distribution:
2025-07-26 07:46:46,230 - INFO - Consumer Staples: - 0 stocks (0.0%) oversold
2025-07-26 07:46:46,231 - INFO - Consumer Staples: - 1 stocks (16.7%) overbought
2025-07-26 07:46:48,632 - INFO - Energy: Sector oversold (<30 RSI) on: 2015-03-06, 2015-03-09, 2015-03-10
2025-07-26 07:46:48,633 - INFO - Energy: Sector overbought (>70 RSI) on: 2015-02-03, 2015-02-04, 2015-02-05
2025-07-26 07:46:48,638 - INFO - Energy: Current RSI distribution:
2025-07-26 07:46:48,644 - INFO - Energy: - 0 stocks (0.0%) oversold
2025-07-26 07:46:48,647 - INFO - Energy: - 0 stocks (0.0%) overbought
2025-07-26 07:46:51,055 - INFO - Financials: Sector oversold (<30 RSI) on: 2021-05-04, 2021-05-05, 2021-05-06
2025-07-26 07:46:51,057 - INFO - Financials: Sector overbought (>70 RSI) on: 2021-08-09, 2021-08-11, 2021-10-15
2025-07-26 07:46:51,059 - INFO - Financials: Current RSI distribution:
2025-07-26 07:46:51,060 - INFO - Financials: - 0 stocks (0.0%) oversold
2025-07-26 07:46:51,062 - INFO - Financials: - 0 stocks (0.0%) overbought
2025-07-26 07:46:53,432 - INFO - Healthcare: Sector oversold (<30 RSI) on: 2015-01-30, 2015-02-02, 2015-02-03
2025-07-26 07:46:53,437 - INFO - Healthcare: Sector overbought (>70 RSI) on: 2015-02-20, 2015-04-22, 2015-04-23
2025-07-26 07:46:53,441 - INFO - Healthcare: Current RSI distribution:
2025-07-26 07:46:53,443 - INFO - Healthcare: - 0 stocks (0.0%) oversold
2025-07-26 07:46:53,445 - INFO - Healthcare: - 0 stocks (0.0%) overbought
2025-07-26 07:46:55,243 - INFO - Industrials: Sector oversold (<30 RSI) on: 2015-04-28, 2015-04-29, 2015-04-30
2025-07-26 07:46:55,244 - INFO - Industrials: Sector overbought (>70 RSI) on: 2015-02-03, 2015-02-05, 2015-02-06
2025-07-26 07:46:55,244 - INFO - Industrials: Current RSI distribution:
2025-07-26 07:46:55,246 - INFO - Industrials: - 0 stocks (0.0%) oversold
2025-07-26 07:46:55,247 - INFO - Industrials: - 1 stocks (14.3%) overbought
2025-07-26 07:46:59,887 - INFO - Information Technology: Sector oversold (<30 RSI) on: 2015-03-13, 2015-06-16, 2015-06-17
2025-07-26 07:46:59,888 - INFO - Information Technology: Sector overbought (>70 RSI) on: 2015-02-05, 2015-02-06, 2015-02-09
2025-07-26 07:46:59,889 - INFO - Information Technology: Current RSI distribution:
2025-07-26 07:46:59,889 - INFO - Information Technology: - 0 stocks (0.0%) oversold
2025-07-26 07:46:59,890 - INFO - Information Technology: - 0 stocks (0.0%) overbought
2025-07-26 07:47:01,665 - INFO - Materials: Sector oversold (<30 RSI) on: 2015-06-30, 2015-07-06, 2015-07-07
2025-07-26 07:47:01,668 - INFO - Materials: Sector overbought (>70 RSI) on: 2015-02-05, 2015-02-17, 2015-02-18
2025-07-26 07:47:01,672 - INFO - Materials: Current RSI distribution:
2025-07-26 07:47:01,673 - INFO - Materials: - 0 stocks (0.0%) oversold
2025-07-26 07:47:01,675 - INFO - Materials: - 0 stocks (0.0%) overbought
2025-07-26 07:47:03,378 - INFO - Real Estate: Sector oversold (<30 RSI) on: 2015-08-05, 2015-08-06, 2015-08-07
2025-07-26 07:47:03,380 - INFO - Real Estate: Sector overbought (>70 RSI) on: 2015-02-03, 2015-02-04, 2015-02-05
2025-07-26 07:47:03,382 - INFO - Real Estate: Current RSI distribution:
2025-07-26 07:47:03,385 - INFO - Real Estate: - 0 stocks (0.0%) oversold
2025-07-26 07:47:03,387 - INFO - Real Estate: - 1 stocks (33.3%) overbought
2025-07-26 07:47:05,567 - INFO - Utilities: Sector oversold (<30 RSI) on: 2015-02-06, 2015-02-09, 2015-02-10
2025-07-26 07:47:05,569 - INFO - Utilities: Sector overbought (>70 RSI) on: 2015-01-22, 2015-01-23, 2015-01-26
2025-07-26 07:47:05,572 - INFO - Utilities: Current RSI distribution:
2025-07-26 07:47:05,574 - INFO - Utilities: - 0 stocks (0.0%) oversold
2025-07-26 07:47:05,576 - INFO - Utilities: - 1 stocks (33.3%) overbought
