2025-07-26 22:34:38,304 - INFO - Configuration complete. Starting volatility analysis with enhanced risk metrics.
2025-07-26 22:34:38,375 - INFO - Found 11 sector ETF files
2025-07-26 22:34:38,440 - INFO - Processing XLB sector
2025-07-26 22:34:38,520 - ERROR - Error processing XLB: 'Adj Close'
2025-07-26 22:34:38,523 - INFO - Processing XLC sector
2025-07-26 22:34:38,565 - ERROR - Error processing XLC: 'Adj Close'
2025-07-26 22:34:38,569 - INFO - Processing XLE sector
2025-07-26 22:34:38,631 - ERROR - Error processing XLE: 'Adj Close'
2025-07-26 22:34:38,633 - INFO - Processing XLF sector
2025-07-26 22:34:38,690 - ERROR - Error processing XLF: 'Adj Close'
2025-07-26 22:34:38,695 - INFO - Processing XLI sector
2025-07-26 22:34:38,750 - ERROR - Error processing XLI: 'Adj Close'
2025-07-26 22:34:38,752 - INFO - Processing XLK sector
2025-07-26 22:34:38,807 - ERROR - Error processing XLK: 'Adj Close'
2025-07-26 22:34:38,812 - INFO - Processing XLP sector
2025-07-26 22:34:38,868 - ERROR - Error processing XLP: 'Adj Close'
2025-07-26 22:34:38,869 - INFO - Processing XLRE sector
2025-07-26 22:34:38,930 - ERROR - Error processing XLRE: 'Adj Close'
2025-07-26 22:34:38,935 - INFO - Processing XLU sector
2025-07-26 22:34:39,010 - ERROR - Error processing XLU: 'Adj Close'
2025-07-26 22:34:39,013 - INFO - Processing XLV sector
2025-07-26 22:34:39,080 - ERROR - Error processing XLV: 'Adj Close'
2025-07-26 22:34:39,084 - INFO - Processing XLY sector
2025-07-26 22:34:39,138 - ERROR - Error processing XLY: 'Adj Close'
2025-07-26 22:37:18,715 - INFO - Configuration complete. Starting volatility analysis with enhanced risk metrics.
2025-07-26 22:37:18,786 - INFO - Found 11 sector ETF files
2025-07-26 22:37:18,864 - INFO - Processing XLB sector
2025-07-26 22:40:50,094 - INFO - Saved results to ../data/volatility/XLB_garch.csv
2025-07-26 22:40:50,183 - ERROR - Error processing XLB: 'XLB'
2025-07-26 22:40:50,189 - INFO - Processing XLC sector
2025-07-26 22:43:07,641 - INFO - Saved results to ../data/volatility/XLC_garch.csv
2025-07-26 22:43:07,753 - ERROR - Error processing XLC: 'XLC'
2025-07-26 22:43:07,757 - INFO - Processing XLE sector
2025-07-26 22:45:05,160 - INFO - Saved results to ../data/volatility/XLE_garch.csv
2025-07-26 22:45:05,237 - ERROR - Error processing XLE: 'XLE'
2025-07-26 22:45:05,238 - INFO - Processing XLF sector
2025-07-26 22:46:43,674 - INFO - Saved results to ../data/volatility/XLF_garch.csv
2025-07-26 22:46:43,755 - ERROR - Error processing XLF: 'XLF'
2025-07-26 22:46:43,758 - INFO - Processing XLI sector
2025-07-26 22:48:29,807 - INFO - Saved results to ../data/volatility/XLI_garch.csv
2025-07-26 22:48:29,894 - ERROR - Error processing XLI: 'XLI'
2025-07-26 22:48:29,898 - INFO - Processing XLK sector
2025-07-26 22:50:15,067 - INFO - Saved results to ../data/volatility/XLK_garch.csv
2025-07-26 22:50:15,148 - ERROR - Error processing XLK: 'XLK'
2025-07-26 22:50:15,150 - INFO - Processing XLP sector
2025-07-26 22:51:59,148 - INFO - Saved results to ../data/volatility/XLP_garch.csv
2025-07-26 22:51:59,232 - ERROR - Error processing XLP: 'XLP'
2025-07-26 22:51:59,234 - INFO - Processing XLRE sector
2025-07-26 22:53:36,493 - INFO - Saved results to ../data/volatility/XLRE_garch.csv
2025-07-26 22:53:36,568 - ERROR - Error processing XLRE: 'XLRE'
2025-07-26 22:53:36,570 - INFO - Processing XLU sector
2025-07-26 22:55:22,044 - INFO - Saved results to ../data/volatility/XLU_garch.csv
2025-07-26 22:55:22,329 - ERROR - Error processing XLU: 'XLU'
2025-07-26 22:55:22,335 - INFO - Processing XLV sector
2025-07-26 22:57:09,631 - INFO - Saved results to ../data/volatility/XLV_garch.csv
2025-07-26 22:57:09,739 - ERROR - Error processing XLV: 'XLV'
2025-07-26 22:57:09,742 - INFO - Processing XLY sector
2025-07-26 22:58:52,013 - INFO - Saved results to ../data/volatility/XLY_garch.csv
2025-07-26 22:58:52,094 - ERROR - Error processing XLY: 'XLY'
