2025-07-26 23:02:17,317 - INFO - Configuration complete. Starting volatility analysis with enhanced risk metrics.
2025-07-26 23:02:17,359 - INFO - Found 11 sector ETF files
2025-07-26 23:02:17,404 - INFO - Processing XLB sector
2025-07-26 23:02:28,054 - INFO - Saved results to ../data/volatility/XLB_garch.csv
2025-07-26 23:02:28,212 - ERROR - Error processing XLB: 'XLB'
2025-07-26 23:02:28,215 - INFO - Processing XLC sector
2025-07-26 23:02:35,885 - INFO - Saved results to ../data/volatility/XLC_garch.csv
2025-07-26 23:02:35,999 - ERROR - Error processing XLC: 'XLC'
2025-07-26 23:02:36,002 - INFO - Processing XLE sector
2025-07-26 23:02:47,132 - INFO - Saved results to ../data/volatility/XLE_garch.csv
2025-07-26 23:02:47,275 - ERROR - Error processing XLE: 'XLE'
2025-07-26 23:02:47,281 - INFO - Processing XLF sector
2025-07-26 23:02:57,505 - INFO - Saved results to ../data/volatility/XLF_garch.csv
2025-07-26 23:02:57,644 - ERROR - Error processing XLF: 'XLF'
2025-07-26 23:02:57,646 - INFO - Processing XLI sector
2025-07-26 23:03:08,039 - INFO - Saved results to ../data/volatility/XLI_garch.csv
2025-07-26 23:03:08,198 - ERROR - Error processing XLI: 'XLI'
2025-07-26 23:03:08,201 - INFO - Processing XLK sector
2025-07-26 23:03:18,500 - INFO - Saved results to ../data/volatility/XLK_garch.csv
2025-07-26 23:03:18,823 - ERROR - Error processing XLK: 'XLK'
2025-07-26 23:03:18,825 - INFO - Processing XLP sector
2025-07-26 23:03:30,537 - INFO - Saved results to ../data/volatility/XLP_garch.csv
2025-07-26 23:03:30,655 - ERROR - Error processing XLP: 'XLP'
2025-07-26 23:03:30,658 - INFO - Processing XLRE sector
2025-07-26 23:03:40,921 - INFO - Saved results to ../data/volatility/XLRE_garch.csv
2025-07-26 23:03:41,068 - ERROR - Error processing XLRE: 'XLRE'
2025-07-26 23:03:41,071 - INFO - Processing XLU sector
2025-07-26 23:03:51,638 - INFO - Saved results to ../data/volatility/XLU_garch.csv
2025-07-26 23:03:51,778 - ERROR - Error processing XLU: 'XLU'
2025-07-26 23:03:51,780 - INFO - Processing XLV sector
2025-07-26 23:04:01,984 - INFO - Saved results to ../data/volatility/XLV_garch.csv
2025-07-26 23:04:02,137 - ERROR - Error processing XLV: 'XLV'
2025-07-26 23:04:02,140 - INFO - Processing XLY sector
2025-07-26 23:04:12,807 - INFO - Saved results to ../data/volatility/XLY_garch.csv
2025-07-26 23:04:12,956 - ERROR - Error processing XLY: 'XLY'
2025-07-26 23:04:16,125 - INFO - Enhanced volatility analysis complete
2025-07-26 23:08:16,109 - INFO - Configuration complete. Starting volatility analysis with enhanced risk metrics.
2025-07-26 23:08:16,152 - INFO - Found 11 sector ETF files
2025-07-26 23:08:16,202 - INFO - Processing XLB sector (Materials)
2025-07-26 23:08:27,019 - INFO - Saved results to ../data/volatility/XLB_garch.csv
2025-07-26 23:08:29,521 - INFO - Created volatility plot for Materials
2025-07-26 23:08:29,529 - INFO - Processing XLC sector (Communication Services)
2025-07-26 23:08:37,314 - INFO - Saved results to ../data/volatility/XLC_garch.csv
2025-07-26 23:08:37,400 - ERROR - Error creating plot for Communication Services: 'Communication Services'
2025-07-26 23:08:37,408 - INFO - Processing XLE sector (Energy)
2025-07-26 23:08:48,701 - INFO - Saved results to ../data/volatility/XLE_garch.csv
2025-07-26 23:08:51,058 - INFO - Created volatility plot for Energy
2025-07-26 23:08:51,064 - INFO - Processing XLF sector (Financials)
2025-07-26 23:09:02,217 - INFO - Saved results to ../data/volatility/XLF_garch.csv
2025-07-26 23:09:04,395 - INFO - Created volatility plot for Financials
2025-07-26 23:09:04,402 - INFO - Processing XLI sector (Industrials)
2025-07-26 23:09:15,083 - INFO - Saved results to ../data/volatility/XLI_garch.csv
2025-07-26 23:09:17,732 - INFO - Created volatility plot for Industrials
2025-07-26 23:09:17,740 - INFO - Processing XLK sector (Information Technology)
2025-07-26 23:09:28,133 - INFO - Saved results to ../data/volatility/XLK_garch.csv
2025-07-26 23:09:28,278 - ERROR - Error creating plot for Information Technology: 'Information Technology'
2025-07-26 23:09:28,284 - INFO - Processing XLP sector (Consumer Staples)
2025-07-26 23:09:39,258 - INFO - Saved results to ../data/volatility/XLP_garch.csv
2025-07-26 23:09:39,389 - ERROR - Error creating plot for Consumer Staples: 'Consumer Staples'
2025-07-26 23:09:39,395 - INFO - Processing XLRE sector (Real Estate)
2025-07-26 23:09:49,841 - INFO - Saved results to ../data/volatility/XLRE_garch.csv
2025-07-26 23:09:49,990 - ERROR - Error creating plot for Real Estate: 'Real Estate'
2025-07-26 23:09:49,996 - INFO - Processing XLU sector (Utilities)
2025-07-26 23:10:01,280 - INFO - Saved results to ../data/volatility/XLU_garch.csv
2025-07-26 23:10:03,533 - INFO - Created volatility plot for Utilities
2025-07-26 23:10:03,538 - INFO - Processing XLV sector (Healthcare)
2025-07-26 23:10:13,507 - INFO - Saved results to ../data/volatility/XLV_garch.csv
2025-07-26 23:10:15,945 - INFO - Created volatility plot for Healthcare
2025-07-26 23:10:15,950 - INFO - Processing XLY sector (Consumer Discretionary)
2025-07-26 23:10:27,076 - INFO - Saved results to ../data/volatility/XLY_garch.csv
2025-07-26 23:10:27,217 - ERROR - Error creating plot for Consumer Discretionary: 'Consumer Discretionary'
2025-07-26 23:10:30,159 - INFO - Enhanced volatility analysis complete
2025-07-26 23:15:10,016 - INFO - Configuration complete. Starting volatility analysis with enhanced risk metrics.
2025-07-26 23:15:10,068 - INFO - Found 11 sector ETF files
2025-07-26 23:15:10,116 - INFO - Processing XLB sector (Materials)
2025-07-26 23:15:21,340 - INFO - Saved results to ../data/volatility/XLB_garch.csv
2025-07-26 23:15:23,788 - INFO - Created volatility plot for Materials
2025-07-26 23:15:23,793 - INFO - Processing XLC sector (Communication Services)
2025-07-26 23:15:31,515 - INFO - Saved results to ../data/volatility/XLC_garch.csv
2025-07-26 23:15:31,612 - ERROR - Error creating plot for Communication Services: 'Communication Services'
2025-07-26 23:15:31,618 - INFO - Processing XLE sector (Energy)
2025-07-26 23:15:42,171 - INFO - Saved results to ../data/volatility/XLE_garch.csv
2025-07-26 23:15:44,428 - INFO - Created volatility plot for Energy
2025-07-26 23:15:44,434 - INFO - Processing XLF sector (Financials)
2025-07-26 23:15:55,532 - INFO - Saved results to ../data/volatility/XLF_garch.csv
2025-07-26 23:15:58,033 - INFO - Created volatility plot for Financials
2025-07-26 23:15:58,040 - INFO - Processing XLI sector (Industrials)
2025-07-26 23:16:08,715 - INFO - Saved results to ../data/volatility/XLI_garch.csv
2025-07-26 23:16:11,147 - INFO - Created volatility plot for Industrials
2025-07-26 23:16:11,155 - INFO - Processing XLK sector (Information Technology)
2025-07-26 23:16:22,054 - INFO - Saved results to ../data/volatility/XLK_garch.csv
2025-07-26 23:16:22,194 - ERROR - Error creating plot for Information Technology: 'Information Technology'
2025-07-26 23:16:22,202 - INFO - Processing XLP sector (Consumer Staples)
2025-07-26 23:16:33,507 - INFO - Saved results to ../data/volatility/XLP_garch.csv
2025-07-26 23:16:33,643 - ERROR - Error creating plot for Consumer Staples: 'Consumer Staples'
2025-07-26 23:16:33,651 - INFO - Processing XLRE sector (Real Estate)
2025-07-26 23:16:43,562 - INFO - Saved results to ../data/volatility/XLRE_garch.csv
2025-07-26 23:16:43,697 - ERROR - Error creating plot for Real Estate: 'Real Estate'
2025-07-26 23:16:43,702 - INFO - Processing XLU sector (Utilities)
2025-07-26 23:16:55,441 - INFO - Saved results to ../data/volatility/XLU_garch.csv
2025-07-26 23:16:59,311 - INFO - Created volatility plot for Utilities
2025-07-26 23:16:59,327 - INFO - Processing XLV sector (Healthcare)
2025-07-26 23:17:21,271 - INFO - Saved results to ../data/volatility/XLV_garch.csv
2025-07-26 23:17:26,147 - INFO - Created volatility plot for Healthcare
2025-07-26 23:17:26,163 - INFO - Processing XLY sector (Consumer Discretionary)
2025-07-26 23:17:47,195 - INFO - Saved results to ../data/volatility/XLY_garch.csv
2025-07-26 23:17:47,332 - ERROR - Error creating plot for Consumer Discretionary: 'Consumer Discretionary'
2025-07-26 23:17:51,006 - INFO - Enhanced volatility analysis complete
2025-07-26 23:20:36,058 - INFO - Configuration complete. Starting volatility analysis with enhanced risk metrics.
2025-07-26 23:20:36,120 - INFO - Found 11 sector ETF files
2025-07-26 23:20:36,172 - INFO - Processing XLB sector (Materials)
2025-07-26 23:20:46,856 - INFO - Saved results to ../data/volatility/XLB_garch.csv
2025-07-26 23:20:49,351 - INFO - Created volatility plot for Materials
2025-07-26 23:20:49,361 - INFO - Processing XLC sector (Communication Services)
2025-07-26 23:20:56,697 - INFO - Saved results to ../data/volatility/XLC_garch.csv
2025-07-26 23:20:58,598 - INFO - Created volatility plot for Communication Services
2025-07-26 23:20:58,604 - INFO - Processing XLE sector (Energy)
2025-07-26 23:21:10,106 - INFO - Saved results to ../data/volatility/XLE_garch.csv
2025-07-26 23:21:12,386 - INFO - Created volatility plot for Energy
2025-07-26 23:21:12,392 - INFO - Processing XLF sector (Financials)
2025-07-26 23:21:24,270 - INFO - Saved results to ../data/volatility/XLF_garch.csv
2025-07-26 23:21:26,339 - INFO - Created volatility plot for Financials
2025-07-26 23:21:26,346 - INFO - Processing XLI sector (Industrials)
2025-07-26 23:21:36,728 - INFO - Saved results to ../data/volatility/XLI_garch.csv
2025-07-26 23:21:38,700 - INFO - Created volatility plot for Industrials
2025-07-26 23:21:38,707 - INFO - Processing XLK sector (Information Technology)
2025-07-26 23:21:49,112 - INFO - Saved results to ../data/volatility/XLK_garch.csv
2025-07-26 23:21:51,542 - INFO - Created volatility plot for Information Technology
2025-07-26 23:21:51,549 - INFO - Processing XLP sector (Consumer Staples)
2025-07-26 23:22:03,408 - INFO - Saved results to ../data/volatility/XLP_garch.csv
2025-07-26 23:22:05,993 - INFO - Created volatility plot for Consumer Staples
2025-07-26 23:22:06,000 - INFO - Processing XLRE sector (Real Estate)
2025-07-26 23:22:16,201 - INFO - Saved results to ../data/volatility/XLRE_garch.csv
2025-07-26 23:22:18,596 - INFO - Created volatility plot for Real Estate
2025-07-26 23:22:18,603 - INFO - Processing XLU sector (Utilities)
2025-07-26 23:22:30,410 - INFO - Saved results to ../data/volatility/XLU_garch.csv
2025-07-26 23:22:32,294 - INFO - Created volatility plot for Utilities
2025-07-26 23:22:32,300 - INFO - Processing XLV sector (Healthcare)
2025-07-26 23:22:42,577 - INFO - Saved results to ../data/volatility/XLV_garch.csv
2025-07-26 23:22:45,225 - INFO - Created volatility plot for Healthcare
2025-07-26 23:22:45,229 - INFO - Processing XLY sector (Consumer Discretionary)
2025-07-26 23:22:56,873 - INFO - Saved results to ../data/volatility/XLY_garch.csv
2025-07-26 23:22:58,970 - INFO - Created volatility plot for Consumer Discretionary
2025-07-26 23:23:02,553 - INFO - Enhanced volatility analysis complete
